This file contains any messages produced by compilers while
running configure, to aid debugging if configure makes a mistake.

It was created by libdvdread configure 6.0.0, which was
generated by GNU Autoconf 2.69.  Invocation command line was

  $ /home/eddie/Documents/kodi-build/build/libdvd/src/dvdread/configure --target=x86_64-linux --host=x86_64-linux --enable-static --disable-shared --with-pic --prefix=/home/eddie/Documents/kodi-build/build/libdvd --libdir=/home/eddie/Documents/kodi-build/build/libdvd/lib CC=/usr/bin/cc CFLAGS=-DPLATFORM_SETTINGS_FILE=x11.xml -Wall -D_XBMC -I/home/eddie/Documents/kodi-build/build/libdvd/include -DHAVE_DVDCSS_DVDCSS_H LDFLAGS=

## --------- ##
## Platform. ##
## --------- ##

hostname = EVPC
uname -m = x86_64
uname -r = 4.15.0-42-generic
uname -s = Linux
uname -v = #45-Ubuntu SMP Thu Nov 15 19:32:57 UTC 2018

/usr/bin/uname -p = unknown
/bin/uname -X     = unknown

/bin/arch              = unknown
/usr/bin/arch -k       = unknown
/usr/convex/getsysinfo = unknown
/usr/bin/hostinfo      = unknown
/bin/machine           = unknown
/usr/bin/oslevel       = unknown
/bin/universe          = unknown

PATH: /home/eddie/bin
PATH: /home/eddie/.local/bin
PATH: /usr/local/sbin
PATH: /usr/local/bin
PATH: /usr/sbin
PATH: /usr/bin
PATH: /sbin
PATH: /bin
PATH: /usr/games
PATH: /usr/local/games
PATH: /snap/bin


## ----------- ##
## Core tests. ##
## ----------- ##

configure:2300: checking build system type
configure:2314: result: x86_64-pc-linux-gnu
configure:2334: checking host system type
configure:2347: result: x86_64-pc-linux-gnu
configure:2384: checking for a BSD-compatible install
configure:2452: result: /usr/bin/install -c
configure:2463: checking whether build environment is sane
configure:2518: result: yes
configure:2577: checking for x86_64-linux-strip
configure:2607: result: no
configure:2617: checking for strip
configure:2633: found /usr/bin/strip
configure:2644: result: strip
configure:2669: checking for a thread-safe mkdir -p
configure:2708: result: /bin/mkdir -p
configure:2715: checking for gawk
configure:2731: found /usr/bin/gawk
configure:2742: result: gawk
configure:2753: checking whether make sets $(MAKE)
configure:2775: result: yes
configure:2804: checking whether make supports nested variables
configure:2821: result: yes
configure:2948: checking whether to enable maintainer-specific portions of Makefiles
configure:2957: result: yes
configure:2981: checking whether make supports nested variables
configure:2998: result: yes
configure:3056: checking how to print strings
configure:3083: result: printf
configure:3116: checking for style of include used by make
configure:3144: result: GNU
configure:3175: checking for x86_64-linux-gcc
configure:3202: result: /usr/bin/cc
configure:3471: checking for C compiler version
configure:3480: /usr/bin/cc --version >&5
cc (Ubuntu 7.3.0-27ubuntu1~18.04) 7.3.0
Copyright (C) 2017 Free Software Foundation, Inc.
This is free software; see the source for copying conditions.  There is NO
warranty; not even for MERCHANTABILITY or FITNESS FOR A PARTICULAR PURPOSE.

configure:3491: $? = 0
configure:3480: /usr/bin/cc -v >&5
Using built-in specs.
COLLECT_GCC=/usr/bin/cc
COLLECT_LTO_WRAPPER=/usr/lib/gcc/x86_64-linux-gnu/7/lto-wrapper
OFFLOAD_TARGET_NAMES=nvptx-none
OFFLOAD_TARGET_DEFAULT=1
Target: x86_64-linux-gnu
Configured with: ../src/configure -v --with-pkgversion='Ubuntu 7.3.0-27ubuntu1~18.04' --with-bugurl=file:///usr/share/doc/gcc-7/README.Bugs --enable-languages=c,ada,c++,go,brig,d,fortran,objc,obj-c++ --prefix=/usr --with-gcc-major-version-only --program-suffix=-7 --program-prefix=x86_64-linux-gnu- --enable-shared --enable-linker-build-id --libexecdir=/usr/lib --without-included-gettext --enable-threads=posix --libdir=/usr/lib --enable-nls --with-sysroot=/ --enable-clocale=gnu --enable-libstdcxx-debug --enable-libstdcxx-time=yes --with-default-libstdcxx-abi=new --enable-gnu-unique-object --disable-vtable-verify --enable-libmpx --enable-plugin --enable-default-pie --with-system-zlib --with-target-system-zlib --enable-objc-gc=auto --enable-multiarch --disable-werror --with-arch-32=i686 --with-abi=m64 --with-multilib-list=m32,m64,mx32 --enable-multilib --with-tune=generic --enable-offload-targets=nvptx-none --without-cuda-driver --enable-checking=release --build=x86_64-linux-gnu --host=x86_64-linux-gnu --target=x86_64-linux-gnu
Thread model: posix
gcc version 7.3.0 (Ubuntu 7.3.0-27ubuntu1~18.04) 
configure:3491: $? = 0
configure:3480: /usr/bin/cc -V >&5
cc: error: unrecognized command line option '-V'
cc: fatal error: no input files
compilation terminated.
configure:3491: $? = 1
configure:3480: /usr/bin/cc -qversion >&5
cc: error: unrecognized command line option '-qversion'; did you mean '--version'?
cc: fatal error: no input files
compilation terminated.
configure:3491: $? = 1
configure:3511: checking whether the C compiler works
configure:3533: /usr/bin/cc -DPLATFORM_SETTINGS_FILE=x11.xml -Wall -D_XBMC -I/home/eddie/Documents/kodi-build/build/libdvd/include -DHAVE_DVDCSS_DVDCSS_H   conftest.c  >&5
configure:3537: $? = 0
configure:3585: result: yes
configure:3588: checking for C compiler default output file name
configure:3590: result: a.out
configure:3596: checking for suffix of executables
configure:3603: /usr/bin/cc -o conftest -DPLATFORM_SETTINGS_FILE=x11.xml -Wall -D_XBMC -I/home/eddie/Documents/kodi-build/build/libdvd/include -DHAVE_DVDCSS_DVDCSS_H   conftest.c  >&5
configure:3607: $? = 0
configure:3629: result: 
configure:3651: checking whether we are cross compiling
configure:3659: /usr/bin/cc -o conftest -DPLATFORM_SETTINGS_FILE=x11.xml -Wall -D_XBMC -I/home/eddie/Documents/kodi-build/build/libdvd/include -DHAVE_DVDCSS_DVDCSS_H   conftest.c  >&5
configure:3663: $? = 0
configure:3670: ./conftest
configure:3674: $? = 0
configure:3689: result: no
configure:3694: checking for suffix of object files
configure:3716: /usr/bin/cc -c -DPLATFORM_SETTINGS_FILE=x11.xml -Wall -D_XBMC -I/home/eddie/Documents/kodi-build/build/libdvd/include -DHAVE_DVDCSS_DVDCSS_H  conftest.c >&5
configure:3720: $? = 0
configure:3741: result: o
configure:3745: checking whether we are using the GNU C compiler
configure:3764: /usr/bin/cc -c -DPLATFORM_SETTINGS_FILE=x11.xml -Wall -D_XBMC -I/home/eddie/Documents/kodi-build/build/libdvd/include -DHAVE_DVDCSS_DVDCSS_H  conftest.c >&5
configure:3764: $? = 0
configure:3773: result: yes
configure:3782: checking whether /usr/bin/cc accepts -g
configure:3802: /usr/bin/cc -c -g  conftest.c >&5
configure:3802: $? = 0
configure:3843: result: yes
configure:3860: checking for /usr/bin/cc option to accept ISO C89
configure:3923: /usr/bin/cc  -c -DPLATFORM_SETTINGS_FILE=x11.xml -Wall -D_XBMC -I/home/eddie/Documents/kodi-build/build/libdvd/include -DHAVE_DVDCSS_DVDCSS_H  conftest.c >&5
configure:3923: $? = 0
configure:3936: result: none needed
configure:3961: checking whether /usr/bin/cc understands -c and -o together
configure:3983: /usr/bin/cc -c conftest.c -o conftest2.o
configure:3986: $? = 0
configure:3983: /usr/bin/cc -c conftest.c -o conftest2.o
configure:3986: $? = 0
configure:3998: result: yes
configure:4017: checking dependency style of /usr/bin/cc
configure:4128: result: gcc3
configure:4143: checking for a sed that does not truncate output
configure:4207: result: /bin/sed
configure:4225: checking for grep that handles long lines and -e
configure:4283: result: /bin/grep
configure:4288: checking for egrep
configure:4350: result: /bin/grep -E
configure:4355: checking for fgrep
configure:4417: result: /bin/grep -F
configure:4452: checking for ld used by /usr/bin/cc
configure:4519: result: /usr/bin/ld
configure:4526: checking if the linker (/usr/bin/ld) is GNU ld
configure:4541: result: yes
configure:4553: checking for BSD- or MS-compatible name lister (nm)
configure:4607: result: /usr/bin/nm -B
configure:4737: checking the name lister (/usr/bin/nm -B) interface
configure:4744: /usr/bin/cc -c -DPLATFORM_SETTINGS_FILE=x11.xml -Wall -D_XBMC -I/home/eddie/Documents/kodi-build/build/libdvd/include -DHAVE_DVDCSS_DVDCSS_H  conftest.c >&5
configure:4747: /usr/bin/nm -B "conftest.o"
configure:4750: output
0000000000000000 B some_variable
configure:4757: result: BSD nm
configure:4760: checking whether ln -s works
configure:4764: result: yes
configure:4772: checking the maximum length of command line arguments
configure:4903: result: 1572864
configure:4951: checking how to convert x86_64-pc-linux-gnu file names to x86_64-pc-linux-gnu format
configure:4991: result: func_convert_file_noop
configure:4998: checking how to convert x86_64-pc-linux-gnu file names to toolchain format
configure:5018: result: func_convert_file_noop
configure:5025: checking for /usr/bin/ld option to reload object files
configure:5032: result: -r
configure:5066: checking for x86_64-linux-objdump
configure:5096: result: no
configure:5106: checking for objdump
configure:5122: found /usr/bin/objdump
configure:5133: result: objdump
configure:5165: checking how to recognize dependent libraries
configure:5365: result: pass_all
configure:5410: checking for x86_64-linux-dlltool
configure:5440: result: no
configure:5450: checking for dlltool
configure:5480: result: no
configure:5510: checking how to associate runtime and link libraries
configure:5537: result: printf %s\n
configure:5554: checking for x86_64-linux-ar
configure:5584: result: no
configure:5598: checking for ar
configure:5614: found /usr/bin/ar
configure:5625: result: ar
configure:5662: checking for archiver @FILE support
configure:5679: /usr/bin/cc -c -DPLATFORM_SETTINGS_FILE=x11.xml -Wall -D_XBMC -I/home/eddie/Documents/kodi-build/build/libdvd/include -DHAVE_DVDCSS_DVDCSS_H  conftest.c >&5
configure:5679: $? = 0
configure:5682: ar cru libconftest.a @conftest.lst >&5
ar: `u' modifier ignored since `D' is the default (see `U')
configure:5685: $? = 0
configure:5690: ar cru libconftest.a @conftest.lst >&5
ar: `u' modifier ignored since `D' is the default (see `U')
ar: conftest.o: No such file or directory
configure:5693: $? = 1
configure:5705: result: @
configure:5723: checking for x86_64-linux-strip
configure:5750: result: strip
configure:5822: checking for x86_64-linux-ranlib
configure:5852: result: no
configure:5862: checking for ranlib
configure:5878: found /usr/bin/ranlib
configure:5889: result: ranlib
configure:5991: checking command to parse /usr/bin/nm -B output from /usr/bin/cc object
configure:6144: /usr/bin/cc -c -DPLATFORM_SETTINGS_FILE=x11.xml -Wall -D_XBMC -I/home/eddie/Documents/kodi-build/build/libdvd/include -DHAVE_DVDCSS_DVDCSS_H  conftest.c >&5
configure:6147: $? = 0
configure:6151: /usr/bin/nm -B conftest.o \| sed -n -e 's/^.*[ ]\([ABCDGIRSTW][ABCDGIRSTW]*\)[ ][ ]*\([_A-Za-z][_A-Za-z0-9]*\)$/\1 \2 \2/p' | sed '/ __gnu_lto/d' \> conftest.nm
configure:6154: $? = 0
configure:6220: /usr/bin/cc -o conftest -DPLATFORM_SETTINGS_FILE=x11.xml -Wall -D_XBMC -I/home/eddie/Documents/kodi-build/build/libdvd/include -DHAVE_DVDCSS_DVDCSS_H   conftest.c conftstm.o >&5
configure:6223: $? = 0
configure:6261: result: ok
configure:6308: checking for sysroot
configure:6338: result: no
configure:6345: checking for a working dd
configure:6383: result: /bin/dd
configure:6387: checking how to truncate binary pipes
configure:6402: result: /bin/dd bs=4096 count=1
configure:6538: /usr/bin/cc -c -DPLATFORM_SETTINGS_FILE=x11.xml -Wall -D_XBMC -I/home/eddie/Documents/kodi-build/build/libdvd/include -DHAVE_DVDCSS_DVDCSS_H  conftest.c >&5
configure:6541: $? = 0
configure:6691: checking for x86_64-linux-mt
configure:6721: result: no
configure:6731: checking for mt
configure:6747: found /bin/mt
configure:6758: result: mt
configure:6781: checking if mt is a manifest tool
configure:6787: mt '-?'
configure:6795: result: no
configure:7472: checking how to run the C preprocessor
configure:7503: /usr/bin/cc -E  conftest.c
configure:7503: $? = 0
configure:7517: /usr/bin/cc -E  conftest.c
conftest.c:11:10: fatal error: ac_nonexistent.h: No such file or directory
 #include <ac_nonexistent.h>
          ^~~~~~~~~~~~~~~~~~
compilation terminated.
configure:7517: $? = 1
configure: failed program was:
| /* confdefs.h */
| #define PACKAGE_NAME "libdvdread"
| #define PACKAGE_TARNAME "libdvdread"
| #define PACKAGE_VERSION "6.0.0"
| #define PACKAGE_STRING "libdvdread 6.0.0"
| #define PACKAGE_BUGREPORT ""
| #define PACKAGE_URL ""
| #define PACKAGE "libdvdread"
| #define VERSION "6.0.0"
| /* end confdefs.h.  */
| #include <ac_nonexistent.h>
configure:7542: result: /usr/bin/cc -E
configure:7562: /usr/bin/cc -E  conftest.c
configure:7562: $? = 0
configure:7576: /usr/bin/cc -E  conftest.c
conftest.c:11:10: fatal error: ac_nonexistent.h: No such file or directory
 #include <ac_nonexistent.h>
          ^~~~~~~~~~~~~~~~~~
compilation terminated.
configure:7576: $? = 1
configure: failed program was:
| /* confdefs.h */
| #define PACKAGE_NAME "libdvdread"
| #define PACKAGE_TARNAME "libdvdread"
| #define PACKAGE_VERSION "6.0.0"
| #define PACKAGE_STRING "libdvdread 6.0.0"
| #define PACKAGE_BUGREPORT ""
| #define PACKAGE_URL ""
| #define PACKAGE "libdvdread"
| #define VERSION "6.0.0"
| /* end confdefs.h.  */
| #include <ac_nonexistent.h>
configure:7605: checking for ANSI C header files
configure:7625: /usr/bin/cc -c -DPLATFORM_SETTINGS_FILE=x11.xml -Wall -D_XBMC -I/home/eddie/Documents/kodi-build/build/libdvd/include -DHAVE_DVDCSS_DVDCSS_H  conftest.c >&5
configure:7625: $? = 0
configure:7698: /usr/bin/cc -o conftest -DPLATFORM_SETTINGS_FILE=x11.xml -Wall -D_XBMC -I/home/eddie/Documents/kodi-build/build/libdvd/include -DHAVE_DVDCSS_DVDCSS_H   conftest.c  >&5
configure:7698: $? = 0
configure:7698: ./conftest
configure:7698: $? = 0
configure:7709: result: yes
configure:7722: checking for sys/types.h
configure:7722: /usr/bin/cc -c -DPLATFORM_SETTINGS_FILE=x11.xml -Wall -D_XBMC -I/home/eddie/Documents/kodi-build/build/libdvd/include -DHAVE_DVDCSS_DVDCSS_H  conftest.c >&5
configure:7722: $? = 0
configure:7722: result: yes
configure:7722: checking for sys/stat.h
configure:7722: /usr/bin/cc -c -DPLATFORM_SETTINGS_FILE=x11.xml -Wall -D_XBMC -I/home/eddie/Documents/kodi-build/build/libdvd/include -DHAVE_DVDCSS_DVDCSS_H  conftest.c >&5
configure:7722: $? = 0
configure:7722: result: yes
configure:7722: checking for stdlib.h
configure:7722: /usr/bin/cc -c -DPLATFORM_SETTINGS_FILE=x11.xml -Wall -D_XBMC -I/home/eddie/Documents/kodi-build/build/libdvd/include -DHAVE_DVDCSS_DVDCSS_H  conftest.c >&5
configure:7722: $? = 0
configure:7722: result: yes
configure:7722: checking for string.h
configure:7722: /usr/bin/cc -c -DPLATFORM_SETTINGS_FILE=x11.xml -Wall -D_XBMC -I/home/eddie/Documents/kodi-build/build/libdvd/include -DHAVE_DVDCSS_DVDCSS_H  conftest.c >&5
configure:7722: $? = 0
configure:7722: result: yes
configure:7722: checking for memory.h
configure:7722: /usr/bin/cc -c -DPLATFORM_SETTINGS_FILE=x11.xml -Wall -D_XBMC -I/home/eddie/Documents/kodi-build/build/libdvd/include -DHAVE_DVDCSS_DVDCSS_H  conftest.c >&5
configure:7722: $? = 0
configure:7722: result: yes
configure:7722: checking for strings.h
configure:7722: /usr/bin/cc -c -DPLATFORM_SETTINGS_FILE=x11.xml -Wall -D_XBMC -I/home/eddie/Documents/kodi-build/build/libdvd/include -DHAVE_DVDCSS_DVDCSS_H  conftest.c >&5
configure:7722: $? = 0
configure:7722: result: yes
configure:7722: checking for inttypes.h
configure:7722: /usr/bin/cc -c -DPLATFORM_SETTINGS_FILE=x11.xml -Wall -D_XBMC -I/home/eddie/Documents/kodi-build/build/libdvd/include -DHAVE_DVDCSS_DVDCSS_H  conftest.c >&5
configure:7722: $? = 0
configure:7722: result: yes
configure:7722: checking for stdint.h
configure:7722: /usr/bin/cc -c -DPLATFORM_SETTINGS_FILE=x11.xml -Wall -D_XBMC -I/home/eddie/Documents/kodi-build/build/libdvd/include -DHAVE_DVDCSS_DVDCSS_H  conftest.c >&5
configure:7722: $? = 0
configure:7722: result: yes
configure:7722: checking for unistd.h
configure:7722: /usr/bin/cc -c -DPLATFORM_SETTINGS_FILE=x11.xml -Wall -D_XBMC -I/home/eddie/Documents/kodi-build/build/libdvd/include -DHAVE_DVDCSS_DVDCSS_H  conftest.c >&5
configure:7722: $? = 0
configure:7722: result: yes
configure:7736: checking for dlfcn.h
configure:7736: /usr/bin/cc -c -DPLATFORM_SETTINGS_FILE=x11.xml -Wall -D_XBMC -I/home/eddie/Documents/kodi-build/build/libdvd/include -DHAVE_DVDCSS_DVDCSS_H  conftest.c >&5
configure:7736: $? = 0
configure:7736: result: yes
configure:7992: checking for objdir
configure:8007: result: .libs
configure:8271: checking if /usr/bin/cc supports -fno-rtti -fno-exceptions
configure:8289: /usr/bin/cc -c -DPLATFORM_SETTINGS_FILE=x11.xml -Wall -D_XBMC -I/home/eddie/Documents/kodi-build/build/libdvd/include -DHAVE_DVDCSS_DVDCSS_H  -fno-rtti -fno-exceptions conftest.c >&5
cc1: warning: command line option '-fno-rtti' is valid for C++/ObjC++ but not for C
configure:8293: $? = 0
configure:8306: result: no
configure:8664: checking for /usr/bin/cc option to produce PIC
configure:8671: result: -fPIC -DPIC
configure:8679: checking if /usr/bin/cc PIC flag -fPIC -DPIC works
configure:8697: /usr/bin/cc -c -DPLATFORM_SETTINGS_FILE=x11.xml -Wall -D_XBMC -I/home/eddie/Documents/kodi-build/build/libdvd/include -DHAVE_DVDCSS_DVDCSS_H  -fPIC -DPIC -DPIC conftest.c >&5
configure:8701: $? = 0
configure:8714: result: yes
configure:8743: checking if /usr/bin/cc static flag -static works
configure:8771: result: yes
configure:8786: checking if /usr/bin/cc supports -c -o file.o
configure:8807: /usr/bin/cc -c -DPLATFORM_SETTINGS_FILE=x11.xml -Wall -D_XBMC -I/home/eddie/Documents/kodi-build/build/libdvd/include -DHAVE_DVDCSS_DVDCSS_H  -o out/conftest2.o conftest.c >&5
configure:8811: $? = 0
configure:8833: result: yes
configure:8841: checking if /usr/bin/cc supports -c -o file.o
configure:8888: result: yes
configure:8921: checking whether the /usr/bin/cc linker (/usr/bin/ld -m elf_x86_64) supports shared libraries
configure:10184: result: yes
configure:10424: checking dynamic linker characteristics
configure:11005: /usr/bin/cc -o conftest -DPLATFORM_SETTINGS_FILE=x11.xml -Wall -D_XBMC -I/home/eddie/Documents/kodi-build/build/libdvd/include -DHAVE_DVDCSS_DVDCSS_H   -Wl,-rpath -Wl,/foo conftest.c  >&5
configure:11005: $? = 0
configure:11254: result: GNU/Linux ld.so
configure:11376: checking how to hardcode library paths into programs
configure:11401: result: immediate
configure:11949: checking whether stripping libraries is possible
configure:11954: result: yes
configure:11989: checking if libtool supports shared libraries
configure:11991: result: yes
configure:11994: checking whether to build shared libraries
configure:12019: result: no
configure:12022: checking whether to build static libraries
configure:12026: result: yes
configure:12084: checking for x86_64-linux-gcc
configure:12111: result: /usr/bin/cc
configure:12380: checking for C compiler version
configure:12389: /usr/bin/cc --version >&5
cc (Ubuntu 7.3.0-27ubuntu1~18.04) 7.3.0
Copyright (C) 2017 Free Software Foundation, Inc.
This is free software; see the source for copying conditions.  There is NO
warranty; not even for MERCHANTABILITY or FITNESS FOR A PARTICULAR PURPOSE.

configure:12400: $? = 0
configure:12389: /usr/bin/cc -v >&5
Using built-in specs.
COLLECT_GCC=/usr/bin/cc
COLLECT_LTO_WRAPPER=/usr/lib/gcc/x86_64-linux-gnu/7/lto-wrapper
OFFLOAD_TARGET_NAMES=nvptx-none
OFFLOAD_TARGET_DEFAULT=1
Target: x86_64-linux-gnu
Configured with: ../src/configure -v --with-pkgversion='Ubuntu 7.3.0-27ubuntu1~18.04' --with-bugurl=file:///usr/share/doc/gcc-7/README.Bugs --enable-languages=c,ada,c++,go,brig,d,fortran,objc,obj-c++ --prefix=/usr --with-gcc-major-version-only --program-suffix=-7 --program-prefix=x86_64-linux-gnu- --enable-shared --enable-linker-build-id --libexecdir=/usr/lib --without-included-gettext --enable-threads=posix --libdir=/usr/lib --enable-nls --with-sysroot=/ --enable-clocale=gnu --enable-libstdcxx-debug --enable-libstdcxx-time=yes --with-default-libstdcxx-abi=new --enable-gnu-unique-object --disable-vtable-verify --enable-libmpx --enable-plugin --enable-default-pie --with-system-zlib --with-target-system-zlib --enable-objc-gc=auto --enable-multiarch --disable-werror --with-arch-32=i686 --with-abi=m64 --with-multilib-list=m32,m64,mx32 --enable-multilib --with-tune=generic --enable-offload-targets=nvptx-none --without-cuda-driver --enable-checking=release --build=x86_64-linux-gnu --host=x86_64-linux-gnu --target=x86_64-linux-gnu
Thread model: posix
gcc version 7.3.0 (Ubuntu 7.3.0-27ubuntu1~18.04) 
configure:12400: $? = 0
configure:12389: /usr/bin/cc -V >&5
cc: error: unrecognized command line option '-V'
cc: fatal error: no input files
compilation terminated.
configure:12400: $? = 1
configure:12389: /usr/bin/cc -qversion >&5
cc: error: unrecognized command line option '-qversion'; did you mean '--version'?
cc: fatal error: no input files
compilation terminated.
configure:12400: $? = 1
configure:12404: checking whether we are using the GNU C compiler
configure:12432: result: yes
configure:12441: checking whether /usr/bin/cc accepts -g
configure:12502: result: yes
configure:12519: checking for /usr/bin/cc option to accept ISO C89
configure:12595: result: none needed
configure:12620: checking whether /usr/bin/cc understands -c and -o together
configure:12657: result: yes
configure:12676: checking dependency style of /usr/bin/cc
configure:12787: result: gcc3
configure:12809: checking for sys/param.h
configure:12809: /usr/bin/cc -c -DPLATFORM_SETTINGS_FILE=x11.xml -Wall -D_XBMC -I/home/eddie/Documents/kodi-build/build/libdvd/include -DHAVE_DVDCSS_DVDCSS_H  conftest.c >&5
configure:12809: $? = 0
configure:12809: result: yes
configure:12809: checking for limits.h
configure:12809: /usr/bin/cc -c -DPLATFORM_SETTINGS_FILE=x11.xml -Wall -D_XBMC -I/home/eddie/Documents/kodi-build/build/libdvd/include -DHAVE_DVDCSS_DVDCSS_H  conftest.c >&5
configure:12809: $? = 0
configure:12809: result: yes
configure:12809: checking for dlfcn.h
configure:12809: result: yes
configure:12835: checking for special C compiler options needed for large files
configure:12880: result: no
configure:12886: checking for _FILE_OFFSET_BITS value needed for large files
configure:12911: /usr/bin/cc -c -DPLATFORM_SETTINGS_FILE=x11.xml -Wall -D_XBMC -I/home/eddie/Documents/kodi-build/build/libdvd/include -DHAVE_DVDCSS_DVDCSS_H  conftest.c >&5
configure:12911: $? = 0
configure:12943: result: no
configure:13028: checking whether byte ordering is bigendian
configure:13043: /usr/bin/cc -c -DPLATFORM_SETTINGS_FILE=x11.xml -Wall -D_XBMC -I/home/eddie/Documents/kodi-build/build/libdvd/include -DHAVE_DVDCSS_DVDCSS_H  conftest.c >&5
conftest.c:27:9: error: unknown type name 'not'
         not a universal capable compiler
         ^~~
conftest.c:27:15: error: expected '=', ',', ';', 'asm' or '__attribute__' before 'universal'
         not a universal capable compiler
               ^~~~~~~~~
conftest.c:27:15: error: unknown type name 'universal'
configure:13043: $? = 1
configure: failed program was:
| /* confdefs.h */
| #define PACKAGE_NAME "libdvdread"
| #define PACKAGE_TARNAME "libdvdread"
| #define PACKAGE_VERSION "6.0.0"
| #define PACKAGE_STRING "libdvdread 6.0.0"
| #define PACKAGE_BUGREPORT ""
| #define PACKAGE_URL ""
| #define PACKAGE "libdvdread"
| #define VERSION "6.0.0"
| #define STDC_HEADERS 1
| #define HAVE_SYS_TYPES_H 1
| #define HAVE_SYS_STAT_H 1
| #define HAVE_STDLIB_H 1
| #define HAVE_STRING_H 1
| #define HAVE_MEMORY_H 1
| #define HAVE_STRINGS_H 1
| #define HAVE_INTTYPES_H 1
| #define HAVE_STDINT_H 1
| #define HAVE_UNISTD_H 1
| #define HAVE_DLFCN_H 1
| #define LT_OBJDIR ".libs/"
| #define HAVE_SYS_PARAM_H 1
| #define HAVE_LIMITS_H 1
| #define HAVE_DLFCN_H 1
| /* end confdefs.h.  */
| #ifndef __APPLE_CC__
| 	       not a universal capable compiler
| 	     #endif
| 	     typedef int dummy;
| 
configure:13088: /usr/bin/cc -c -DPLATFORM_SETTINGS_FILE=x11.xml -Wall -D_XBMC -I/home/eddie/Documents/kodi-build/build/libdvd/include -DHAVE_DVDCSS_DVDCSS_H  conftest.c >&5
configure:13088: $? = 0
configure:13106: /usr/bin/cc -c -DPLATFORM_SETTINGS_FILE=x11.xml -Wall -D_XBMC -I/home/eddie/Documents/kodi-build/build/libdvd/include -DHAVE_DVDCSS_DVDCSS_H  conftest.c >&5
conftest.c: In function 'main':
conftest.c:33:4: error: unknown type name 'not'; did you mean 'ino_t'?
    not big endian
    ^~~
    ino_t
conftest.c:33:12: error: expected '=', ',', ';', 'asm' or '__attribute__' before 'endian'
    not big endian
            ^~~~~~
configure:13106: $? = 1
configure: failed program was:
| /* confdefs.h */
| #define PACKAGE_NAME "libdvdread"
| #define PACKAGE_TARNAME "libdvdread"
| #define PACKAGE_VERSION "6.0.0"
| #define PACKAGE_STRING "libdvdread 6.0.0"
| #define PACKAGE_BUGREPORT ""
| #define PACKAGE_URL ""
| #define PACKAGE "libdvdread"
| #define VERSION "6.0.0"
| #define STDC_HEADERS 1
| #define HAVE_SYS_TYPES_H 1
| #define HAVE_SYS_STAT_H 1
| #define HAVE_STDLIB_H 1
| #define HAVE_STRING_H 1
| #define HAVE_MEMORY_H 1
| #define HAVE_STRINGS_H 1
| #define HAVE_INTTYPES_H 1
| #define HAVE_STDINT_H 1
| #define HAVE_UNISTD_H 1
| #define HAVE_DLFCN_H 1
| #define LT_OBJDIR ".libs/"
| #define HAVE_SYS_PARAM_H 1
| #define HAVE_LIMITS_H 1
| #define HAVE_DLFCN_H 1
| /* end confdefs.h.  */
| #include <sys/types.h>
| 		#include <sys/param.h>
| 
| int
| main ()
| {
| #if BYTE_ORDER != BIG_ENDIAN
| 		 not big endian
| 		#endif
| 
|   ;
|   return 0;
| }
configure:13234: result: no
configure:13303: checking for x86_64-linux-pkg-config
configure:13336: result: no
configure:13346: checking for pkg-config
configure:13364: found /usr/bin/pkg-config
configure:13376: result: /usr/bin/pkg-config
configure:13401: checking pkg-config is at least version 0.9.0
configure:13404: result: yes
configure:13538: checking for library containing dlopen
configure:13569: /usr/bin/cc -o conftest -DPLATFORM_SETTINGS_FILE=x11.xml -Wall -D_XBMC -I/home/eddie/Documents/kodi-build/build/libdvd/include -DHAVE_DVDCSS_DVDCSS_H   conftest.c  >&5
/tmp/cc4vKLt9.o: In function `main':
conftest.c:(.text+0xa): undefined reference to `dlopen'
collect2: error: ld returned 1 exit status
configure:13569: $? = 1
configure: failed program was:
| /* confdefs.h */
| #define PACKAGE_NAME "libdvdread"
| #define PACKAGE_TARNAME "libdvdread"
| #define PACKAGE_VERSION "6.0.0"
| #define PACKAGE_STRING "libdvdread 6.0.0"
| #define PACKAGE_BUGREPORT ""
| #define PACKAGE_URL ""
| #define PACKAGE "libdvdread"
| #define VERSION "6.0.0"
| #define STDC_HEADERS 1
| #define HAVE_SYS_TYPES_H 1
| #define HAVE_SYS_STAT_H 1
| #define HAVE_STDLIB_H 1
| #define HAVE_STRING_H 1
| #define HAVE_MEMORY_H 1
| #define HAVE_STRINGS_H 1
| #define HAVE_INTTYPES_H 1
| #define HAVE_STDINT_H 1
| #define HAVE_UNISTD_H 1
| #define HAVE_DLFCN_H 1
| #define LT_OBJDIR ".libs/"
| #define HAVE_SYS_PARAM_H 1
| #define HAVE_LIMITS_H 1
| #define HAVE_DLFCN_H 1
| /* end confdefs.h.  */
| 
| /* Override any GCC internal prototype to avoid an error.
|    Use char because int might match the return type of a GCC
|    builtin and then its argument prototype would still apply.  */
| #ifdef __cplusplus
| extern "C"
| #endif
| char dlopen ();
| int
| main ()
| {
| return dlopen ();
|   ;
|   return 0;
| }
configure:13569: /usr/bin/cc -o conftest -DPLATFORM_SETTINGS_FILE=x11.xml -Wall -D_XBMC -I/home/eddie/Documents/kodi-build/build/libdvd/include -DHAVE_DVDCSS_DVDCSS_H   conftest.c -ldl   >&5
configure:13569: $? = 0
configure:13586: result: -ldl
configure:13603: checking if /usr/bin/cc supports -Wall flag
configure:13618: /usr/bin/cc -o conftest -DPLATFORM_SETTINGS_FILE=x11.xml -Wall -D_XBMC -I/home/eddie/Documents/kodi-build/build/libdvd/include -DHAVE_DVDCSS_DVDCSS_H -Wall   conftest.c -ldl  >&5
configure:13618: $? = 0
configure:13636: result: yes
configure:13603: checking if /usr/bin/cc supports -Wsign-compare flag
configure:13618: /usr/bin/cc -o conftest -DPLATFORM_SETTINGS_FILE=x11.xml -Wall -D_XBMC -I/home/eddie/Documents/kodi-build/build/libdvd/include -DHAVE_DVDCSS_DVDCSS_H -Wall -Wsign-compare   conftest.c -ldl  >&5
configure:13618: $? = 0
configure:13636: result: yes
configure:13603: checking if /usr/bin/cc supports -Wextra flag
configure:13618: /usr/bin/cc -o conftest -DPLATFORM_SETTINGS_FILE=x11.xml -Wall -D_XBMC -I/home/eddie/Documents/kodi-build/build/libdvd/include -DHAVE_DVDCSS_DVDCSS_H -Wall -Wsign-compare -Wextra   conftest.c -ldl  >&5
configure:13618: $? = 0
configure:13636: result: yes
configure:13655: checking for doxygen
configure:13688: result: no
configure:13844: checking that generated files are newer than configure
configure:13850: result: done
configure:13886: creating ./config.status

## ---------------------- ##
## Running config.status. ##
## ---------------------- ##

This file was extended by libdvdread config.status 6.0.0, which was
generated by GNU Autoconf 2.69.  Invocation command line was

  CONFIG_FILES    = 
  CONFIG_HEADERS  = 
  CONFIG_LINKS    = 
  CONFIG_COMMANDS = 
  $ ./config.status 

on EVPC

config.status:1108: creating Makefile
config.status:1108: creating doc/doxygen.cfg
config.status:1108: creating misc/dvdread.pc
config.status:1108: creating src/dvdread/version.h
config.status:1108: creating config.h
config.status:1322: executing depfiles commands
config.status:1322: executing libtool commands

## ---------------- ##
## Cache variables. ##
## ---------------- ##

ac_cv_build=x86_64-pc-linux-gnu
ac_cv_c_bigendian=no
ac_cv_c_compiler_gnu=yes
ac_cv_env_CC_set=set
ac_cv_env_CC_value=/usr/bin/cc
ac_cv_env_CFLAGS_set=set
ac_cv_env_CFLAGS_value='-DPLATFORM_SETTINGS_FILE=x11.xml -Wall -D_XBMC -I/home/eddie/Documents/kodi-build/build/libdvd/include -DHAVE_DVDCSS_DVDCSS_H'
ac_cv_env_CPPFLAGS_set=
ac_cv_env_CPPFLAGS_value=
ac_cv_env_CPP_set=
ac_cv_env_CPP_value=
ac_cv_env_CSS_CFLAGS_set=
ac_cv_env_CSS_CFLAGS_value=
ac_cv_env_CSS_LIBS_set=
ac_cv_env_CSS_LIBS_value=
ac_cv_env_LDFLAGS_set=set
ac_cv_env_LDFLAGS_value=
ac_cv_env_LIBS_set=
ac_cv_env_LIBS_value=
ac_cv_env_LT_SYS_LIBRARY_PATH_set=
ac_cv_env_LT_SYS_LIBRARY_PATH_value=
ac_cv_env_PKG_CONFIG_LIBDIR_set=
ac_cv_env_PKG_CONFIG_LIBDIR_value=
ac_cv_env_PKG_CONFIG_PATH_set=
ac_cv_env_PKG_CONFIG_PATH_value=
ac_cv_env_PKG_CONFIG_set=
ac_cv_env_PKG_CONFIG_value=
ac_cv_env_build_alias_set=
ac_cv_env_build_alias_value=
ac_cv_env_host_alias_set=set
ac_cv_env_host_alias_value=x86_64-linux
ac_cv_env_target_alias_set=set
ac_cv_env_target_alias_value=x86_64-linux
ac_cv_header_dlfcn_h=yes
ac_cv_header_inttypes_h=yes
ac_cv_header_limits_h=yes
ac_cv_header_memory_h=yes
ac_cv_header_stdc=yes
ac_cv_header_stdint_h=yes
ac_cv_header_stdlib_h=yes
ac_cv_header_string_h=yes
ac_cv_header_strings_h=yes
ac_cv_header_sys_param_h=yes
ac_cv_header_sys_stat_h=yes
ac_cv_header_sys_types_h=yes
ac_cv_header_unistd_h=yes
ac_cv_host=x86_64-pc-linux-gnu
ac_cv_objext=o
ac_cv_path_EGREP='/bin/grep -E'
ac_cv_path_FGREP='/bin/grep -F'
ac_cv_path_GIT=
ac_cv_path_GREP=/bin/grep
ac_cv_path_SED=/bin/sed
ac_cv_path_ac_pt_PKG_CONFIG=/usr/bin/pkg-config
ac_cv_path_install='/usr/bin/install -c'
ac_cv_path_lt_DD=/bin/dd
ac_cv_path_mkdir=/bin/mkdir
ac_cv_prog_AWK=gawk
ac_cv_prog_CC=/usr/bin/cc
ac_cv_prog_CPP='/usr/bin/cc -E'
ac_cv_prog_STRIP=strip
ac_cv_prog_ac_ct_AR=ar
ac_cv_prog_ac_ct_MANIFEST_TOOL=mt
ac_cv_prog_ac_ct_OBJDUMP=objdump
ac_cv_prog_ac_ct_RANLIB=ranlib
ac_cv_prog_ac_ct_STRIP=strip
ac_cv_prog_cc_c89=
ac_cv_prog_cc_g=yes
ac_cv_prog_make_make_set=yes
ac_cv_search_dlopen=-ldl
ac_cv_sys_file_offset_bits=no
ac_cv_sys_largefile_CC=no
am_cv_CC_dependencies_compiler_type=gcc3
am_cv_make_support_nested_variables=yes
am_cv_prog_cc_c_o=yes
cc_cv_cflags__Wall=yes
cc_cv_cflags__Wextra=yes
cc_cv_cflags__Wsign_compare=yes
lt_cv_ar_at_file=@
lt_cv_deplibs_check_method=pass_all
lt_cv_file_magic_cmd='$MAGIC_CMD'
lt_cv_file_magic_test_file=
lt_cv_ld_reload_flag=-r
lt_cv_nm_interface='BSD nm'
lt_cv_objdir=.libs
lt_cv_path_LD=/usr/bin/ld
lt_cv_path_NM='/usr/bin/nm -B'
lt_cv_path_mainfest_tool=no
lt_cv_prog_compiler_c_o=yes
lt_cv_prog_compiler_pic='-fPIC -DPIC'
lt_cv_prog_compiler_pic_works=yes
lt_cv_prog_compiler_rtti_exceptions=no
lt_cv_prog_compiler_static_works=yes
lt_cv_prog_gnu_ld=yes
lt_cv_sharedlib_from_linklib_cmd='printf %s\n'
lt_cv_shlibpath_overrides_runpath=yes
lt_cv_sys_global_symbol_pipe='sed -n -e '\''s/^.*[	 ]\([ABCDGIRSTW][ABCDGIRSTW]*\)[	 ][	 ]*\([_A-Za-z][_A-Za-z0-9]*\)$/\1 \2 \2/p'\'' | sed '\''/ __gnu_lto/d'\'''
lt_cv_sys_global_symbol_to_c_name_address='sed -n -e '\''s/^: \(.*\) .*$/  {"\1", (void *) 0},/p'\'' -e '\''s/^[ABCDGIRSTW][ABCDGIRSTW]* .* \(.*\)$/  {"\1", (void *) \&\1},/p'\'''
lt_cv_sys_global_symbol_to_c_name_address_lib_prefix='sed -n -e '\''s/^: \(.*\) .*$/  {"\1", (void *) 0},/p'\'' -e '\''s/^[ABCDGIRSTW][ABCDGIRSTW]* .* \(lib.*\)$/  {"\1", (void *) \&\1},/p'\'' -e '\''s/^[ABCDGIRSTW][ABCDGIRSTW]* .* \(.*\)$/  {"lib\1", (void *) \&\1},/p'\'''
lt_cv_sys_global_symbol_to_cdecl='sed -n -e '\''s/^T .* \(.*\)$/extern int \1();/p'\'' -e '\''s/^[ABCDGIRSTW][ABCDGIRSTW]* .* \(.*\)$/extern char \1;/p'\'''
lt_cv_sys_global_symbol_to_import=
lt_cv_sys_max_cmd_len=1572864
lt_cv_to_host_file_cmd=func_convert_file_noop
lt_cv_to_tool_file_cmd=func_convert_file_noop
lt_cv_truncate_bin='/bin/dd bs=4096 count=1'

## ----------------- ##
## Output variables. ##
## ----------------- ##

ACLOCAL='${SHELL} /home/eddie/Documents/kodi-build/build/libdvd/src/dvdread/missing aclocal-1.15'
AMDEPBACKSLASH='\'
AMDEP_FALSE='#'
AMDEP_TRUE=''
AMTAR='$${TAR-tar}'
AM_BACKSLASH='\'
AM_DEFAULT_V='$(AM_DEFAULT_VERBOSITY)'
AM_DEFAULT_VERBOSITY='0'
AM_V='$(V)'
APIDOC_FALSE=''
APIDOC_TRUE='#'
AR='ar'
AUTOCONF='${SHELL} /home/eddie/Documents/kodi-build/build/libdvd/src/dvdread/missing autoconf'
AUTOHEADER='${SHELL} /home/eddie/Documents/kodi-build/build/libdvd/src/dvdread/missing autoheader'
AUTOMAKE='${SHELL} /home/eddie/Documents/kodi-build/build/libdvd/src/dvdread/missing automake-1.15'
AWK='gawk'
CC='/usr/bin/cc'
CCDEPMODE='depmode=gcc3'
CFLAGS='-DPLATFORM_SETTINGS_FILE=x11.xml -Wall -D_XBMC -I/home/eddie/Documents/kodi-build/build/libdvd/include -DHAVE_DVDCSS_DVDCSS_H -Wall -Wsign-compare -Wextra'
CPP='/usr/bin/cc -E'
CPPFLAGS=''
CSS_CFLAGS=''
CSS_LIBS=''
CSS_REQUIRES=''
CYGPATH_W='echo'
DEFS='-DHAVE_CONFIG_H'
DEPDIR='.deps'
DLLTOOL='false'
DOXYGEN=''
DSYMUTIL=''
DUMPBIN=''
DVDREAD_LTVERSION='6:0:2'
DVDREAD_VERSION_MAJOR='6'
DVDREAD_VERSION_MICRO='0'
DVDREAD_VERSION_MINOR='0'
ECHO_C=''
ECHO_N='-n'
ECHO_T=''
EGREP='/bin/grep -E'
EXEEXT=''
FGREP='/bin/grep -F'
GREP='/bin/grep'
INSTALL_DATA='${INSTALL} -m 644'
INSTALL_PROGRAM='${INSTALL}'
INSTALL_SCRIPT='${INSTALL}'
INSTALL_STRIP_PROGRAM='$(install_sh) -c -s'
LD='/usr/bin/ld -m elf_x86_64'
LDFLAGS=''
LIBOBJS=''
LIBS='-ldl '
LIBTOOL='$(SHELL) $(top_builddir)/libtool'
LIPO=''
LN_S='ln -s'
LTLIBOBJS=''
LT_SYS_LIBRARY_PATH=''
MAINT=''
MAINTAINER_MODE_FALSE='#'
MAINTAINER_MODE_TRUE=''
MAKEINFO='${SHELL} /home/eddie/Documents/kodi-build/build/libdvd/src/dvdread/missing makeinfo'
MANIFEST_TOOL=':'
MKDIR_P='/bin/mkdir -p'
NM='/usr/bin/nm -B'
NMEDIT=''
OBJDUMP='objdump'
OBJEXT='o'
OTOOL64=''
OTOOL=''
PACKAGE='libdvdread'
PACKAGE_BUGREPORT=''
PACKAGE_NAME='libdvdread'
PACKAGE_STRING='libdvdread 6.0.0'
PACKAGE_TARNAME='libdvdread'
PACKAGE_URL=''
PACKAGE_VERSION='6.0.0'
PATH_SEPARATOR=':'
PKG_CONFIG='/usr/bin/pkg-config'
PKG_CONFIG_LIBDIR=''
PKG_CONFIG_PATH=''
RANLIB='ranlib'
SED='/bin/sed'
SET_MAKE=''
SHELL='/bin/bash'
STRIP='strip'
VERSION='6.0.0'
ac_ct_AR='ar'
ac_ct_CC=''
ac_ct_DUMPBIN=''
am__EXEEXT_FALSE=''
am__EXEEXT_TRUE='#'
am__fastdepCC_FALSE='#'
am__fastdepCC_TRUE=''
am__include='include'
am__isrc=' -I$(srcdir)'
am__leading_dot='.'
am__nodep='_no'
am__quote=''
am__tar='$${TAR-tar} chof - "$$tardir"'
am__untar='$${TAR-tar} xf -'
bindir='${exec_prefix}/bin'
build='x86_64-pc-linux-gnu'
build_alias=''
build_cpu='x86_64'
build_os='linux-gnu'
build_vendor='pc'
datadir='${datarootdir}'
datarootdir='${prefix}/share'
docdir='${datarootdir}/doc/${PACKAGE_TARNAME}'
dvidir='${docdir}'
exec_prefix='${prefix}'
host='x86_64-pc-linux-gnu'
host_alias='x86_64-linux'
host_cpu='x86_64'
host_os='linux-gnu'
host_vendor='pc'
htmldir='${docdir}'
includedir='${prefix}/include'
infodir='${datarootdir}/info'
install_sh='${SHELL} /home/eddie/Documents/kodi-build/build/libdvd/src/dvdread/install-sh'
libdir='/home/eddie/Documents/kodi-build/build/libdvd/lib'
libexecdir='${exec_prefix}/libexec'
localedir='${datarootdir}/locale'
localstatedir='${prefix}/var'
mandir='${datarootdir}/man'
mkdir_p='$(MKDIR_P)'
oldincludedir='/usr/include'
pdfdir='${docdir}'
prefix='/home/eddie/Documents/kodi-build/build/libdvd'
program_transform_name='s,x,x,'
psdir='${docdir}'
runstatedir='${localstatedir}/run'
sbindir='${exec_prefix}/sbin'
sharedstatedir='${prefix}/com'
sysconfdir='${prefix}/etc'
target_alias='x86_64-linux'

## ----------- ##
## confdefs.h. ##
## ----------- ##

/* confdefs.h */
#define PACKAGE_NAME "libdvdread"
#define PACKAGE_TARNAME "libdvdread"
#define PACKAGE_VERSION "6.0.0"
#define PACKAGE_STRING "libdvdread 6.0.0"
#define PACKAGE_BUGREPORT ""
#define PACKAGE_URL ""
#define PACKAGE "libdvdread"
#define VERSION "6.0.0"
#define STDC_HEADERS 1
#define HAVE_SYS_TYPES_H 1
#define HAVE_SYS_STAT_H 1
#define HAVE_STDLIB_H 1
#define HAVE_STRING_H 1
#define HAVE_MEMORY_H 1
#define HAVE_STRINGS_H 1
#define HAVE_INTTYPES_H 1
#define HAVE_STDINT_H 1
#define HAVE_UNISTD_H 1
#define HAVE_DLFCN_H 1
#define LT_OBJDIR ".libs/"
#define HAVE_SYS_PARAM_H 1
#define HAVE_LIMITS_H 1
#define HAVE_DLFCN_H 1
#define UNUSED __attribute__((unused))

configure: exit 0
