The system is: Linux - 4.15.0-42-generic - x86_64
Compiling the CXX compiler identification source file "CMakeCXXCompilerId.cpp" succeeded.
Compiler: /usr/bin/c++ 
Build flags: 
Id flags:  

The output was:
0


Compilation of the CXX compiler identification source "CMakeCXXCompilerId.cpp" produced "a.out"

The CXX compiler identification is GNU, found in "/home/eddie/Documents/kodi-build/CMakeFiles/3.10.2/CompilerIdCXX/a.out"

Compiling the C compiler identification source file "CMakeCCompilerId.c" succeeded.
Compiler: /usr/bin/cc 
Build flags: 
Id flags:  

The output was:
0


Compilation of the C compiler identification source "CMakeCCompilerId.c" produced "a.out"

The C compiler identification is GNU, found in "/home/eddie/Documents/kodi-build/CMakeFiles/3.10.2/CompilerIdC/a.out"

Determining if the CXX compiler works passed with the following output:
Change Dir: /home/eddie/Documents/kodi-build/CMakeFiles/CMakeTmp

Run Build Command:"/usr/bin/make" "cmTC_2ce47/fast"
/usr/bin/make -f CMakeFiles/cmTC_2ce47.dir/build.make CMakeFiles/cmTC_2ce47.dir/build
make[1]: Entering directory '/home/eddie/Documents/kodi-build/CMakeFiles/CMakeTmp'
Building CXX object CMakeFiles/cmTC_2ce47.dir/testCXXCompiler.cxx.o
/usr/bin/c++     -o CMakeFiles/cmTC_2ce47.dir/testCXXCompiler.cxx.o -c /home/eddie/Documents/kodi-build/CMakeFiles/CMakeTmp/testCXXCompiler.cxx
Linking CXX executable cmTC_2ce47
/usr/bin/cmake -E cmake_link_script CMakeFiles/cmTC_2ce47.dir/link.txt --verbose=1
/usr/bin/c++       CMakeFiles/cmTC_2ce47.dir/testCXXCompiler.cxx.o  -o cmTC_2ce47 
make[1]: Leaving directory '/home/eddie/Documents/kodi-build/CMakeFiles/CMakeTmp'


Detecting CXX compiler ABI info compiled with the following output:
Change Dir: /home/eddie/Documents/kodi-build/CMakeFiles/CMakeTmp

Run Build Command:"/usr/bin/make" "cmTC_e0e3e/fast"
/usr/bin/make -f CMakeFiles/cmTC_e0e3e.dir/build.make CMakeFiles/cmTC_e0e3e.dir/build
make[1]: Entering directory '/home/eddie/Documents/kodi-build/CMakeFiles/CMakeTmp'
Building CXX object CMakeFiles/cmTC_e0e3e.dir/CMakeCXXCompilerABI.cpp.o
/usr/bin/c++     -o CMakeFiles/cmTC_e0e3e.dir/CMakeCXXCompilerABI.cpp.o -c /usr/share/cmake-3.10/Modules/CMakeCXXCompilerABI.cpp
Linking CXX executable cmTC_e0e3e
/usr/bin/cmake -E cmake_link_script CMakeFiles/cmTC_e0e3e.dir/link.txt --verbose=1
/usr/bin/c++      -v CMakeFiles/cmTC_e0e3e.dir/CMakeCXXCompilerABI.cpp.o  -o cmTC_e0e3e 
Using built-in specs.
COLLECT_GCC=/usr/bin/c++
COLLECT_LTO_WRAPPER=/usr/lib/gcc/x86_64-linux-gnu/7/lto-wrapper
OFFLOAD_TARGET_NAMES=nvptx-none
OFFLOAD_TARGET_DEFAULT=1
Target: x86_64-linux-gnu
Configured with: ../src/configure -v --with-pkgversion='Ubuntu 7.3.0-27ubuntu1~18.04' --with-bugurl=file:///usr/share/doc/gcc-7/README.Bugs --enable-languages=c,ada,c++,go,brig,d,fortran,objc,obj-c++ --prefix=/usr --with-gcc-major-version-only --program-suffix=-7 --program-prefix=x86_64-linux-gnu- --enable-shared --enable-linker-build-id --libexecdir=/usr/lib --without-included-gettext --enable-threads=posix --libdir=/usr/lib --enable-nls --with-sysroot=/ --enable-clocale=gnu --enable-libstdcxx-debug --enable-libstdcxx-time=yes --with-default-libstdcxx-abi=new --enable-gnu-unique-object --disable-vtable-verify --enable-libmpx --enable-plugin --enable-default-pie --with-system-zlib --with-target-system-zlib --enable-objc-gc=auto --enable-multiarch --disable-werror --with-arch-32=i686 --with-abi=m64 --with-multilib-list=m32,m64,mx32 --enable-multilib --with-tune=generic --enable-offload-targets=nvptx-none --without-cuda-driver --enable-checking=release --build=x86_64-linux-gnu --host=x86_64-linux-gnu --target=x86_64-linux-gnu
Thread model: posix
gcc version 7.3.0 (Ubuntu 7.3.0-27ubuntu1~18.04) 
COMPILER_PATH=/usr/lib/gcc/x86_64-linux-gnu/7/:/usr/lib/gcc/x86_64-linux-gnu/7/:/usr/lib/gcc/x86_64-linux-gnu/:/usr/lib/gcc/x86_64-linux-gnu/7/:/usr/lib/gcc/x86_64-linux-gnu/
LIBRARY_PATH=/usr/lib/gcc/x86_64-linux-gnu/7/:/usr/lib/gcc/x86_64-linux-gnu/7/../../../x86_64-linux-gnu/:/usr/lib/gcc/x86_64-linux-gnu/7/../../../../lib/:/lib/x86_64-linux-gnu/:/lib/../lib/:/usr/lib/x86_64-linux-gnu/:/usr/lib/../lib/:/usr/lib/gcc/x86_64-linux-gnu/7/../../../:/lib/:/usr/lib/
COLLECT_GCC_OPTIONS='-v' '-o' 'cmTC_e0e3e' '-shared-libgcc' '-mtune=generic' '-march=x86-64'
 /usr/lib/gcc/x86_64-linux-gnu/7/collect2 -plugin /usr/lib/gcc/x86_64-linux-gnu/7/liblto_plugin.so -plugin-opt=/usr/lib/gcc/x86_64-linux-gnu/7/lto-wrapper -plugin-opt=-fresolution=/tmp/cc4VDSvw.res -plugin-opt=-pass-through=-lgcc_s -plugin-opt=-pass-through=-lgcc -plugin-opt=-pass-through=-lc -plugin-opt=-pass-through=-lgcc_s -plugin-opt=-pass-through=-lgcc --sysroot=/ --build-id --eh-frame-hdr -m elf_x86_64 --hash-style=gnu --as-needed -dynamic-linker /lib64/ld-linux-x86-64.so.2 -pie -z now -z relro -o cmTC_e0e3e /usr/lib/gcc/x86_64-linux-gnu/7/../../../x86_64-linux-gnu/Scrt1.o /usr/lib/gcc/x86_64-linux-gnu/7/../../../x86_64-linux-gnu/crti.o /usr/lib/gcc/x86_64-linux-gnu/7/crtbeginS.o -L/usr/lib/gcc/x86_64-linux-gnu/7 -L/usr/lib/gcc/x86_64-linux-gnu/7/../../../x86_64-linux-gnu -L/usr/lib/gcc/x86_64-linux-gnu/7/../../../../lib -L/lib/x86_64-linux-gnu -L/lib/../lib -L/usr/lib/x86_64-linux-gnu -L/usr/lib/../lib -L/usr/lib/gcc/x86_64-linux-gnu/7/../../.. CMakeFiles/cmTC_e0e3e.dir/CMakeCXXCompilerABI.cpp.o -lstdc++ -lm -lgcc_s -lgcc -lc -lgcc_s -lgcc /usr/lib/gcc/x86_64-linux-gnu/7/crtendS.o /usr/lib/gcc/x86_64-linux-gnu/7/../../../x86_64-linux-gnu/crtn.o
COLLECT_GCC_OPTIONS='-v' '-o' 'cmTC_e0e3e' '-shared-libgcc' '-mtune=generic' '-march=x86-64'
make[1]: Leaving directory '/home/eddie/Documents/kodi-build/CMakeFiles/CMakeTmp'


Parsed CXX implicit link information from above output:
  link line regex: [^( *|.*[/\])(ld|CMAKE_LINK_STARTFILE-NOTFOUND|([^/\]+-)?ld|collect2)[^/\]*( |$)]
  ignore line: [Change Dir: /home/eddie/Documents/kodi-build/CMakeFiles/CMakeTmp]
  ignore line: []
  ignore line: [Run Build Command:"/usr/bin/make" "cmTC_e0e3e/fast"]
  ignore line: [/usr/bin/make -f CMakeFiles/cmTC_e0e3e.dir/build.make CMakeFiles/cmTC_e0e3e.dir/build]
  ignore line: [make[1]: Entering directory '/home/eddie/Documents/kodi-build/CMakeFiles/CMakeTmp']
  ignore line: [Building CXX object CMakeFiles/cmTC_e0e3e.dir/CMakeCXXCompilerABI.cpp.o]
  ignore line: [/usr/bin/c++     -o CMakeFiles/cmTC_e0e3e.dir/CMakeCXXCompilerABI.cpp.o -c /usr/share/cmake-3.10/Modules/CMakeCXXCompilerABI.cpp]
  ignore line: [Linking CXX executable cmTC_e0e3e]
  ignore line: [/usr/bin/cmake -E cmake_link_script CMakeFiles/cmTC_e0e3e.dir/link.txt --verbose=1]
  ignore line: [/usr/bin/c++      -v CMakeFiles/cmTC_e0e3e.dir/CMakeCXXCompilerABI.cpp.o  -o cmTC_e0e3e ]
  ignore line: [Using built-in specs.]
  ignore line: [COLLECT_GCC=/usr/bin/c++]
  ignore line: [COLLECT_LTO_WRAPPER=/usr/lib/gcc/x86_64-linux-gnu/7/lto-wrapper]
  ignore line: [OFFLOAD_TARGET_NAMES=nvptx-none]
  ignore line: [OFFLOAD_TARGET_DEFAULT=1]
  ignore line: [Target: x86_64-linux-gnu]
  ignore line: [Configured with: ../src/configure -v --with-pkgversion='Ubuntu 7.3.0-27ubuntu1~18.04' --with-bugurl=file:///usr/share/doc/gcc-7/README.Bugs --enable-languages=c,ada,c++,go,brig,d,fortran,objc,obj-c++ --prefix=/usr --with-gcc-major-version-only --program-suffix=-7 --program-prefix=x86_64-linux-gnu- --enable-shared --enable-linker-build-id --libexecdir=/usr/lib --without-included-gettext --enable-threads=posix --libdir=/usr/lib --enable-nls --with-sysroot=/ --enable-clocale=gnu --enable-libstdcxx-debug --enable-libstdcxx-time=yes --with-default-libstdcxx-abi=new --enable-gnu-unique-object --disable-vtable-verify --enable-libmpx --enable-plugin --enable-default-pie --with-system-zlib --with-target-system-zlib --enable-objc-gc=auto --enable-multiarch --disable-werror --with-arch-32=i686 --with-abi=m64 --with-multilib-list=m32,m64,mx32 --enable-multilib --with-tune=generic --enable-offload-targets=nvptx-none --without-cuda-driver --enable-checking=release --build=x86_64-linux-gnu --host=x86_64-linux-gnu --target=x86_64-linux-gnu]
  ignore line: [Thread model: posix]
  ignore line: [gcc version 7.3.0 (Ubuntu 7.3.0-27ubuntu1~18.04) ]
  ignore line: [COMPILER_PATH=/usr/lib/gcc/x86_64-linux-gnu/7/:/usr/lib/gcc/x86_64-linux-gnu/7/:/usr/lib/gcc/x86_64-linux-gnu/:/usr/lib/gcc/x86_64-linux-gnu/7/:/usr/lib/gcc/x86_64-linux-gnu/]
  ignore line: [LIBRARY_PATH=/usr/lib/gcc/x86_64-linux-gnu/7/:/usr/lib/gcc/x86_64-linux-gnu/7/../../../x86_64-linux-gnu/:/usr/lib/gcc/x86_64-linux-gnu/7/../../../../lib/:/lib/x86_64-linux-gnu/:/lib/../lib/:/usr/lib/x86_64-linux-gnu/:/usr/lib/../lib/:/usr/lib/gcc/x86_64-linux-gnu/7/../../../:/lib/:/usr/lib/]
  ignore line: [COLLECT_GCC_OPTIONS='-v' '-o' 'cmTC_e0e3e' '-shared-libgcc' '-mtune=generic' '-march=x86-64']
  link line: [ /usr/lib/gcc/x86_64-linux-gnu/7/collect2 -plugin /usr/lib/gcc/x86_64-linux-gnu/7/liblto_plugin.so -plugin-opt=/usr/lib/gcc/x86_64-linux-gnu/7/lto-wrapper -plugin-opt=-fresolution=/tmp/cc4VDSvw.res -plugin-opt=-pass-through=-lgcc_s -plugin-opt=-pass-through=-lgcc -plugin-opt=-pass-through=-lc -plugin-opt=-pass-through=-lgcc_s -plugin-opt=-pass-through=-lgcc --sysroot=/ --build-id --eh-frame-hdr -m elf_x86_64 --hash-style=gnu --as-needed -dynamic-linker /lib64/ld-linux-x86-64.so.2 -pie -z now -z relro -o cmTC_e0e3e /usr/lib/gcc/x86_64-linux-gnu/7/../../../x86_64-linux-gnu/Scrt1.o /usr/lib/gcc/x86_64-linux-gnu/7/../../../x86_64-linux-gnu/crti.o /usr/lib/gcc/x86_64-linux-gnu/7/crtbeginS.o -L/usr/lib/gcc/x86_64-linux-gnu/7 -L/usr/lib/gcc/x86_64-linux-gnu/7/../../../x86_64-linux-gnu -L/usr/lib/gcc/x86_64-linux-gnu/7/../../../../lib -L/lib/x86_64-linux-gnu -L/lib/../lib -L/usr/lib/x86_64-linux-gnu -L/usr/lib/../lib -L/usr/lib/gcc/x86_64-linux-gnu/7/../../.. CMakeFiles/cmTC_e0e3e.dir/CMakeCXXCompilerABI.cpp.o -lstdc++ -lm -lgcc_s -lgcc -lc -lgcc_s -lgcc /usr/lib/gcc/x86_64-linux-gnu/7/crtendS.o /usr/lib/gcc/x86_64-linux-gnu/7/../../../x86_64-linux-gnu/crtn.o]
    arg [/usr/lib/gcc/x86_64-linux-gnu/7/collect2] ==> ignore
    arg [-plugin] ==> ignore
    arg [/usr/lib/gcc/x86_64-linux-gnu/7/liblto_plugin.so] ==> ignore
    arg [-plugin-opt=/usr/lib/gcc/x86_64-linux-gnu/7/lto-wrapper] ==> ignore
    arg [-plugin-opt=-fresolution=/tmp/cc4VDSvw.res] ==> ignore
    arg [-plugin-opt=-pass-through=-lgcc_s] ==> ignore
    arg [-plugin-opt=-pass-through=-lgcc] ==> ignore
    arg [-plugin-opt=-pass-through=-lc] ==> ignore
    arg [-plugin-opt=-pass-through=-lgcc_s] ==> ignore
    arg [-plugin-opt=-pass-through=-lgcc] ==> ignore
    arg [--sysroot=/] ==> ignore
    arg [--build-id] ==> ignore
    arg [--eh-frame-hdr] ==> ignore
    arg [-m] ==> ignore
    arg [elf_x86_64] ==> ignore
    arg [--hash-style=gnu] ==> ignore
    arg [--as-needed] ==> ignore
    arg [-dynamic-linker] ==> ignore
    arg [/lib64/ld-linux-x86-64.so.2] ==> ignore
    arg [-pie] ==> ignore
    arg [-znow] ==> ignore
    arg [-zrelro] ==> ignore
    arg [-o] ==> ignore
    arg [cmTC_e0e3e] ==> ignore
    arg [/usr/lib/gcc/x86_64-linux-gnu/7/../../../x86_64-linux-gnu/Scrt1.o] ==> ignore
    arg [/usr/lib/gcc/x86_64-linux-gnu/7/../../../x86_64-linux-gnu/crti.o] ==> ignore
    arg [/usr/lib/gcc/x86_64-linux-gnu/7/crtbeginS.o] ==> ignore
    arg [-L/usr/lib/gcc/x86_64-linux-gnu/7] ==> dir [/usr/lib/gcc/x86_64-linux-gnu/7]
    arg [-L/usr/lib/gcc/x86_64-linux-gnu/7/../../../x86_64-linux-gnu] ==> dir [/usr/lib/gcc/x86_64-linux-gnu/7/../../../x86_64-linux-gnu]
    arg [-L/usr/lib/gcc/x86_64-linux-gnu/7/../../../../lib] ==> dir [/usr/lib/gcc/x86_64-linux-gnu/7/../../../../lib]
    arg [-L/lib/x86_64-linux-gnu] ==> dir [/lib/x86_64-linux-gnu]
    arg [-L/lib/../lib] ==> dir [/lib/../lib]
    arg [-L/usr/lib/x86_64-linux-gnu] ==> dir [/usr/lib/x86_64-linux-gnu]
    arg [-L/usr/lib/../lib] ==> dir [/usr/lib/../lib]
    arg [-L/usr/lib/gcc/x86_64-linux-gnu/7/../../..] ==> dir [/usr/lib/gcc/x86_64-linux-gnu/7/../../..]
    arg [CMakeFiles/cmTC_e0e3e.dir/CMakeCXXCompilerABI.cpp.o] ==> ignore
    arg [-lstdc++] ==> lib [stdc++]
    arg [-lm] ==> lib [m]
    arg [-lgcc_s] ==> lib [gcc_s]
    arg [-lgcc] ==> lib [gcc]
    arg [-lc] ==> lib [c]
    arg [-lgcc_s] ==> lib [gcc_s]
    arg [-lgcc] ==> lib [gcc]
    arg [/usr/lib/gcc/x86_64-linux-gnu/7/crtendS.o] ==> ignore
    arg [/usr/lib/gcc/x86_64-linux-gnu/7/../../../x86_64-linux-gnu/crtn.o] ==> ignore
  collapse library dir [/usr/lib/gcc/x86_64-linux-gnu/7] ==> [/usr/lib/gcc/x86_64-linux-gnu/7]
  collapse library dir [/usr/lib/gcc/x86_64-linux-gnu/7/../../../x86_64-linux-gnu] ==> [/usr/lib/x86_64-linux-gnu]
  collapse library dir [/usr/lib/gcc/x86_64-linux-gnu/7/../../../../lib] ==> [/usr/lib]
  collapse library dir [/lib/x86_64-linux-gnu] ==> [/lib/x86_64-linux-gnu]
  collapse library dir [/lib/../lib] ==> [/lib]
  collapse library dir [/usr/lib/x86_64-linux-gnu] ==> [/usr/lib/x86_64-linux-gnu]
  collapse library dir [/usr/lib/../lib] ==> [/usr/lib]
  collapse library dir [/usr/lib/gcc/x86_64-linux-gnu/7/../../..] ==> [/usr/lib]
  implicit libs: [stdc++;m;gcc_s;gcc;c;gcc_s;gcc]
  implicit dirs: [/usr/lib/gcc/x86_64-linux-gnu/7;/usr/lib/x86_64-linux-gnu;/usr/lib;/lib/x86_64-linux-gnu;/lib]
  implicit fwks: []




Detecting CXX [-std=c++1z] compiler features compiled with the following output:
Change Dir: /home/eddie/Documents/kodi-build/CMakeFiles/CMakeTmp

Run Build Command:"/usr/bin/make" "cmTC_e0b31/fast"
/usr/bin/make -f CMakeFiles/cmTC_e0b31.dir/build.make CMakeFiles/cmTC_e0b31.dir/build
make[1]: Entering directory '/home/eddie/Documents/kodi-build/CMakeFiles/CMakeTmp'
Building CXX object CMakeFiles/cmTC_e0b31.dir/feature_tests.cxx.o
/usr/bin/c++    -std=c++1z -o CMakeFiles/cmTC_e0b31.dir/feature_tests.cxx.o -c /home/eddie/Documents/kodi-build/CMakeFiles/feature_tests.cxx
Linking CXX executable cmTC_e0b31
/usr/bin/cmake -E cmake_link_script CMakeFiles/cmTC_e0b31.dir/link.txt --verbose=1
/usr/bin/c++       CMakeFiles/cmTC_e0b31.dir/feature_tests.cxx.o  -o cmTC_e0b31 
make[1]: Leaving directory '/home/eddie/Documents/kodi-build/CMakeFiles/CMakeTmp'


    Feature record: CXX_FEATURE:1cxx_aggregate_default_initializers
    Feature record: CXX_FEATURE:1cxx_alias_templates
    Feature record: CXX_FEATURE:1cxx_alignas
    Feature record: CXX_FEATURE:1cxx_alignof
    Feature record: CXX_FEATURE:1cxx_attributes
    Feature record: CXX_FEATURE:1cxx_attribute_deprecated
    Feature record: CXX_FEATURE:1cxx_auto_type
    Feature record: CXX_FEATURE:1cxx_binary_literals
    Feature record: CXX_FEATURE:1cxx_constexpr
    Feature record: CXX_FEATURE:1cxx_contextual_conversions
    Feature record: CXX_FEATURE:1cxx_decltype
    Feature record: CXX_FEATURE:1cxx_decltype_auto
    Feature record: CXX_FEATURE:1cxx_decltype_incomplete_return_types
    Feature record: CXX_FEATURE:1cxx_default_function_template_args
    Feature record: CXX_FEATURE:1cxx_defaulted_functions
    Feature record: CXX_FEATURE:1cxx_defaulted_move_initializers
    Feature record: CXX_FEATURE:1cxx_delegating_constructors
    Feature record: CXX_FEATURE:1cxx_deleted_functions
    Feature record: CXX_FEATURE:1cxx_digit_separators
    Feature record: CXX_FEATURE:1cxx_enum_forward_declarations
    Feature record: CXX_FEATURE:1cxx_explicit_conversions
    Feature record: CXX_FEATURE:1cxx_extended_friend_declarations
    Feature record: CXX_FEATURE:1cxx_extern_templates
    Feature record: CXX_FEATURE:1cxx_final
    Feature record: CXX_FEATURE:1cxx_func_identifier
    Feature record: CXX_FEATURE:1cxx_generalized_initializers
    Feature record: CXX_FEATURE:1cxx_generic_lambdas
    Feature record: CXX_FEATURE:1cxx_inheriting_constructors
    Feature record: CXX_FEATURE:1cxx_inline_namespaces
    Feature record: CXX_FEATURE:1cxx_lambdas
    Feature record: CXX_FEATURE:1cxx_lambda_init_captures
    Feature record: CXX_FEATURE:1cxx_local_type_template_args
    Feature record: CXX_FEATURE:1cxx_long_long_type
    Feature record: CXX_FEATURE:1cxx_noexcept
    Feature record: CXX_FEATURE:1cxx_nonstatic_member_init
    Feature record: CXX_FEATURE:1cxx_nullptr
    Feature record: CXX_FEATURE:1cxx_override
    Feature record: CXX_FEATURE:1cxx_range_for
    Feature record: CXX_FEATURE:1cxx_raw_string_literals
    Feature record: CXX_FEATURE:1cxx_reference_qualified_functions
    Feature record: CXX_FEATURE:1cxx_relaxed_constexpr
    Feature record: CXX_FEATURE:1cxx_return_type_deduction
    Feature record: CXX_FEATURE:1cxx_right_angle_brackets
    Feature record: CXX_FEATURE:1cxx_rvalue_references
    Feature record: CXX_FEATURE:1cxx_sizeof_member
    Feature record: CXX_FEATURE:1cxx_static_assert
    Feature record: CXX_FEATURE:1cxx_strong_enums
    Feature record: CXX_FEATURE:1cxx_template_template_parameters
    Feature record: CXX_FEATURE:1cxx_thread_local
    Feature record: CXX_FEATURE:1cxx_trailing_return_types
    Feature record: CXX_FEATURE:1cxx_unicode_literals
    Feature record: CXX_FEATURE:1cxx_uniform_initialization
    Feature record: CXX_FEATURE:1cxx_unrestricted_unions
    Feature record: CXX_FEATURE:1cxx_user_literals
    Feature record: CXX_FEATURE:1cxx_variable_templates
    Feature record: CXX_FEATURE:1cxx_variadic_macros
    Feature record: CXX_FEATURE:1cxx_variadic_templates


Detecting CXX [-std=c++14] compiler features compiled with the following output:
Change Dir: /home/eddie/Documents/kodi-build/CMakeFiles/CMakeTmp

Run Build Command:"/usr/bin/make" "cmTC_17d01/fast"
/usr/bin/make -f CMakeFiles/cmTC_17d01.dir/build.make CMakeFiles/cmTC_17d01.dir/build
make[1]: Entering directory '/home/eddie/Documents/kodi-build/CMakeFiles/CMakeTmp'
Building CXX object CMakeFiles/cmTC_17d01.dir/feature_tests.cxx.o
/usr/bin/c++    -std=c++14 -o CMakeFiles/cmTC_17d01.dir/feature_tests.cxx.o -c /home/eddie/Documents/kodi-build/CMakeFiles/feature_tests.cxx
Linking CXX executable cmTC_17d01
/usr/bin/cmake -E cmake_link_script CMakeFiles/cmTC_17d01.dir/link.txt --verbose=1
/usr/bin/c++       CMakeFiles/cmTC_17d01.dir/feature_tests.cxx.o  -o cmTC_17d01 
make[1]: Leaving directory '/home/eddie/Documents/kodi-build/CMakeFiles/CMakeTmp'


    Feature record: CXX_FEATURE:1cxx_aggregate_default_initializers
    Feature record: CXX_FEATURE:1cxx_alias_templates
    Feature record: CXX_FEATURE:1cxx_alignas
    Feature record: CXX_FEATURE:1cxx_alignof
    Feature record: CXX_FEATURE:1cxx_attributes
    Feature record: CXX_FEATURE:1cxx_attribute_deprecated
    Feature record: CXX_FEATURE:1cxx_auto_type
    Feature record: CXX_FEATURE:1cxx_binary_literals
    Feature record: CXX_FEATURE:1cxx_constexpr
    Feature record: CXX_FEATURE:1cxx_contextual_conversions
    Feature record: CXX_FEATURE:1cxx_decltype
    Feature record: CXX_FEATURE:1cxx_decltype_auto
    Feature record: CXX_FEATURE:1cxx_decltype_incomplete_return_types
    Feature record: CXX_FEATURE:1cxx_default_function_template_args
    Feature record: CXX_FEATURE:1cxx_defaulted_functions
    Feature record: CXX_FEATURE:1cxx_defaulted_move_initializers
    Feature record: CXX_FEATURE:1cxx_delegating_constructors
    Feature record: CXX_FEATURE:1cxx_deleted_functions
    Feature record: CXX_FEATURE:1cxx_digit_separators
    Feature record: CXX_FEATURE:1cxx_enum_forward_declarations
    Feature record: CXX_FEATURE:1cxx_explicit_conversions
    Feature record: CXX_FEATURE:1cxx_extended_friend_declarations
    Feature record: CXX_FEATURE:1cxx_extern_templates
    Feature record: CXX_FEATURE:1cxx_final
    Feature record: CXX_FEATURE:1cxx_func_identifier
    Feature record: CXX_FEATURE:1cxx_generalized_initializers
    Feature record: CXX_FEATURE:1cxx_generic_lambdas
    Feature record: CXX_FEATURE:1cxx_inheriting_constructors
    Feature record: CXX_FEATURE:1cxx_inline_namespaces
    Feature record: CXX_FEATURE:1cxx_lambdas
    Feature record: CXX_FEATURE:1cxx_lambda_init_captures
    Feature record: CXX_FEATURE:1cxx_local_type_template_args
    Feature record: CXX_FEATURE:1cxx_long_long_type
    Feature record: CXX_FEATURE:1cxx_noexcept
    Feature record: CXX_FEATURE:1cxx_nonstatic_member_init
    Feature record: CXX_FEATURE:1cxx_nullptr
    Feature record: CXX_FEATURE:1cxx_override
    Feature record: CXX_FEATURE:1cxx_range_for
    Feature record: CXX_FEATURE:1cxx_raw_string_literals
    Feature record: CXX_FEATURE:1cxx_reference_qualified_functions
    Feature record: CXX_FEATURE:1cxx_relaxed_constexpr
    Feature record: CXX_FEATURE:1cxx_return_type_deduction
    Feature record: CXX_FEATURE:1cxx_right_angle_brackets
    Feature record: CXX_FEATURE:1cxx_rvalue_references
    Feature record: CXX_FEATURE:1cxx_sizeof_member
    Feature record: CXX_FEATURE:1cxx_static_assert
    Feature record: CXX_FEATURE:1cxx_strong_enums
    Feature record: CXX_FEATURE:1cxx_template_template_parameters
    Feature record: CXX_FEATURE:1cxx_thread_local
    Feature record: CXX_FEATURE:1cxx_trailing_return_types
    Feature record: CXX_FEATURE:1cxx_unicode_literals
    Feature record: CXX_FEATURE:1cxx_uniform_initialization
    Feature record: CXX_FEATURE:1cxx_unrestricted_unions
    Feature record: CXX_FEATURE:1cxx_user_literals
    Feature record: CXX_FEATURE:1cxx_variable_templates
    Feature record: CXX_FEATURE:1cxx_variadic_macros
    Feature record: CXX_FEATURE:1cxx_variadic_templates


Detecting CXX [-std=c++11] compiler features compiled with the following output:
Change Dir: /home/eddie/Documents/kodi-build/CMakeFiles/CMakeTmp

Run Build Command:"/usr/bin/make" "cmTC_73810/fast"
/usr/bin/make -f CMakeFiles/cmTC_73810.dir/build.make CMakeFiles/cmTC_73810.dir/build
make[1]: Entering directory '/home/eddie/Documents/kodi-build/CMakeFiles/CMakeTmp'
Building CXX object CMakeFiles/cmTC_73810.dir/feature_tests.cxx.o
/usr/bin/c++    -std=c++11 -o CMakeFiles/cmTC_73810.dir/feature_tests.cxx.o -c /home/eddie/Documents/kodi-build/CMakeFiles/feature_tests.cxx
Linking CXX executable cmTC_73810
/usr/bin/cmake -E cmake_link_script CMakeFiles/cmTC_73810.dir/link.txt --verbose=1
/usr/bin/c++       CMakeFiles/cmTC_73810.dir/feature_tests.cxx.o  -o cmTC_73810 
make[1]: Leaving directory '/home/eddie/Documents/kodi-build/CMakeFiles/CMakeTmp'


    Feature record: CXX_FEATURE:0cxx_aggregate_default_initializers
    Feature record: CXX_FEATURE:1cxx_alias_templates
    Feature record: CXX_FEATURE:1cxx_alignas
    Feature record: CXX_FEATURE:1cxx_alignof
    Feature record: CXX_FEATURE:1cxx_attributes
    Feature record: CXX_FEATURE:0cxx_attribute_deprecated
    Feature record: CXX_FEATURE:1cxx_auto_type
    Feature record: CXX_FEATURE:0cxx_binary_literals
    Feature record: CXX_FEATURE:1cxx_constexpr
    Feature record: CXX_FEATURE:0cxx_contextual_conversions
    Feature record: CXX_FEATURE:1cxx_decltype
    Feature record: CXX_FEATURE:0cxx_decltype_auto
    Feature record: CXX_FEATURE:1cxx_decltype_incomplete_return_types
    Feature record: CXX_FEATURE:1cxx_default_function_template_args
    Feature record: CXX_FEATURE:1cxx_defaulted_functions
    Feature record: CXX_FEATURE:1cxx_defaulted_move_initializers
    Feature record: CXX_FEATURE:1cxx_delegating_constructors
    Feature record: CXX_FEATURE:1cxx_deleted_functions
    Feature record: CXX_FEATURE:0cxx_digit_separators
    Feature record: CXX_FEATURE:1cxx_enum_forward_declarations
    Feature record: CXX_FEATURE:1cxx_explicit_conversions
    Feature record: CXX_FEATURE:1cxx_extended_friend_declarations
    Feature record: CXX_FEATURE:1cxx_extern_templates
    Feature record: CXX_FEATURE:1cxx_final
    Feature record: CXX_FEATURE:1cxx_func_identifier
    Feature record: CXX_FEATURE:1cxx_generalized_initializers
    Feature record: CXX_FEATURE:0cxx_generic_lambdas
    Feature record: CXX_FEATURE:1cxx_inheriting_constructors
    Feature record: CXX_FEATURE:1cxx_inline_namespaces
    Feature record: CXX_FEATURE:1cxx_lambdas
    Feature record: CXX_FEATURE:0cxx_lambda_init_captures
    Feature record: CXX_FEATURE:1cxx_local_type_template_args
    Feature record: CXX_FEATURE:1cxx_long_long_type
    Feature record: CXX_FEATURE:1cxx_noexcept
    Feature record: CXX_FEATURE:1cxx_nonstatic_member_init
    Feature record: CXX_FEATURE:1cxx_nullptr
    Feature record: CXX_FEATURE:1cxx_override
    Feature record: CXX_FEATURE:1cxx_range_for
    Feature record: CXX_FEATURE:1cxx_raw_string_literals
    Feature record: CXX_FEATURE:1cxx_reference_qualified_functions
    Feature record: CXX_FEATURE:0cxx_relaxed_constexpr
    Feature record: CXX_FEATURE:0cxx_return_type_deduction
    Feature record: CXX_FEATURE:1cxx_right_angle_brackets
    Feature record: CXX_FEATURE:1cxx_rvalue_references
    Feature record: CXX_FEATURE:1cxx_sizeof_member
    Feature record: CXX_FEATURE:1cxx_static_assert
    Feature record: CXX_FEATURE:1cxx_strong_enums
    Feature record: CXX_FEATURE:1cxx_template_template_parameters
    Feature record: CXX_FEATURE:1cxx_thread_local
    Feature record: CXX_FEATURE:1cxx_trailing_return_types
    Feature record: CXX_FEATURE:1cxx_unicode_literals
    Feature record: CXX_FEATURE:1cxx_uniform_initialization
    Feature record: CXX_FEATURE:1cxx_unrestricted_unions
    Feature record: CXX_FEATURE:1cxx_user_literals
    Feature record: CXX_FEATURE:0cxx_variable_templates
    Feature record: CXX_FEATURE:1cxx_variadic_macros
    Feature record: CXX_FEATURE:1cxx_variadic_templates


Detecting CXX [-std=c++98] compiler features compiled with the following output:
Change Dir: /home/eddie/Documents/kodi-build/CMakeFiles/CMakeTmp

Run Build Command:"/usr/bin/make" "cmTC_eca9a/fast"
/usr/bin/make -f CMakeFiles/cmTC_eca9a.dir/build.make CMakeFiles/cmTC_eca9a.dir/build
make[1]: Entering directory '/home/eddie/Documents/kodi-build/CMakeFiles/CMakeTmp'
Building CXX object CMakeFiles/cmTC_eca9a.dir/feature_tests.cxx.o
/usr/bin/c++    -std=c++98 -o CMakeFiles/cmTC_eca9a.dir/feature_tests.cxx.o -c /home/eddie/Documents/kodi-build/CMakeFiles/feature_tests.cxx
Linking CXX executable cmTC_eca9a
/usr/bin/cmake -E cmake_link_script CMakeFiles/cmTC_eca9a.dir/link.txt --verbose=1
/usr/bin/c++       CMakeFiles/cmTC_eca9a.dir/feature_tests.cxx.o  -o cmTC_eca9a 
make[1]: Leaving directory '/home/eddie/Documents/kodi-build/CMakeFiles/CMakeTmp'


    Feature record: CXX_FEATURE:0cxx_aggregate_default_initializers
    Feature record: CXX_FEATURE:0cxx_alias_templates
    Feature record: CXX_FEATURE:0cxx_alignas
    Feature record: CXX_FEATURE:0cxx_alignof
    Feature record: CXX_FEATURE:0cxx_attributes
    Feature record: CXX_FEATURE:0cxx_attribute_deprecated
    Feature record: CXX_FEATURE:0cxx_auto_type
    Feature record: CXX_FEATURE:0cxx_binary_literals
    Feature record: CXX_FEATURE:0cxx_constexpr
    Feature record: CXX_FEATURE:0cxx_contextual_conversions
    Feature record: CXX_FEATURE:0cxx_decltype
    Feature record: CXX_FEATURE:0cxx_decltype_auto
    Feature record: CXX_FEATURE:0cxx_decltype_incomplete_return_types
    Feature record: CXX_FEATURE:0cxx_default_function_template_args
    Feature record: CXX_FEATURE:0cxx_defaulted_functions
    Feature record: CXX_FEATURE:0cxx_defaulted_move_initializers
    Feature record: CXX_FEATURE:0cxx_delegating_constructors
    Feature record: CXX_FEATURE:0cxx_deleted_functions
    Feature record: CXX_FEATURE:0cxx_digit_separators
    Feature record: CXX_FEATURE:0cxx_enum_forward_declarations
    Feature record: CXX_FEATURE:0cxx_explicit_conversions
    Feature record: CXX_FEATURE:0cxx_extended_friend_declarations
    Feature record: CXX_FEATURE:0cxx_extern_templates
    Feature record: CXX_FEATURE:0cxx_final
    Feature record: CXX_FEATURE:0cxx_func_identifier
    Feature record: CXX_FEATURE:0cxx_generalized_initializers
    Feature record: CXX_FEATURE:0cxx_generic_lambdas
    Feature record: CXX_FEATURE:0cxx_inheriting_constructors
    Feature record: CXX_FEATURE:0cxx_inline_namespaces
    Feature record: CXX_FEATURE:0cxx_lambdas
    Feature record: CXX_FEATURE:0cxx_lambda_init_captures
    Feature record: CXX_FEATURE:0cxx_local_type_template_args
    Feature record: CXX_FEATURE:0cxx_long_long_type
    Feature record: CXX_FEATURE:0cxx_noexcept
    Feature record: CXX_FEATURE:0cxx_nonstatic_member_init
    Feature record: CXX_FEATURE:0cxx_nullptr
    Feature record: CXX_FEATURE:0cxx_override
    Feature record: CXX_FEATURE:0cxx_range_for
    Feature record: CXX_FEATURE:0cxx_raw_string_literals
    Feature record: CXX_FEATURE:0cxx_reference_qualified_functions
    Feature record: CXX_FEATURE:0cxx_relaxed_constexpr
    Feature record: CXX_FEATURE:0cxx_return_type_deduction
    Feature record: CXX_FEATURE:0cxx_right_angle_brackets
    Feature record: CXX_FEATURE:0cxx_rvalue_references
    Feature record: CXX_FEATURE:0cxx_sizeof_member
    Feature record: CXX_FEATURE:0cxx_static_assert
    Feature record: CXX_FEATURE:0cxx_strong_enums
    Feature record: CXX_FEATURE:1cxx_template_template_parameters
    Feature record: CXX_FEATURE:0cxx_thread_local
    Feature record: CXX_FEATURE:0cxx_trailing_return_types
    Feature record: CXX_FEATURE:0cxx_unicode_literals
    Feature record: CXX_FEATURE:0cxx_uniform_initialization
    Feature record: CXX_FEATURE:0cxx_unrestricted_unions
    Feature record: CXX_FEATURE:0cxx_user_literals
    Feature record: CXX_FEATURE:0cxx_variable_templates
    Feature record: CXX_FEATURE:0cxx_variadic_macros
    Feature record: CXX_FEATURE:0cxx_variadic_templates
Determining if the C compiler works passed with the following output:
Change Dir: /home/eddie/Documents/kodi-build/CMakeFiles/CMakeTmp

Run Build Command:"/usr/bin/make" "cmTC_0b46c/fast"
/usr/bin/make -f CMakeFiles/cmTC_0b46c.dir/build.make CMakeFiles/cmTC_0b46c.dir/build
make[1]: Entering directory '/home/eddie/Documents/kodi-build/CMakeFiles/CMakeTmp'
Building C object CMakeFiles/cmTC_0b46c.dir/testCCompiler.c.o
/usr/bin/cc    -o CMakeFiles/cmTC_0b46c.dir/testCCompiler.c.o   -c /home/eddie/Documents/kodi-build/CMakeFiles/CMakeTmp/testCCompiler.c
Linking C executable cmTC_0b46c
/usr/bin/cmake -E cmake_link_script CMakeFiles/cmTC_0b46c.dir/link.txt --verbose=1
/usr/bin/cc      CMakeFiles/cmTC_0b46c.dir/testCCompiler.c.o  -o cmTC_0b46c 
make[1]: Leaving directory '/home/eddie/Documents/kodi-build/CMakeFiles/CMakeTmp'


Detecting C compiler ABI info compiled with the following output:
Change Dir: /home/eddie/Documents/kodi-build/CMakeFiles/CMakeTmp

Run Build Command:"/usr/bin/make" "cmTC_bda26/fast"
/usr/bin/make -f CMakeFiles/cmTC_bda26.dir/build.make CMakeFiles/cmTC_bda26.dir/build
make[1]: Entering directory '/home/eddie/Documents/kodi-build/CMakeFiles/CMakeTmp'
Building C object CMakeFiles/cmTC_bda26.dir/CMakeCCompilerABI.c.o
/usr/bin/cc    -o CMakeFiles/cmTC_bda26.dir/CMakeCCompilerABI.c.o   -c /usr/share/cmake-3.10/Modules/CMakeCCompilerABI.c
Linking C executable cmTC_bda26
/usr/bin/cmake -E cmake_link_script CMakeFiles/cmTC_bda26.dir/link.txt --verbose=1
/usr/bin/cc     -v CMakeFiles/cmTC_bda26.dir/CMakeCCompilerABI.c.o  -o cmTC_bda26 
Using built-in specs.
COLLECT_GCC=/usr/bin/cc
COLLECT_LTO_WRAPPER=/usr/lib/gcc/x86_64-linux-gnu/7/lto-wrapper
OFFLOAD_TARGET_NAMES=nvptx-none
OFFLOAD_TARGET_DEFAULT=1
Target: x86_64-linux-gnu
Configured with: ../src/configure -v --with-pkgversion='Ubuntu 7.3.0-27ubuntu1~18.04' --with-bugurl=file:///usr/share/doc/gcc-7/README.Bugs --enable-languages=c,ada,c++,go,brig,d,fortran,objc,obj-c++ --prefix=/usr --with-gcc-major-version-only --program-suffix=-7 --program-prefix=x86_64-linux-gnu- --enable-shared --enable-linker-build-id --libexecdir=/usr/lib --without-included-gettext --enable-threads=posix --libdir=/usr/lib --enable-nls --with-sysroot=/ --enable-clocale=gnu --enable-libstdcxx-debug --enable-libstdcxx-time=yes --with-default-libstdcxx-abi=new --enable-gnu-unique-object --disable-vtable-verify --enable-libmpx --enable-plugin --enable-default-pie --with-system-zlib --with-target-system-zlib --enable-objc-gc=auto --enable-multiarch --disable-werror --with-arch-32=i686 --with-abi=m64 --with-multilib-list=m32,m64,mx32 --enable-multilib --with-tune=generic --enable-offload-targets=nvptx-none --without-cuda-driver --enable-checking=release --build=x86_64-linux-gnu --host=x86_64-linux-gnu --target=x86_64-linux-gnu
Thread model: posix
gcc version 7.3.0 (Ubuntu 7.3.0-27ubuntu1~18.04) 
COMPILER_PATH=/usr/lib/gcc/x86_64-linux-gnu/7/:/usr/lib/gcc/x86_64-linux-gnu/7/:/usr/lib/gcc/x86_64-linux-gnu/:/usr/lib/gcc/x86_64-linux-gnu/7/:/usr/lib/gcc/x86_64-linux-gnu/
LIBRARY_PATH=/usr/lib/gcc/x86_64-linux-gnu/7/:/usr/lib/gcc/x86_64-linux-gnu/7/../../../x86_64-linux-gnu/:/usr/lib/gcc/x86_64-linux-gnu/7/../../../../lib/:/lib/x86_64-linux-gnu/:/lib/../lib/:/usr/lib/x86_64-linux-gnu/:/usr/lib/../lib/:/usr/lib/gcc/x86_64-linux-gnu/7/../../../:/lib/:/usr/lib/
COLLECT_GCC_OPTIONS='-v' '-o' 'cmTC_bda26' '-mtune=generic' '-march=x86-64'
 /usr/lib/gcc/x86_64-linux-gnu/7/collect2 -plugin /usr/lib/gcc/x86_64-linux-gnu/7/liblto_plugin.so -plugin-opt=/usr/lib/gcc/x86_64-linux-gnu/7/lto-wrapper -plugin-opt=-fresolution=/tmp/ccwoMTQ0.res -plugin-opt=-pass-through=-lgcc -plugin-opt=-pass-through=-lgcc_s -plugin-opt=-pass-through=-lc -plugin-opt=-pass-through=-lgcc -plugin-opt=-pass-through=-lgcc_s --sysroot=/ --build-id --eh-frame-hdr -m elf_x86_64 --hash-style=gnu --as-needed -dynamic-linker /lib64/ld-linux-x86-64.so.2 -pie -z now -z relro -o cmTC_bda26 /usr/lib/gcc/x86_64-linux-gnu/7/../../../x86_64-linux-gnu/Scrt1.o /usr/lib/gcc/x86_64-linux-gnu/7/../../../x86_64-linux-gnu/crti.o /usr/lib/gcc/x86_64-linux-gnu/7/crtbeginS.o -L/usr/lib/gcc/x86_64-linux-gnu/7 -L/usr/lib/gcc/x86_64-linux-gnu/7/../../../x86_64-linux-gnu -L/usr/lib/gcc/x86_64-linux-gnu/7/../../../../lib -L/lib/x86_64-linux-gnu -L/lib/../lib -L/usr/lib/x86_64-linux-gnu -L/usr/lib/../lib -L/usr/lib/gcc/x86_64-linux-gnu/7/../../.. CMakeFiles/cmTC_bda26.dir/CMakeCCompilerABI.c.o -lgcc --push-state --as-needed -lgcc_s --pop-state -lc -lgcc --push-state --as-needed -lgcc_s --pop-state /usr/lib/gcc/x86_64-linux-gnu/7/crtendS.o /usr/lib/gcc/x86_64-linux-gnu/7/../../../x86_64-linux-gnu/crtn.o
COLLECT_GCC_OPTIONS='-v' '-o' 'cmTC_bda26' '-mtune=generic' '-march=x86-64'
make[1]: Leaving directory '/home/eddie/Documents/kodi-build/CMakeFiles/CMakeTmp'


Parsed C implicit link information from above output:
  link line regex: [^( *|.*[/\])(ld|CMAKE_LINK_STARTFILE-NOTFOUND|([^/\]+-)?ld|collect2)[^/\]*( |$)]
  ignore line: [Change Dir: /home/eddie/Documents/kodi-build/CMakeFiles/CMakeTmp]
  ignore line: []
  ignore line: [Run Build Command:"/usr/bin/make" "cmTC_bda26/fast"]
  ignore line: [/usr/bin/make -f CMakeFiles/cmTC_bda26.dir/build.make CMakeFiles/cmTC_bda26.dir/build]
  ignore line: [make[1]: Entering directory '/home/eddie/Documents/kodi-build/CMakeFiles/CMakeTmp']
  ignore line: [Building C object CMakeFiles/cmTC_bda26.dir/CMakeCCompilerABI.c.o]
  ignore line: [/usr/bin/cc    -o CMakeFiles/cmTC_bda26.dir/CMakeCCompilerABI.c.o   -c /usr/share/cmake-3.10/Modules/CMakeCCompilerABI.c]
  ignore line: [Linking C executable cmTC_bda26]
  ignore line: [/usr/bin/cmake -E cmake_link_script CMakeFiles/cmTC_bda26.dir/link.txt --verbose=1]
  ignore line: [/usr/bin/cc     -v CMakeFiles/cmTC_bda26.dir/CMakeCCompilerABI.c.o  -o cmTC_bda26 ]
  ignore line: [Using built-in specs.]
  ignore line: [COLLECT_GCC=/usr/bin/cc]
  ignore line: [COLLECT_LTO_WRAPPER=/usr/lib/gcc/x86_64-linux-gnu/7/lto-wrapper]
  ignore line: [OFFLOAD_TARGET_NAMES=nvptx-none]
  ignore line: [OFFLOAD_TARGET_DEFAULT=1]
  ignore line: [Target: x86_64-linux-gnu]
  ignore line: [Configured with: ../src/configure -v --with-pkgversion='Ubuntu 7.3.0-27ubuntu1~18.04' --with-bugurl=file:///usr/share/doc/gcc-7/README.Bugs --enable-languages=c,ada,c++,go,brig,d,fortran,objc,obj-c++ --prefix=/usr --with-gcc-major-version-only --program-suffix=-7 --program-prefix=x86_64-linux-gnu- --enable-shared --enable-linker-build-id --libexecdir=/usr/lib --without-included-gettext --enable-threads=posix --libdir=/usr/lib --enable-nls --with-sysroot=/ --enable-clocale=gnu --enable-libstdcxx-debug --enable-libstdcxx-time=yes --with-default-libstdcxx-abi=new --enable-gnu-unique-object --disable-vtable-verify --enable-libmpx --enable-plugin --enable-default-pie --with-system-zlib --with-target-system-zlib --enable-objc-gc=auto --enable-multiarch --disable-werror --with-arch-32=i686 --with-abi=m64 --with-multilib-list=m32,m64,mx32 --enable-multilib --with-tune=generic --enable-offload-targets=nvptx-none --without-cuda-driver --enable-checking=release --build=x86_64-linux-gnu --host=x86_64-linux-gnu --target=x86_64-linux-gnu]
  ignore line: [Thread model: posix]
  ignore line: [gcc version 7.3.0 (Ubuntu 7.3.0-27ubuntu1~18.04) ]
  ignore line: [COMPILER_PATH=/usr/lib/gcc/x86_64-linux-gnu/7/:/usr/lib/gcc/x86_64-linux-gnu/7/:/usr/lib/gcc/x86_64-linux-gnu/:/usr/lib/gcc/x86_64-linux-gnu/7/:/usr/lib/gcc/x86_64-linux-gnu/]
  ignore line: [LIBRARY_PATH=/usr/lib/gcc/x86_64-linux-gnu/7/:/usr/lib/gcc/x86_64-linux-gnu/7/../../../x86_64-linux-gnu/:/usr/lib/gcc/x86_64-linux-gnu/7/../../../../lib/:/lib/x86_64-linux-gnu/:/lib/../lib/:/usr/lib/x86_64-linux-gnu/:/usr/lib/../lib/:/usr/lib/gcc/x86_64-linux-gnu/7/../../../:/lib/:/usr/lib/]
  ignore line: [COLLECT_GCC_OPTIONS='-v' '-o' 'cmTC_bda26' '-mtune=generic' '-march=x86-64']
  link line: [ /usr/lib/gcc/x86_64-linux-gnu/7/collect2 -plugin /usr/lib/gcc/x86_64-linux-gnu/7/liblto_plugin.so -plugin-opt=/usr/lib/gcc/x86_64-linux-gnu/7/lto-wrapper -plugin-opt=-fresolution=/tmp/ccwoMTQ0.res -plugin-opt=-pass-through=-lgcc -plugin-opt=-pass-through=-lgcc_s -plugin-opt=-pass-through=-lc -plugin-opt=-pass-through=-lgcc -plugin-opt=-pass-through=-lgcc_s --sysroot=/ --build-id --eh-frame-hdr -m elf_x86_64 --hash-style=gnu --as-needed -dynamic-linker /lib64/ld-linux-x86-64.so.2 -pie -z now -z relro -o cmTC_bda26 /usr/lib/gcc/x86_64-linux-gnu/7/../../../x86_64-linux-gnu/Scrt1.o /usr/lib/gcc/x86_64-linux-gnu/7/../../../x86_64-linux-gnu/crti.o /usr/lib/gcc/x86_64-linux-gnu/7/crtbeginS.o -L/usr/lib/gcc/x86_64-linux-gnu/7 -L/usr/lib/gcc/x86_64-linux-gnu/7/../../../x86_64-linux-gnu -L/usr/lib/gcc/x86_64-linux-gnu/7/../../../../lib -L/lib/x86_64-linux-gnu -L/lib/../lib -L/usr/lib/x86_64-linux-gnu -L/usr/lib/../lib -L/usr/lib/gcc/x86_64-linux-gnu/7/../../.. CMakeFiles/cmTC_bda26.dir/CMakeCCompilerABI.c.o -lgcc --push-state --as-needed -lgcc_s --pop-state -lc -lgcc --push-state --as-needed -lgcc_s --pop-state /usr/lib/gcc/x86_64-linux-gnu/7/crtendS.o /usr/lib/gcc/x86_64-linux-gnu/7/../../../x86_64-linux-gnu/crtn.o]
    arg [/usr/lib/gcc/x86_64-linux-gnu/7/collect2] ==> ignore
    arg [-plugin] ==> ignore
    arg [/usr/lib/gcc/x86_64-linux-gnu/7/liblto_plugin.so] ==> ignore
    arg [-plugin-opt=/usr/lib/gcc/x86_64-linux-gnu/7/lto-wrapper] ==> ignore
    arg [-plugin-opt=-fresolution=/tmp/ccwoMTQ0.res] ==> ignore
    arg [-plugin-opt=-pass-through=-lgcc] ==> ignore
    arg [-plugin-opt=-pass-through=-lgcc_s] ==> ignore
    arg [-plugin-opt=-pass-through=-lc] ==> ignore
    arg [-plugin-opt=-pass-through=-lgcc] ==> ignore
    arg [-plugin-opt=-pass-through=-lgcc_s] ==> ignore
    arg [--sysroot=/] ==> ignore
    arg [--build-id] ==> ignore
    arg [--eh-frame-hdr] ==> ignore
    arg [-m] ==> ignore
    arg [elf_x86_64] ==> ignore
    arg [--hash-style=gnu] ==> ignore
    arg [--as-needed] ==> ignore
    arg [-dynamic-linker] ==> ignore
    arg [/lib64/ld-linux-x86-64.so.2] ==> ignore
    arg [-pie] ==> ignore
    arg [-znow] ==> ignore
    arg [-zrelro] ==> ignore
    arg [-o] ==> ignore
    arg [cmTC_bda26] ==> ignore
    arg [/usr/lib/gcc/x86_64-linux-gnu/7/../../../x86_64-linux-gnu/Scrt1.o] ==> ignore
    arg [/usr/lib/gcc/x86_64-linux-gnu/7/../../../x86_64-linux-gnu/crti.o] ==> ignore
    arg [/usr/lib/gcc/x86_64-linux-gnu/7/crtbeginS.o] ==> ignore
    arg [-L/usr/lib/gcc/x86_64-linux-gnu/7] ==> dir [/usr/lib/gcc/x86_64-linux-gnu/7]
    arg [-L/usr/lib/gcc/x86_64-linux-gnu/7/../../../x86_64-linux-gnu] ==> dir [/usr/lib/gcc/x86_64-linux-gnu/7/../../../x86_64-linux-gnu]
    arg [-L/usr/lib/gcc/x86_64-linux-gnu/7/../../../../lib] ==> dir [/usr/lib/gcc/x86_64-linux-gnu/7/../../../../lib]
    arg [-L/lib/x86_64-linux-gnu] ==> dir [/lib/x86_64-linux-gnu]
    arg [-L/lib/../lib] ==> dir [/lib/../lib]
    arg [-L/usr/lib/x86_64-linux-gnu] ==> dir [/usr/lib/x86_64-linux-gnu]
    arg [-L/usr/lib/../lib] ==> dir [/usr/lib/../lib]
    arg [-L/usr/lib/gcc/x86_64-linux-gnu/7/../../..] ==> dir [/usr/lib/gcc/x86_64-linux-gnu/7/../../..]
    arg [CMakeFiles/cmTC_bda26.dir/CMakeCCompilerABI.c.o] ==> ignore
    arg [-lgcc] ==> lib [gcc]
    arg [--push-state] ==> ignore
    arg [--as-needed] ==> ignore
    arg [-lgcc_s] ==> lib [gcc_s]
    arg [--pop-state] ==> ignore
    arg [-lc] ==> lib [c]
    arg [-lgcc] ==> lib [gcc]
    arg [--push-state] ==> ignore
    arg [--as-needed] ==> ignore
    arg [-lgcc_s] ==> lib [gcc_s]
    arg [--pop-state] ==> ignore
    arg [/usr/lib/gcc/x86_64-linux-gnu/7/crtendS.o] ==> ignore
    arg [/usr/lib/gcc/x86_64-linux-gnu/7/../../../x86_64-linux-gnu/crtn.o] ==> ignore
  collapse library dir [/usr/lib/gcc/x86_64-linux-gnu/7] ==> [/usr/lib/gcc/x86_64-linux-gnu/7]
  collapse library dir [/usr/lib/gcc/x86_64-linux-gnu/7/../../../x86_64-linux-gnu] ==> [/usr/lib/x86_64-linux-gnu]
  collapse library dir [/usr/lib/gcc/x86_64-linux-gnu/7/../../../../lib] ==> [/usr/lib]
  collapse library dir [/lib/x86_64-linux-gnu] ==> [/lib/x86_64-linux-gnu]
  collapse library dir [/lib/../lib] ==> [/lib]
  collapse library dir [/usr/lib/x86_64-linux-gnu] ==> [/usr/lib/x86_64-linux-gnu]
  collapse library dir [/usr/lib/../lib] ==> [/usr/lib]
  collapse library dir [/usr/lib/gcc/x86_64-linux-gnu/7/../../..] ==> [/usr/lib]
  implicit libs: [gcc;gcc_s;c;gcc;gcc_s]
  implicit dirs: [/usr/lib/gcc/x86_64-linux-gnu/7;/usr/lib/x86_64-linux-gnu;/usr/lib;/lib/x86_64-linux-gnu;/lib]
  implicit fwks: []




Detecting C [-std=c11] compiler features compiled with the following output:
Change Dir: /home/eddie/Documents/kodi-build/CMakeFiles/CMakeTmp

Run Build Command:"/usr/bin/make" "cmTC_9c062/fast"
/usr/bin/make -f CMakeFiles/cmTC_9c062.dir/build.make CMakeFiles/cmTC_9c062.dir/build
make[1]: Entering directory '/home/eddie/Documents/kodi-build/CMakeFiles/CMakeTmp'
Building C object CMakeFiles/cmTC_9c062.dir/feature_tests.c.o
/usr/bin/cc   -std=c11 -o CMakeFiles/cmTC_9c062.dir/feature_tests.c.o   -c /home/eddie/Documents/kodi-build/CMakeFiles/feature_tests.c
Linking C executable cmTC_9c062
/usr/bin/cmake -E cmake_link_script CMakeFiles/cmTC_9c062.dir/link.txt --verbose=1
/usr/bin/cc      CMakeFiles/cmTC_9c062.dir/feature_tests.c.o  -o cmTC_9c062 
make[1]: Leaving directory '/home/eddie/Documents/kodi-build/CMakeFiles/CMakeTmp'


    Feature record: C_FEATURE:1c_function_prototypes
    Feature record: C_FEATURE:1c_restrict
    Feature record: C_FEATURE:1c_static_assert
    Feature record: C_FEATURE:1c_variadic_macros


Detecting C [-std=c99] compiler features compiled with the following output:
Change Dir: /home/eddie/Documents/kodi-build/CMakeFiles/CMakeTmp

Run Build Command:"/usr/bin/make" "cmTC_b5965/fast"
/usr/bin/make -f CMakeFiles/cmTC_b5965.dir/build.make CMakeFiles/cmTC_b5965.dir/build
make[1]: Entering directory '/home/eddie/Documents/kodi-build/CMakeFiles/CMakeTmp'
Building C object CMakeFiles/cmTC_b5965.dir/feature_tests.c.o
/usr/bin/cc   -std=c99 -o CMakeFiles/cmTC_b5965.dir/feature_tests.c.o   -c /home/eddie/Documents/kodi-build/CMakeFiles/feature_tests.c
Linking C executable cmTC_b5965
/usr/bin/cmake -E cmake_link_script CMakeFiles/cmTC_b5965.dir/link.txt --verbose=1
/usr/bin/cc      CMakeFiles/cmTC_b5965.dir/feature_tests.c.o  -o cmTC_b5965 
make[1]: Leaving directory '/home/eddie/Documents/kodi-build/CMakeFiles/CMakeTmp'


    Feature record: C_FEATURE:1c_function_prototypes
    Feature record: C_FEATURE:1c_restrict
    Feature record: C_FEATURE:0c_static_assert
    Feature record: C_FEATURE:1c_variadic_macros


Detecting C [-std=c90] compiler features compiled with the following output:
Change Dir: /home/eddie/Documents/kodi-build/CMakeFiles/CMakeTmp

Run Build Command:"/usr/bin/make" "cmTC_f1cac/fast"
/usr/bin/make -f CMakeFiles/cmTC_f1cac.dir/build.make CMakeFiles/cmTC_f1cac.dir/build
make[1]: Entering directory '/home/eddie/Documents/kodi-build/CMakeFiles/CMakeTmp'
Building C object CMakeFiles/cmTC_f1cac.dir/feature_tests.c.o
/usr/bin/cc   -std=c90 -o CMakeFiles/cmTC_f1cac.dir/feature_tests.c.o   -c /home/eddie/Documents/kodi-build/CMakeFiles/feature_tests.c
Linking C executable cmTC_f1cac
/usr/bin/cmake -E cmake_link_script CMakeFiles/cmTC_f1cac.dir/link.txt --verbose=1
/usr/bin/cc      CMakeFiles/cmTC_f1cac.dir/feature_tests.c.o  -o cmTC_f1cac 
make[1]: Leaving directory '/home/eddie/Documents/kodi-build/CMakeFiles/CMakeTmp'


    Feature record: C_FEATURE:1c_function_prototypes
    Feature record: C_FEATURE:0c_restrict
    Feature record: C_FEATURE:0c_static_assert
    Feature record: C_FEATURE:0c_variadic_macros
Determining if the CXX compiler accepts the flag -std=c++11 passed with the following output:
Change Dir: /home/eddie/Documents/kodi-build/CMakeFiles/CMakeTmp

Run Build Command:"/usr/bin/make" "cmTC_ad6e7/fast"
/usr/bin/make -f CMakeFiles/cmTC_ad6e7.dir/build.make CMakeFiles/cmTC_ad6e7.dir/build
make[1]: Entering directory '/home/eddie/Documents/kodi-build/CMakeFiles/CMakeTmp'
Building CXX object CMakeFiles/cmTC_ad6e7.dir/DummyCXXFile.cxx.o
/usr/bin/c++    -std=c++11   -o CMakeFiles/cmTC_ad6e7.dir/DummyCXXFile.cxx.o -c /usr/share/cmake-3.10/Modules/DummyCXXFile.cxx
Linking CXX executable cmTC_ad6e7
/usr/bin/cmake -E cmake_link_script CMakeFiles/cmTC_ad6e7.dir/link.txt --verbose=1
/usr/bin/c++   -std=c++11    CMakeFiles/cmTC_ad6e7.dir/DummyCXXFile.cxx.o  -o cmTC_ad6e7 
make[1]: Leaving directory '/home/eddie/Documents/kodi-build/CMakeFiles/CMakeTmp'


Determining if files linux/memfd.h exist passed with the following output:
Change Dir: /home/eddie/Documents/kodi-build/CMakeFiles/CMakeTmp

Run Build Command:"/usr/bin/make" "cmTC_e479c/fast"
/usr/bin/make -f CMakeFiles/cmTC_e479c.dir/build.make CMakeFiles/cmTC_e479c.dir/build
make[1]: Entering directory '/home/eddie/Documents/kodi-build/CMakeFiles/CMakeTmp'
Building C object CMakeFiles/cmTC_e479c.dir/CheckIncludeFiles.c.o
/usr/bin/cc    -o CMakeFiles/cmTC_e479c.dir/CheckIncludeFiles.c.o   -c /home/eddie/Documents/kodi-build/CMakeFiles/CMakeTmp/CheckIncludeFiles.c
Linking C executable cmTC_e479c
/usr/bin/cmake -E cmake_link_script CMakeFiles/cmTC_e479c.dir/link.txt --verbose=1
/usr/bin/cc     -fuse-ld=gold  CMakeFiles/cmTC_e479c.dir/CheckIncludeFiles.c.o  -o cmTC_e479c 
make[1]: Leaving directory '/home/eddie/Documents/kodi-build/CMakeFiles/CMakeTmp'


Determining if the mkostemp exist passed with the following output:
Change Dir: /home/eddie/Documents/kodi-build/CMakeFiles/CMakeTmp

Run Build Command:"/usr/bin/make" "cmTC_0a024/fast"
/usr/bin/make -f CMakeFiles/cmTC_0a024.dir/build.make CMakeFiles/cmTC_0a024.dir/build
make[1]: Entering directory '/home/eddie/Documents/kodi-build/CMakeFiles/CMakeTmp'
Building C object CMakeFiles/cmTC_0a024.dir/CheckSymbolExists.c.o
/usr/bin/cc -D_GNU_SOURCE   -o CMakeFiles/cmTC_0a024.dir/CheckSymbolExists.c.o   -c /home/eddie/Documents/kodi-build/CMakeFiles/CMakeTmp/CheckSymbolExists.c
Linking C executable cmTC_0a024
/usr/bin/cmake -E cmake_link_script CMakeFiles/cmTC_0a024.dir/link.txt --verbose=1
/usr/bin/cc     -fuse-ld=gold  CMakeFiles/cmTC_0a024.dir/CheckSymbolExists.c.o  -o cmTC_0a024 
make[1]: Leaving directory '/home/eddie/Documents/kodi-build/CMakeFiles/CMakeTmp'

File /home/eddie/Documents/kodi-build/CMakeFiles/CMakeTmp/CheckSymbolExists.c:
/* */
#include <stdlib.h>

int main(int argc, char** argv)
{
  (void)argv;
#ifndef mkostemp
  return ((int*)(&mkostemp))[argc];
#else
  (void)argc;
  return 0;
#endif
}

Performing C++ SOURCE FILE Test HAVE_STD__U16_STRING succeeded with the following output:
Change Dir: /home/eddie/Documents/kodi-build/CMakeFiles/CMakeTmp

Run Build Command:"/usr/bin/make" "cmTC_e0b70/fast"
/usr/bin/make -f CMakeFiles/cmTC_e0b70.dir/build.make CMakeFiles/cmTC_e0b70.dir/build
make[1]: Entering directory '/home/eddie/Documents/kodi-build/CMakeFiles/CMakeTmp'
Building CXX object CMakeFiles/cmTC_e0b70.dir/src.cxx.o
/usr/bin/c++    -std=c++11 -DHAVE_STD__U16_STRING   -o CMakeFiles/cmTC_e0b70.dir/src.cxx.o -c /home/eddie/Documents/kodi-build/CMakeFiles/CMakeTmp/src.cxx
Linking CXX executable cmTC_e0b70
/usr/bin/cmake -E cmake_link_script CMakeFiles/cmTC_e0b70.dir/link.txt --verbose=1
/usr/bin/c++  -std=c++11 -DHAVE_STD__U16_STRING   -fuse-ld=gold  CMakeFiles/cmTC_e0b70.dir/src.cxx.o  -o cmTC_e0b70 
make[1]: Leaving directory '/home/eddie/Documents/kodi-build/CMakeFiles/CMakeTmp'

Source file was:
#include <string>
                             int main()
                             {
                               std::u16string s;
                             }
Performing C++ SOURCE FILE Test HAVE_STD__U32_STRING succeeded with the following output:
Change Dir: /home/eddie/Documents/kodi-build/CMakeFiles/CMakeTmp

Run Build Command:"/usr/bin/make" "cmTC_cc36e/fast"
/usr/bin/make -f CMakeFiles/cmTC_cc36e.dir/build.make CMakeFiles/cmTC_cc36e.dir/build
make[1]: Entering directory '/home/eddie/Documents/kodi-build/CMakeFiles/CMakeTmp'
Building CXX object CMakeFiles/cmTC_cc36e.dir/src.cxx.o
/usr/bin/c++    -std=c++11 -DHAVE_STD__U32_STRING   -o CMakeFiles/cmTC_cc36e.dir/src.cxx.o -c /home/eddie/Documents/kodi-build/CMakeFiles/CMakeTmp/src.cxx
Linking CXX executable cmTC_cc36e
/usr/bin/cmake -E cmake_link_script CMakeFiles/cmTC_cc36e.dir/link.txt --verbose=1
/usr/bin/c++  -std=c++11 -DHAVE_STD__U32_STRING   -fuse-ld=gold  CMakeFiles/cmTC_cc36e.dir/src.cxx.o  -o cmTC_cc36e 
make[1]: Leaving directory '/home/eddie/Documents/kodi-build/CMakeFiles/CMakeTmp'

Source file was:
#include <string>
                             int main()
                             {
                               std::u32string s;
                             }
Performing C++ SOURCE FILE Test HAVE_CHAR16_T succeeded with the following output:
Change Dir: /home/eddie/Documents/kodi-build/CMakeFiles/CMakeTmp

Run Build Command:"/usr/bin/make" "cmTC_cba7d/fast"
/usr/bin/make -f CMakeFiles/cmTC_cba7d.dir/build.make CMakeFiles/cmTC_cba7d.dir/build
make[1]: Entering directory '/home/eddie/Documents/kodi-build/CMakeFiles/CMakeTmp'
Building CXX object CMakeFiles/cmTC_cba7d.dir/src.cxx.o
/usr/bin/c++    -std=c++11 -DHAVE_CHAR16_T   -o CMakeFiles/cmTC_cba7d.dir/src.cxx.o -c /home/eddie/Documents/kodi-build/CMakeFiles/CMakeTmp/src.cxx
Linking CXX executable cmTC_cba7d
/usr/bin/cmake -E cmake_link_script CMakeFiles/cmTC_cba7d.dir/link.txt --verbose=1
/usr/bin/c++  -std=c++11 -DHAVE_CHAR16_T   -fuse-ld=gold  CMakeFiles/cmTC_cba7d.dir/src.cxx.o  -o cmTC_cba7d 
make[1]: Leaving directory '/home/eddie/Documents/kodi-build/CMakeFiles/CMakeTmp'

Source file was:
#include <string>
                             int main()
                             {
                               char16_t s;
                             }
Performing C++ SOURCE FILE Test HAVE_CHAR32_T succeeded with the following output:
Change Dir: /home/eddie/Documents/kodi-build/CMakeFiles/CMakeTmp

Run Build Command:"/usr/bin/make" "cmTC_42323/fast"
/usr/bin/make -f CMakeFiles/cmTC_42323.dir/build.make CMakeFiles/cmTC_42323.dir/build
make[1]: Entering directory '/home/eddie/Documents/kodi-build/CMakeFiles/CMakeTmp'
Building CXX object CMakeFiles/cmTC_42323.dir/src.cxx.o
/usr/bin/c++    -std=c++11 -DHAVE_CHAR32_T   -o CMakeFiles/cmTC_42323.dir/src.cxx.o -c /home/eddie/Documents/kodi-build/CMakeFiles/CMakeTmp/src.cxx
Linking CXX executable cmTC_42323
/usr/bin/cmake -E cmake_link_script CMakeFiles/cmTC_42323.dir/link.txt --verbose=1
/usr/bin/c++  -std=c++11 -DHAVE_CHAR32_T   -fuse-ld=gold  CMakeFiles/cmTC_42323.dir/src.cxx.o  -o cmTC_42323 
make[1]: Leaving directory '/home/eddie/Documents/kodi-build/CMakeFiles/CMakeTmp'

Source file was:
#include <string>
                             int main()
                             {
                               char32_t s;
                             }
Performing C++ SOURCE FILE Test HAVE_STDINT_H succeeded with the following output:
Change Dir: /home/eddie/Documents/kodi-build/CMakeFiles/CMakeTmp

Run Build Command:"/usr/bin/make" "cmTC_33e7b/fast"
/usr/bin/make -f CMakeFiles/cmTC_33e7b.dir/build.make CMakeFiles/cmTC_33e7b.dir/build
make[1]: Entering directory '/home/eddie/Documents/kodi-build/CMakeFiles/CMakeTmp'
Building CXX object CMakeFiles/cmTC_33e7b.dir/src.cxx.o
/usr/bin/c++    -std=c++11 -DHAVE_STDINT_H   -o CMakeFiles/cmTC_33e7b.dir/src.cxx.o -c /home/eddie/Documents/kodi-build/CMakeFiles/CMakeTmp/src.cxx
Linking CXX executable cmTC_33e7b
/usr/bin/cmake -E cmake_link_script CMakeFiles/cmTC_33e7b.dir/link.txt --verbose=1
/usr/bin/c++  -std=c++11 -DHAVE_STDINT_H   -fuse-ld=gold  CMakeFiles/cmTC_33e7b.dir/src.cxx.o  -o cmTC_33e7b 
make[1]: Leaving directory '/home/eddie/Documents/kodi-build/CMakeFiles/CMakeTmp'

Source file was:
#include <stdint.h>
                             int main()
                             {
                               uint_least16_t s;
                             }
Determining if the posix_fadvise exist passed with the following output:
Change Dir: /home/eddie/Documents/kodi-build/CMakeFiles/CMakeTmp

Run Build Command:"/usr/bin/make" "cmTC_72f51/fast"
/usr/bin/make -f CMakeFiles/cmTC_72f51.dir/build.make CMakeFiles/cmTC_72f51.dir/build
make[1]: Entering directory '/home/eddie/Documents/kodi-build/CMakeFiles/CMakeTmp'
Building C object CMakeFiles/cmTC_72f51.dir/CheckSymbolExists.c.o
/usr/bin/cc    -o CMakeFiles/cmTC_72f51.dir/CheckSymbolExists.c.o   -c /home/eddie/Documents/kodi-build/CMakeFiles/CMakeTmp/CheckSymbolExists.c
Linking C executable cmTC_72f51
/usr/bin/cmake -E cmake_link_script CMakeFiles/cmTC_72f51.dir/link.txt --verbose=1
/usr/bin/cc     -fuse-ld=gold  CMakeFiles/cmTC_72f51.dir/CheckSymbolExists.c.o  -o cmTC_72f51 
make[1]: Leaving directory '/home/eddie/Documents/kodi-build/CMakeFiles/CMakeTmp'

File /home/eddie/Documents/kodi-build/CMakeFiles/CMakeTmp/CheckSymbolExists.c:
/* */
#include <fcntl.h>

int main(int argc, char** argv)
{
  (void)argv;
#ifndef posix_fadvise
  return ((int*)(&posix_fadvise))[argc];
#else
  (void)argc;
  return 0;
#endif
}

Determining if the PRIdMAX exist passed with the following output:
Change Dir: /home/eddie/Documents/kodi-build/CMakeFiles/CMakeTmp

Run Build Command:"/usr/bin/make" "cmTC_95e9c/fast"
/usr/bin/make -f CMakeFiles/cmTC_95e9c.dir/build.make CMakeFiles/cmTC_95e9c.dir/build
make[1]: Entering directory '/home/eddie/Documents/kodi-build/CMakeFiles/CMakeTmp'
Building C object CMakeFiles/cmTC_95e9c.dir/CheckSymbolExists.c.o
/usr/bin/cc    -o CMakeFiles/cmTC_95e9c.dir/CheckSymbolExists.c.o   -c /home/eddie/Documents/kodi-build/CMakeFiles/CMakeTmp/CheckSymbolExists.c
Linking C executable cmTC_95e9c
/usr/bin/cmake -E cmake_link_script CMakeFiles/cmTC_95e9c.dir/link.txt --verbose=1
/usr/bin/cc     -fuse-ld=gold  CMakeFiles/cmTC_95e9c.dir/CheckSymbolExists.c.o  -o cmTC_95e9c 
make[1]: Leaving directory '/home/eddie/Documents/kodi-build/CMakeFiles/CMakeTmp'

File /home/eddie/Documents/kodi-build/CMakeFiles/CMakeTmp/CheckSymbolExists.c:
/* */
#include <inttypes.h>

int main(int argc, char** argv)
{
  (void)argv;
#ifndef PRIdMAX
  return ((int*)(&PRIdMAX))[argc];
#else
  (void)argc;
  return 0;
#endif
}

Performing C++ SOURCE FILE Test HAS_BUILTIN_SYNC_ADD_AND_FETCH succeeded with the following output:
Change Dir: /home/eddie/Documents/kodi-build/CMakeFiles/CMakeTmp

Run Build Command:"/usr/bin/make" "cmTC_2c7c7/fast"
/usr/bin/make -f CMakeFiles/cmTC_2c7c7.dir/build.make CMakeFiles/cmTC_2c7c7.dir/build
make[1]: Entering directory '/home/eddie/Documents/kodi-build/CMakeFiles/CMakeTmp'
Building CXX object CMakeFiles/cmTC_2c7c7.dir/src.cxx.o
/usr/bin/c++    -std=c++11 -DHAS_BUILTIN_SYNC_ADD_AND_FETCH   -o CMakeFiles/cmTC_2c7c7.dir/src.cxx.o -c /home/eddie/Documents/kodi-build/CMakeFiles/CMakeTmp/src.cxx
Linking CXX executable cmTC_2c7c7
/usr/bin/cmake -E cmake_link_script CMakeFiles/cmTC_2c7c7.dir/link.txt --verbose=1
/usr/bin/c++  -std=c++11 -DHAS_BUILTIN_SYNC_ADD_AND_FETCH   -fuse-ld=gold  CMakeFiles/cmTC_2c7c7.dir/src.cxx.o  -o cmTC_2c7c7 
make[1]: Leaving directory '/home/eddie/Documents/kodi-build/CMakeFiles/CMakeTmp'

Source file was:

                             int main()
                             {
                               long* temp=0; long ret=__sync_add_and_fetch(temp, 1);
                             }
Performing C++ SOURCE FILE Test HAS_BUILTIN_SYNC_SUB_AND_FETCH succeeded with the following output:
Change Dir: /home/eddie/Documents/kodi-build/CMakeFiles/CMakeTmp

Run Build Command:"/usr/bin/make" "cmTC_62a27/fast"
/usr/bin/make -f CMakeFiles/cmTC_62a27.dir/build.make CMakeFiles/cmTC_62a27.dir/build
make[1]: Entering directory '/home/eddie/Documents/kodi-build/CMakeFiles/CMakeTmp'
Building CXX object CMakeFiles/cmTC_62a27.dir/src.cxx.o
/usr/bin/c++    -std=c++11 -DHAS_BUILTIN_SYNC_SUB_AND_FETCH   -o CMakeFiles/cmTC_62a27.dir/src.cxx.o -c /home/eddie/Documents/kodi-build/CMakeFiles/CMakeTmp/src.cxx
Linking CXX executable cmTC_62a27
/usr/bin/cmake -E cmake_link_script CMakeFiles/cmTC_62a27.dir/link.txt --verbose=1
/usr/bin/c++  -std=c++11 -DHAS_BUILTIN_SYNC_SUB_AND_FETCH   -fuse-ld=gold  CMakeFiles/cmTC_62a27.dir/src.cxx.o  -o cmTC_62a27 
make[1]: Leaving directory '/home/eddie/Documents/kodi-build/CMakeFiles/CMakeTmp'

Source file was:

                             int main()
                             {
                               long* temp=0; long ret=__sync_sub_and_fetch(temp, 1);
                             }
Performing C++ SOURCE FILE Test HAS_BUILTIN_SYNC_VAL_COMPARE_AND_SWAP succeeded with the following output:
Change Dir: /home/eddie/Documents/kodi-build/CMakeFiles/CMakeTmp

Run Build Command:"/usr/bin/make" "cmTC_2e408/fast"
/usr/bin/make -f CMakeFiles/cmTC_2e408.dir/build.make CMakeFiles/cmTC_2e408.dir/build
make[1]: Entering directory '/home/eddie/Documents/kodi-build/CMakeFiles/CMakeTmp'
Building CXX object CMakeFiles/cmTC_2e408.dir/src.cxx.o
/usr/bin/c++    -std=c++11 -DHAS_BUILTIN_SYNC_VAL_COMPARE_AND_SWAP   -o CMakeFiles/cmTC_2e408.dir/src.cxx.o -c /home/eddie/Documents/kodi-build/CMakeFiles/CMakeTmp/src.cxx
Linking CXX executable cmTC_2e408
/usr/bin/cmake -E cmake_link_script CMakeFiles/cmTC_2e408.dir/link.txt --verbose=1
/usr/bin/c++  -std=c++11 -DHAS_BUILTIN_SYNC_VAL_COMPARE_AND_SWAP   -fuse-ld=gold  CMakeFiles/cmTC_2e408.dir/src.cxx.o  -o cmTC_2e408 
make[1]: Leaving directory '/home/eddie/Documents/kodi-build/CMakeFiles/CMakeTmp'

Source file was:

                             int main()
                             {
                               long* temp=0; long ret=__sync_val_compare_and_swap(temp, 1, 1);
                             }
Determining if the include file sys/inotify.h exists passed with the following output:
Change Dir: /home/eddie/Documents/kodi-build/CMakeFiles/CMakeTmp

Run Build Command:"/usr/bin/make" "cmTC_0ab1e/fast"
/usr/bin/make -f CMakeFiles/cmTC_0ab1e.dir/build.make CMakeFiles/cmTC_0ab1e.dir/build
make[1]: Entering directory '/home/eddie/Documents/kodi-build/CMakeFiles/CMakeTmp'
Building C object CMakeFiles/cmTC_0ab1e.dir/CheckIncludeFile.c.o
/usr/bin/cc    -o CMakeFiles/cmTC_0ab1e.dir/CheckIncludeFile.c.o   -c /home/eddie/Documents/kodi-build/CMakeFiles/CMakeTmp/CheckIncludeFile.c
Linking C executable cmTC_0ab1e
/usr/bin/cmake -E cmake_link_script CMakeFiles/cmTC_0ab1e.dir/link.txt --verbose=1
/usr/bin/cc     -fuse-ld=gold  CMakeFiles/cmTC_0ab1e.dir/CheckIncludeFile.c.o  -o cmTC_0ab1e 
make[1]: Leaving directory '/home/eddie/Documents/kodi-build/CMakeFiles/CMakeTmp'


Determining if the function localtime_r exists passed with the following output:
Change Dir: /home/eddie/Documents/kodi-build/CMakeFiles/CMakeTmp

Run Build Command:"/usr/bin/make" "cmTC_c793d/fast"
/usr/bin/make -f CMakeFiles/cmTC_c793d.dir/build.make CMakeFiles/cmTC_c793d.dir/build
make[1]: Entering directory '/home/eddie/Documents/kodi-build/CMakeFiles/CMakeTmp'
Building C object CMakeFiles/cmTC_c793d.dir/CheckFunctionExists.c.o
/usr/bin/cc   -DCHECK_FUNCTION_EXISTS=localtime_r   -o CMakeFiles/cmTC_c793d.dir/CheckFunctionExists.c.o   -c /usr/share/cmake-3.10/Modules/CheckFunctionExists.c
Linking C executable cmTC_c793d
/usr/bin/cmake -E cmake_link_script CMakeFiles/cmTC_c793d.dir/link.txt --verbose=1
/usr/bin/cc  -DCHECK_FUNCTION_EXISTS=localtime_r   -fuse-ld=gold  CMakeFiles/cmTC_c793d.dir/CheckFunctionExists.c.o  -o cmTC_c793d 
make[1]: Leaving directory '/home/eddie/Documents/kodi-build/CMakeFiles/CMakeTmp'


Determining if the CXX compiler accepts the flag -msse passed with the following output:
Change Dir: /home/eddie/Documents/kodi-build/CMakeFiles/CMakeTmp

Run Build Command:"/usr/bin/make" "cmTC_da3cd/fast"
/usr/bin/make -f CMakeFiles/cmTC_da3cd.dir/build.make CMakeFiles/cmTC_da3cd.dir/build
make[1]: Entering directory '/home/eddie/Documents/kodi-build/CMakeFiles/CMakeTmp'
Building CXX object CMakeFiles/cmTC_da3cd.dir/DummyCXXFile.cxx.o
/usr/bin/c++    -std=c++11 -msse   -o CMakeFiles/cmTC_da3cd.dir/DummyCXXFile.cxx.o -c /usr/share/cmake-3.10/Modules/DummyCXXFile.cxx
Linking CXX executable cmTC_da3cd
/usr/bin/cmake -E cmake_link_script CMakeFiles/cmTC_da3cd.dir/link.txt --verbose=1
/usr/bin/c++  -std=c++11 -msse   -fuse-ld=gold  CMakeFiles/cmTC_da3cd.dir/DummyCXXFile.cxx.o  -o cmTC_da3cd 
make[1]: Leaving directory '/home/eddie/Documents/kodi-build/CMakeFiles/CMakeTmp'


Determining if the CXX compiler accepts the flag -msse2 passed with the following output:
Change Dir: /home/eddie/Documents/kodi-build/CMakeFiles/CMakeTmp

Run Build Command:"/usr/bin/make" "cmTC_e58b3/fast"
/usr/bin/make -f CMakeFiles/cmTC_e58b3.dir/build.make CMakeFiles/cmTC_e58b3.dir/build
make[1]: Entering directory '/home/eddie/Documents/kodi-build/CMakeFiles/CMakeTmp'
Building CXX object CMakeFiles/cmTC_e58b3.dir/DummyCXXFile.cxx.o
/usr/bin/c++    -std=c++11 -msse2   -o CMakeFiles/cmTC_e58b3.dir/DummyCXXFile.cxx.o -c /usr/share/cmake-3.10/Modules/DummyCXXFile.cxx
Linking CXX executable cmTC_e58b3
/usr/bin/cmake -E cmake_link_script CMakeFiles/cmTC_e58b3.dir/link.txt --verbose=1
/usr/bin/c++  -std=c++11 -msse2   -fuse-ld=gold  CMakeFiles/cmTC_e58b3.dir/DummyCXXFile.cxx.o  -o cmTC_e58b3 
make[1]: Leaving directory '/home/eddie/Documents/kodi-build/CMakeFiles/CMakeTmp'


Determining if the CXX compiler accepts the flag -msse3 passed with the following output:
Change Dir: /home/eddie/Documents/kodi-build/CMakeFiles/CMakeTmp

Run Build Command:"/usr/bin/make" "cmTC_5fda5/fast"
/usr/bin/make -f CMakeFiles/cmTC_5fda5.dir/build.make CMakeFiles/cmTC_5fda5.dir/build
make[1]: Entering directory '/home/eddie/Documents/kodi-build/CMakeFiles/CMakeTmp'
Building CXX object CMakeFiles/cmTC_5fda5.dir/DummyCXXFile.cxx.o
/usr/bin/c++    -std=c++11 -msse3   -o CMakeFiles/cmTC_5fda5.dir/DummyCXXFile.cxx.o -c /usr/share/cmake-3.10/Modules/DummyCXXFile.cxx
Linking CXX executable cmTC_5fda5
/usr/bin/cmake -E cmake_link_script CMakeFiles/cmTC_5fda5.dir/link.txt --verbose=1
/usr/bin/c++  -std=c++11 -msse3   -fuse-ld=gold  CMakeFiles/cmTC_5fda5.dir/DummyCXXFile.cxx.o  -o cmTC_5fda5 
make[1]: Leaving directory '/home/eddie/Documents/kodi-build/CMakeFiles/CMakeTmp'


Determining if the CXX compiler accepts the flag -mssse3 passed with the following output:
Change Dir: /home/eddie/Documents/kodi-build/CMakeFiles/CMakeTmp

Run Build Command:"/usr/bin/make" "cmTC_511e6/fast"
/usr/bin/make -f CMakeFiles/cmTC_511e6.dir/build.make CMakeFiles/cmTC_511e6.dir/build
make[1]: Entering directory '/home/eddie/Documents/kodi-build/CMakeFiles/CMakeTmp'
Building CXX object CMakeFiles/cmTC_511e6.dir/DummyCXXFile.cxx.o
/usr/bin/c++    -std=c++11 -mssse3   -o CMakeFiles/cmTC_511e6.dir/DummyCXXFile.cxx.o -c /usr/share/cmake-3.10/Modules/DummyCXXFile.cxx
Linking CXX executable cmTC_511e6
/usr/bin/cmake -E cmake_link_script CMakeFiles/cmTC_511e6.dir/link.txt --verbose=1
/usr/bin/c++  -std=c++11 -mssse3   -fuse-ld=gold  CMakeFiles/cmTC_511e6.dir/DummyCXXFile.cxx.o  -o cmTC_511e6 
make[1]: Leaving directory '/home/eddie/Documents/kodi-build/CMakeFiles/CMakeTmp'


Determining if the CXX compiler accepts the flag -msse4.1 passed with the following output:
Change Dir: /home/eddie/Documents/kodi-build/CMakeFiles/CMakeTmp

Run Build Command:"/usr/bin/make" "cmTC_41ee5/fast"
/usr/bin/make -f CMakeFiles/cmTC_41ee5.dir/build.make CMakeFiles/cmTC_41ee5.dir/build
make[1]: Entering directory '/home/eddie/Documents/kodi-build/CMakeFiles/CMakeTmp'
Building CXX object CMakeFiles/cmTC_41ee5.dir/DummyCXXFile.cxx.o
/usr/bin/c++    -std=c++11 -msse4.1   -o CMakeFiles/cmTC_41ee5.dir/DummyCXXFile.cxx.o -c /usr/share/cmake-3.10/Modules/DummyCXXFile.cxx
Linking CXX executable cmTC_41ee5
/usr/bin/cmake -E cmake_link_script CMakeFiles/cmTC_41ee5.dir/link.txt --verbose=1
/usr/bin/c++  -std=c++11 -msse4.1   -fuse-ld=gold  CMakeFiles/cmTC_41ee5.dir/DummyCXXFile.cxx.o  -o cmTC_41ee5 
make[1]: Leaving directory '/home/eddie/Documents/kodi-build/CMakeFiles/CMakeTmp'


Determining if the CXX compiler accepts the flag -msse4.2 passed with the following output:
Change Dir: /home/eddie/Documents/kodi-build/CMakeFiles/CMakeTmp

Run Build Command:"/usr/bin/make" "cmTC_1df47/fast"
/usr/bin/make -f CMakeFiles/cmTC_1df47.dir/build.make CMakeFiles/cmTC_1df47.dir/build
make[1]: Entering directory '/home/eddie/Documents/kodi-build/CMakeFiles/CMakeTmp'
Building CXX object CMakeFiles/cmTC_1df47.dir/DummyCXXFile.cxx.o
/usr/bin/c++    -std=c++11 -msse4.2   -o CMakeFiles/cmTC_1df47.dir/DummyCXXFile.cxx.o -c /usr/share/cmake-3.10/Modules/DummyCXXFile.cxx
Linking CXX executable cmTC_1df47
/usr/bin/cmake -E cmake_link_script CMakeFiles/cmTC_1df47.dir/link.txt --verbose=1
/usr/bin/c++  -std=c++11 -msse4.2   -fuse-ld=gold  CMakeFiles/cmTC_1df47.dir/DummyCXXFile.cxx.o  -o cmTC_1df47 
make[1]: Leaving directory '/home/eddie/Documents/kodi-build/CMakeFiles/CMakeTmp'


Determining if the CXX compiler accepts the flag -mavx passed with the following output:
Change Dir: /home/eddie/Documents/kodi-build/CMakeFiles/CMakeTmp

Run Build Command:"/usr/bin/make" "cmTC_871d1/fast"
/usr/bin/make -f CMakeFiles/cmTC_871d1.dir/build.make CMakeFiles/cmTC_871d1.dir/build
make[1]: Entering directory '/home/eddie/Documents/kodi-build/CMakeFiles/CMakeTmp'
Building CXX object CMakeFiles/cmTC_871d1.dir/DummyCXXFile.cxx.o
/usr/bin/c++    -std=c++11 -mavx   -o CMakeFiles/cmTC_871d1.dir/DummyCXXFile.cxx.o -c /usr/share/cmake-3.10/Modules/DummyCXXFile.cxx
Linking CXX executable cmTC_871d1
/usr/bin/cmake -E cmake_link_script CMakeFiles/cmTC_871d1.dir/link.txt --verbose=1
/usr/bin/c++  -std=c++11 -mavx   -fuse-ld=gold  CMakeFiles/cmTC_871d1.dir/DummyCXXFile.cxx.o  -o cmTC_871d1 
make[1]: Leaving directory '/home/eddie/Documents/kodi-build/CMakeFiles/CMakeTmp'


Determining if the CXX compiler accepts the flag -mavx2 passed with the following output:
Change Dir: /home/eddie/Documents/kodi-build/CMakeFiles/CMakeTmp

Run Build Command:"/usr/bin/make" "cmTC_4f1f2/fast"
/usr/bin/make -f CMakeFiles/cmTC_4f1f2.dir/build.make CMakeFiles/cmTC_4f1f2.dir/build
make[1]: Entering directory '/home/eddie/Documents/kodi-build/CMakeFiles/CMakeTmp'
Building CXX object CMakeFiles/cmTC_4f1f2.dir/DummyCXXFile.cxx.o
/usr/bin/c++    -std=c++11 -mavx2   -o CMakeFiles/cmTC_4f1f2.dir/DummyCXXFile.cxx.o -c /usr/share/cmake-3.10/Modules/DummyCXXFile.cxx
Linking CXX executable cmTC_4f1f2
/usr/bin/cmake -E cmake_link_script CMakeFiles/cmTC_4f1f2.dir/link.txt --verbose=1
/usr/bin/c++  -std=c++11 -mavx2   -fuse-ld=gold  CMakeFiles/cmTC_4f1f2.dir/DummyCXXFile.cxx.o  -o cmTC_4f1f2 
make[1]: Leaving directory '/home/eddie/Documents/kodi-build/CMakeFiles/CMakeTmp'


Determining if the include file pthread.h exists passed with the following output:
Change Dir: /home/eddie/Documents/kodi-build/CMakeFiles/CMakeTmp

Run Build Command:"/usr/bin/make" "cmTC_01931/fast"
/usr/bin/make -f CMakeFiles/cmTC_01931.dir/build.make CMakeFiles/cmTC_01931.dir/build
make[1]: Entering directory '/home/eddie/Documents/kodi-build/CMakeFiles/CMakeTmp'
Building C object CMakeFiles/cmTC_01931.dir/CheckIncludeFile.c.o
/usr/bin/cc   -DPLATFORM_SETTINGS_FILE=x11.xml -Wall    -o CMakeFiles/cmTC_01931.dir/CheckIncludeFile.c.o   -c /home/eddie/Documents/kodi-build/CMakeFiles/CMakeTmp/CheckIncludeFile.c
Linking C executable cmTC_01931
/usr/bin/cmake -E cmake_link_script CMakeFiles/cmTC_01931.dir/link.txt --verbose=1
/usr/bin/cc -DPLATFORM_SETTINGS_FILE=x11.xml -Wall    -fuse-ld=gold  CMakeFiles/cmTC_01931.dir/CheckIncludeFile.c.o  -o cmTC_01931 
make[1]: Leaving directory '/home/eddie/Documents/kodi-build/CMakeFiles/CMakeTmp'


Determining if the function pthread_create exists in the pthread passed with the following output:
Change Dir: /home/eddie/Documents/kodi-build/CMakeFiles/CMakeTmp

Run Build Command:"/usr/bin/make" "cmTC_62c40/fast"
/usr/bin/make -f CMakeFiles/cmTC_62c40.dir/build.make CMakeFiles/cmTC_62c40.dir/build
make[1]: Entering directory '/home/eddie/Documents/kodi-build/CMakeFiles/CMakeTmp'
Building C object CMakeFiles/cmTC_62c40.dir/CheckFunctionExists.c.o
/usr/bin/cc   -DPLATFORM_SETTINGS_FILE=x11.xml -Wall -DCHECK_FUNCTION_EXISTS=pthread_create   -o CMakeFiles/cmTC_62c40.dir/CheckFunctionExists.c.o   -c /usr/share/cmake-3.10/Modules/CheckFunctionExists.c
Linking C executable cmTC_62c40
/usr/bin/cmake -E cmake_link_script CMakeFiles/cmTC_62c40.dir/link.txt --verbose=1
/usr/bin/cc -DPLATFORM_SETTINGS_FILE=x11.xml -Wall -DCHECK_FUNCTION_EXISTS=pthread_create   -fuse-ld=gold  CMakeFiles/cmTC_62c40.dir/CheckFunctionExists.c.o  -o cmTC_62c40 -lpthread 
make[1]: Leaving directory '/home/eddie/Documents/kodi-build/CMakeFiles/CMakeTmp'


Determining if the function iconv exists passed with the following output:
Change Dir: /home/eddie/Documents/kodi-build/CMakeFiles/CMakeTmp

Run Build Command:"/usr/bin/make" "cmTC_1efc0/fast"
/usr/bin/make -f CMakeFiles/cmTC_1efc0.dir/build.make CMakeFiles/cmTC_1efc0.dir/build
make[1]: Entering directory '/home/eddie/Documents/kodi-build/CMakeFiles/CMakeTmp'
Building C object CMakeFiles/cmTC_1efc0.dir/CheckFunctionExists.c.o
/usr/bin/cc   -DPLATFORM_SETTINGS_FILE=x11.xml -Wall -DCHECK_FUNCTION_EXISTS=iconv   -o CMakeFiles/cmTC_1efc0.dir/CheckFunctionExists.c.o   -c /usr/share/cmake-3.10/Modules/CheckFunctionExists.c
Linking C executable cmTC_1efc0
/usr/bin/cmake -E cmake_link_script CMakeFiles/cmTC_1efc0.dir/link.txt --verbose=1
/usr/bin/cc -DPLATFORM_SETTINGS_FILE=x11.xml -Wall -DCHECK_FUNCTION_EXISTS=iconv   -fuse-ld=gold  CMakeFiles/cmTC_1efc0.dir/CheckFunctionExists.c.o  -o cmTC_1efc0 -lc 
make[1]: Leaving directory '/home/eddie/Documents/kodi-build/CMakeFiles/CMakeTmp'


