Determining if the pthread_create exist failed with the following output:
Change Dir: /home/eddie/Documents/kodi-build/CMakeFiles/CMakeTmp

Run Build Command:"/usr/bin/make" "cmTC_c419f/fast"
/usr/bin/make -f CMakeFiles/cmTC_c419f.dir/build.make CMakeFiles/cmTC_c419f.dir/build
make[1]: Entering directory '/home/eddie/Documents/kodi-build/CMakeFiles/CMakeTmp'
Building C object CMakeFiles/cmTC_c419f.dir/CheckSymbolExists.c.o
/usr/bin/cc   -DPLATFORM_SETTINGS_FILE=x11.xml -Wall    -o CMakeFiles/cmTC_c419f.dir/CheckSymbolExists.c.o   -c /home/eddie/Documents/kodi-build/CMakeFiles/CMakeTmp/CheckSymbolExists.c
Linking C executable cmTC_c419f
/usr/bin/cmake -E cmake_link_script CMakeFiles/cmTC_c419f.dir/link.txt --verbose=1
/usr/bin/cc -DPLATFORM_SETTINGS_FILE=x11.xml -Wall    -fuse-ld=gold  CMakeFiles/cmTC_c419f.dir/CheckSymbolExists.c.o  -o cmTC_c419f 
CMakeFiles/cmTC_c419f.dir/CheckSymbolExists.c.o:CheckSymbolExists.c:function main: error: undefined reference to 'pthread_create'
collect2: error: ld returned 1 exit status
CMakeFiles/cmTC_c419f.dir/build.make:97: recipe for target 'cmTC_c419f' failed
make[1]: *** [cmTC_c419f] Error 1
make[1]: Leaving directory '/home/eddie/Documents/kodi-build/CMakeFiles/CMakeTmp'
Makefile:126: recipe for target 'cmTC_c419f/fast' failed
make: *** [cmTC_c419f/fast] Error 2

File /home/eddie/Documents/kodi-build/CMakeFiles/CMakeTmp/CheckSymbolExists.c:
/* */
#include <pthread.h>

int main(int argc, char** argv)
{
  (void)argv;
#ifndef pthread_create
  return ((int*)(&pthread_create))[argc];
#else
  (void)argc;
  return 0;
#endif
}

Determining if the function pthread_create exists in the pthreads failed with the following output:
Change Dir: /home/eddie/Documents/kodi-build/CMakeFiles/CMakeTmp

Run Build Command:"/usr/bin/make" "cmTC_41ac5/fast"
/usr/bin/make -f CMakeFiles/cmTC_41ac5.dir/build.make CMakeFiles/cmTC_41ac5.dir/build
make[1]: Entering directory '/home/eddie/Documents/kodi-build/CMakeFiles/CMakeTmp'
Building C object CMakeFiles/cmTC_41ac5.dir/CheckFunctionExists.c.o
/usr/bin/cc   -DPLATFORM_SETTINGS_FILE=x11.xml -Wall -DCHECK_FUNCTION_EXISTS=pthread_create   -o CMakeFiles/cmTC_41ac5.dir/CheckFunctionExists.c.o   -c /usr/share/cmake-3.10/Modules/CheckFunctionExists.c
Linking C executable cmTC_41ac5
/usr/bin/cmake -E cmake_link_script CMakeFiles/cmTC_41ac5.dir/link.txt --verbose=1
/usr/bin/cc -DPLATFORM_SETTINGS_FILE=x11.xml -Wall -DCHECK_FUNCTION_EXISTS=pthread_create   -fuse-ld=gold  CMakeFiles/cmTC_41ac5.dir/CheckFunctionExists.c.o  -o cmTC_41ac5 -lpthreads 
/usr/bin/ld.gold: error: cannot find -lpthreads
CMakeFiles/cmTC_41ac5.dir/CheckFunctionExists.c.o:CheckFunctionExists.c:function main: error: undefined reference to 'pthread_create'
collect2: error: ld returned 1 exit status
CMakeFiles/cmTC_41ac5.dir/build.make:97: recipe for target 'cmTC_41ac5' failed
make[1]: *** [cmTC_41ac5] Error 1
make[1]: Leaving directory '/home/eddie/Documents/kodi-build/CMakeFiles/CMakeTmp'
Makefile:126: recipe for target 'cmTC_41ac5/fast' failed
make: *** [cmTC_41ac5/fast] Error 2


