This file contains any messages produced by compilers while
running configure, to aid debugging if configure makes a mistake.

It was created by libdvdnav configure 6.0.0, which was
generated by GNU Autoconf 2.69.  Invocation command line was

  $ /home/eddie/Documents/kodi-build/build/libdvd/src/dvdnav/configure --target=x86_64-linux --host=x86_64-linux --enable-static --disable-shared --with-pic --prefix=/home/eddie/Documents/kodi-build/build/libdvd --libdir=/home/eddie/Documents/kodi-build/build/libdvd/lib CC=/usr/bin/cc LDFLAGS= -L/home/eddie/Documents/kodi-build/build/libdvd/lib CFLAGS=-DPLATFORM_SETTINGS_FILE=x11.xml -Wall -D_XBMC -I/home/eddie/Documents/kodi-build/build/libdvd/include -DHAVE_DVDCSS_DVDCSS_H DVDREAD_CFLAGS=-D_XBMC -I/home/eddie/Documents/kodi-build/build/libdvd/include -DHAVE_DVDCSS_DVDCSS_H DVDREAD_LIBS=/home/eddie/Documents/kodi-build/build/libdvd/lib/libdvdread.la LIBS=-ldvdcss

## --------- ##
## Platform. ##
## --------- ##

hostname = EVPC
uname -m = x86_64
uname -r = 4.15.0-42-generic
uname -s = Linux
uname -v = #45-Ubuntu SMP Thu Nov 15 19:32:57 UTC 2018

/usr/bin/uname -p = unknown
/bin/uname -X     = unknown

/bin/arch              = unknown
/usr/bin/arch -k       = unknown
/usr/convex/getsysinfo = unknown
/usr/bin/hostinfo      = unknown
/bin/machine           = unknown
/usr/bin/oslevel       = unknown
/bin/universe          = unknown

PATH: /home/eddie/bin
PATH: /home/eddie/.local/bin
PATH: /usr/local/sbin
PATH: /usr/local/bin
PATH: /usr/sbin
PATH: /usr/bin
PATH: /sbin
PATH: /bin
PATH: /usr/games
PATH: /usr/local/games
PATH: /snap/bin


## ----------- ##
## Core tests. ##
## ----------- ##

configure:2197: checking build system type
configure:2211: result: x86_64-pc-linux-gnu
configure:2231: checking host system type
configure:2244: result: x86_64-pc-linux-gnu
configure:2281: checking for a BSD-compatible install
configure:2349: result: /usr/bin/install -c
configure:2360: checking whether build environment is sane
configure:2415: result: yes
configure:2474: checking for x86_64-linux-strip
configure:2504: result: no
configure:2514: checking for strip
configure:2530: found /usr/bin/strip
configure:2541: result: strip
configure:2566: checking for a thread-safe mkdir -p
configure:2605: result: /bin/mkdir -p
configure:2612: checking for gawk
configure:2628: found /usr/bin/gawk
configure:2639: result: gawk
configure:2650: checking whether make sets $(MAKE)
configure:2672: result: yes
configure:2701: checking whether make supports nested variables
configure:2718: result: yes
configure:2855: checking whether make supports nested variables
configure:2872: result: yes
configure:2930: checking how to print strings
configure:2957: result: printf
configure:2990: checking for style of include used by make
configure:3018: result: GNU
configure:3049: checking for x86_64-linux-gcc
configure:3076: result: /usr/bin/cc
configure:3345: checking for C compiler version
configure:3354: /usr/bin/cc --version >&5
cc (Ubuntu 7.3.0-27ubuntu1~18.04) 7.3.0
Copyright (C) 2017 Free Software Foundation, Inc.
This is free software; see the source for copying conditions.  There is NO
warranty; not even for MERCHANTABILITY or FITNESS FOR A PARTICULAR PURPOSE.

configure:3365: $? = 0
configure:3354: /usr/bin/cc -v >&5
Using built-in specs.
COLLECT_GCC=/usr/bin/cc
COLLECT_LTO_WRAPPER=/usr/lib/gcc/x86_64-linux-gnu/7/lto-wrapper
OFFLOAD_TARGET_NAMES=nvptx-none
OFFLOAD_TARGET_DEFAULT=1
Target: x86_64-linux-gnu
Configured with: ../src/configure -v --with-pkgversion='Ubuntu 7.3.0-27ubuntu1~18.04' --with-bugurl=file:///usr/share/doc/gcc-7/README.Bugs --enable-languages=c,ada,c++,go,brig,d,fortran,objc,obj-c++ --prefix=/usr --with-gcc-major-version-only --program-suffix=-7 --program-prefix=x86_64-linux-gnu- --enable-shared --enable-linker-build-id --libexecdir=/usr/lib --without-included-gettext --enable-threads=posix --libdir=/usr/lib --enable-nls --with-sysroot=/ --enable-clocale=gnu --enable-libstdcxx-debug --enable-libstdcxx-time=yes --with-default-libstdcxx-abi=new --enable-gnu-unique-object --disable-vtable-verify --enable-libmpx --enable-plugin --enable-default-pie --with-system-zlib --with-target-system-zlib --enable-objc-gc=auto --enable-multiarch --disable-werror --with-arch-32=i686 --with-abi=m64 --with-multilib-list=m32,m64,mx32 --enable-multilib --with-tune=generic --enable-offload-targets=nvptx-none --without-cuda-driver --enable-checking=release --build=x86_64-linux-gnu --host=x86_64-linux-gnu --target=x86_64-linux-gnu
Thread model: posix
gcc version 7.3.0 (Ubuntu 7.3.0-27ubuntu1~18.04) 
configure:3365: $? = 0
configure:3354: /usr/bin/cc -V >&5
cc: error: unrecognized command line option '-V'
cc: fatal error: no input files
compilation terminated.
configure:3365: $? = 1
configure:3354: /usr/bin/cc -qversion >&5
cc: error: unrecognized command line option '-qversion'; did you mean '--version'?
cc: fatal error: no input files
compilation terminated.
configure:3365: $? = 1
configure:3385: checking whether the C compiler works
configure:3407: /usr/bin/cc -DPLATFORM_SETTINGS_FILE=x11.xml -Wall -D_XBMC -I/home/eddie/Documents/kodi-build/build/libdvd/include -DHAVE_DVDCSS_DVDCSS_H   -L/home/eddie/Documents/kodi-build/build/libdvd/lib conftest.c -ldvdcss >&5
configure:3411: $? = 0
configure:3459: result: yes
configure:3462: checking for C compiler default output file name
configure:3464: result: a.out
configure:3470: checking for suffix of executables
configure:3477: /usr/bin/cc -o conftest -DPLATFORM_SETTINGS_FILE=x11.xml -Wall -D_XBMC -I/home/eddie/Documents/kodi-build/build/libdvd/include -DHAVE_DVDCSS_DVDCSS_H   -L/home/eddie/Documents/kodi-build/build/libdvd/lib conftest.c -ldvdcss >&5
configure:3481: $? = 0
configure:3503: result: 
configure:3525: checking whether we are cross compiling
configure:3533: /usr/bin/cc -o conftest -DPLATFORM_SETTINGS_FILE=x11.xml -Wall -D_XBMC -I/home/eddie/Documents/kodi-build/build/libdvd/include -DHAVE_DVDCSS_DVDCSS_H   -L/home/eddie/Documents/kodi-build/build/libdvd/lib conftest.c -ldvdcss >&5
configure:3537: $? = 0
configure:3544: ./conftest
configure:3548: $? = 0
configure:3563: result: no
configure:3568: checking for suffix of object files
configure:3590: /usr/bin/cc -c -DPLATFORM_SETTINGS_FILE=x11.xml -Wall -D_XBMC -I/home/eddie/Documents/kodi-build/build/libdvd/include -DHAVE_DVDCSS_DVDCSS_H  conftest.c >&5
configure:3594: $? = 0
configure:3615: result: o
configure:3619: checking whether we are using the GNU C compiler
configure:3638: /usr/bin/cc -c -DPLATFORM_SETTINGS_FILE=x11.xml -Wall -D_XBMC -I/home/eddie/Documents/kodi-build/build/libdvd/include -DHAVE_DVDCSS_DVDCSS_H  conftest.c >&5
configure:3638: $? = 0
configure:3647: result: yes
configure:3656: checking whether /usr/bin/cc accepts -g
configure:3676: /usr/bin/cc -c -g  conftest.c >&5
configure:3676: $? = 0
configure:3717: result: yes
configure:3734: checking for /usr/bin/cc option to accept ISO C89
configure:3797: /usr/bin/cc  -c -DPLATFORM_SETTINGS_FILE=x11.xml -Wall -D_XBMC -I/home/eddie/Documents/kodi-build/build/libdvd/include -DHAVE_DVDCSS_DVDCSS_H  conftest.c >&5
configure:3797: $? = 0
configure:3810: result: none needed
configure:3835: checking whether /usr/bin/cc understands -c and -o together
configure:3857: /usr/bin/cc -c conftest.c -o conftest2.o
configure:3860: $? = 0
configure:3857: /usr/bin/cc -c conftest.c -o conftest2.o
configure:3860: $? = 0
configure:3872: result: yes
configure:3891: checking dependency style of /usr/bin/cc
configure:4002: result: gcc3
configure:4017: checking for a sed that does not truncate output
configure:4081: result: /bin/sed
configure:4099: checking for grep that handles long lines and -e
configure:4157: result: /bin/grep
configure:4162: checking for egrep
configure:4224: result: /bin/grep -E
configure:4229: checking for fgrep
configure:4291: result: /bin/grep -F
configure:4326: checking for ld used by /usr/bin/cc
configure:4393: result: /usr/bin/ld
configure:4400: checking if the linker (/usr/bin/ld) is GNU ld
configure:4415: result: yes
configure:4427: checking for BSD- or MS-compatible name lister (nm)
configure:4481: result: /usr/bin/nm -B
configure:4611: checking the name lister (/usr/bin/nm -B) interface
configure:4618: /usr/bin/cc -c -DPLATFORM_SETTINGS_FILE=x11.xml -Wall -D_XBMC -I/home/eddie/Documents/kodi-build/build/libdvd/include -DHAVE_DVDCSS_DVDCSS_H  conftest.c >&5
configure:4621: /usr/bin/nm -B "conftest.o"
configure:4624: output
0000000000000000 B some_variable
configure:4631: result: BSD nm
configure:4634: checking whether ln -s works
configure:4638: result: yes
configure:4646: checking the maximum length of command line arguments
configure:4777: result: 1572864
configure:4825: checking how to convert x86_64-pc-linux-gnu file names to x86_64-pc-linux-gnu format
configure:4865: result: func_convert_file_noop
configure:4872: checking how to convert x86_64-pc-linux-gnu file names to toolchain format
configure:4892: result: func_convert_file_noop
configure:4899: checking for /usr/bin/ld option to reload object files
configure:4906: result: -r
configure:4940: checking for x86_64-linux-objdump
configure:4970: result: no
configure:4980: checking for objdump
configure:4996: found /usr/bin/objdump
configure:5007: result: objdump
configure:5039: checking how to recognize dependent libraries
configure:5239: result: pass_all
configure:5284: checking for x86_64-linux-dlltool
configure:5314: result: no
configure:5324: checking for dlltool
configure:5354: result: no
configure:5384: checking how to associate runtime and link libraries
configure:5411: result: printf %s\n
configure:5428: checking for x86_64-linux-ar
configure:5458: result: no
configure:5472: checking for ar
configure:5488: found /usr/bin/ar
configure:5499: result: ar
configure:5536: checking for archiver @FILE support
configure:5553: /usr/bin/cc -c -DPLATFORM_SETTINGS_FILE=x11.xml -Wall -D_XBMC -I/home/eddie/Documents/kodi-build/build/libdvd/include -DHAVE_DVDCSS_DVDCSS_H  conftest.c >&5
configure:5553: $? = 0
configure:5556: ar cru libconftest.a @conftest.lst >&5
ar: `u' modifier ignored since `D' is the default (see `U')
configure:5559: $? = 0
configure:5564: ar cru libconftest.a @conftest.lst >&5
ar: `u' modifier ignored since `D' is the default (see `U')
ar: conftest.o: No such file or directory
configure:5567: $? = 1
configure:5579: result: @
configure:5597: checking for x86_64-linux-strip
configure:5624: result: strip
configure:5696: checking for x86_64-linux-ranlib
configure:5726: result: no
configure:5736: checking for ranlib
configure:5752: found /usr/bin/ranlib
configure:5763: result: ranlib
configure:5865: checking command to parse /usr/bin/nm -B output from /usr/bin/cc object
configure:6018: /usr/bin/cc -c -DPLATFORM_SETTINGS_FILE=x11.xml -Wall -D_XBMC -I/home/eddie/Documents/kodi-build/build/libdvd/include -DHAVE_DVDCSS_DVDCSS_H  conftest.c >&5
configure:6021: $? = 0
configure:6025: /usr/bin/nm -B conftest.o \| sed -n -e 's/^.*[ ]\([ABCDGIRSTW][ABCDGIRSTW]*\)[ ][ ]*\([_A-Za-z][_A-Za-z0-9]*\)$/\1 \2 \2/p' | sed '/ __gnu_lto/d' \> conftest.nm
configure:6028: $? = 0
configure:6094: /usr/bin/cc -o conftest -DPLATFORM_SETTINGS_FILE=x11.xml -Wall -D_XBMC -I/home/eddie/Documents/kodi-build/build/libdvd/include -DHAVE_DVDCSS_DVDCSS_H   -L/home/eddie/Documents/kodi-build/build/libdvd/lib conftest.c conftstm.o >&5
configure:6097: $? = 0
configure:6135: result: ok
configure:6182: checking for sysroot
configure:6212: result: no
configure:6219: checking for a working dd
configure:6257: result: /bin/dd
configure:6261: checking how to truncate binary pipes
configure:6276: result: /bin/dd bs=4096 count=1
configure:6412: /usr/bin/cc -c -DPLATFORM_SETTINGS_FILE=x11.xml -Wall -D_XBMC -I/home/eddie/Documents/kodi-build/build/libdvd/include -DHAVE_DVDCSS_DVDCSS_H  conftest.c >&5
configure:6415: $? = 0
configure:6565: checking for x86_64-linux-mt
configure:6595: result: no
configure:6605: checking for mt
configure:6621: found /bin/mt
configure:6632: result: mt
configure:6655: checking if mt is a manifest tool
configure:6661: mt '-?'
configure:6669: result: no
configure:7346: checking how to run the C preprocessor
configure:7377: /usr/bin/cc -E  conftest.c
configure:7377: $? = 0
configure:7391: /usr/bin/cc -E  conftest.c
conftest.c:11:10: fatal error: ac_nonexistent.h: No such file or directory
 #include <ac_nonexistent.h>
          ^~~~~~~~~~~~~~~~~~
compilation terminated.
configure:7391: $? = 1
configure: failed program was:
| /* confdefs.h */
| #define PACKAGE_NAME "libdvdnav"
| #define PACKAGE_TARNAME "libdvdnav"
| #define PACKAGE_VERSION "6.0.0"
| #define PACKAGE_STRING "libdvdnav 6.0.0"
| #define PACKAGE_BUGREPORT ""
| #define PACKAGE_URL ""
| #define PACKAGE "libdvdnav"
| #define VERSION "6.0.0"
| /* end confdefs.h.  */
| #include <ac_nonexistent.h>
configure:7416: result: /usr/bin/cc -E
configure:7436: /usr/bin/cc -E  conftest.c
configure:7436: $? = 0
configure:7450: /usr/bin/cc -E  conftest.c
conftest.c:11:10: fatal error: ac_nonexistent.h: No such file or directory
 #include <ac_nonexistent.h>
          ^~~~~~~~~~~~~~~~~~
compilation terminated.
configure:7450: $? = 1
configure: failed program was:
| /* confdefs.h */
| #define PACKAGE_NAME "libdvdnav"
| #define PACKAGE_TARNAME "libdvdnav"
| #define PACKAGE_VERSION "6.0.0"
| #define PACKAGE_STRING "libdvdnav 6.0.0"
| #define PACKAGE_BUGREPORT ""
| #define PACKAGE_URL ""
| #define PACKAGE "libdvdnav"
| #define VERSION "6.0.0"
| /* end confdefs.h.  */
| #include <ac_nonexistent.h>
configure:7479: checking for ANSI C header files
configure:7499: /usr/bin/cc -c -DPLATFORM_SETTINGS_FILE=x11.xml -Wall -D_XBMC -I/home/eddie/Documents/kodi-build/build/libdvd/include -DHAVE_DVDCSS_DVDCSS_H  conftest.c >&5
configure:7499: $? = 0
configure:7572: /usr/bin/cc -o conftest -DPLATFORM_SETTINGS_FILE=x11.xml -Wall -D_XBMC -I/home/eddie/Documents/kodi-build/build/libdvd/include -DHAVE_DVDCSS_DVDCSS_H   -L/home/eddie/Documents/kodi-build/build/libdvd/lib conftest.c -ldvdcss >&5
configure:7572: $? = 0
configure:7572: ./conftest
configure:7572: $? = 0
configure:7583: result: yes
configure:7596: checking for sys/types.h
configure:7596: /usr/bin/cc -c -DPLATFORM_SETTINGS_FILE=x11.xml -Wall -D_XBMC -I/home/eddie/Documents/kodi-build/build/libdvd/include -DHAVE_DVDCSS_DVDCSS_H  conftest.c >&5
configure:7596: $? = 0
configure:7596: result: yes
configure:7596: checking for sys/stat.h
configure:7596: /usr/bin/cc -c -DPLATFORM_SETTINGS_FILE=x11.xml -Wall -D_XBMC -I/home/eddie/Documents/kodi-build/build/libdvd/include -DHAVE_DVDCSS_DVDCSS_H  conftest.c >&5
configure:7596: $? = 0
configure:7596: result: yes
configure:7596: checking for stdlib.h
configure:7596: /usr/bin/cc -c -DPLATFORM_SETTINGS_FILE=x11.xml -Wall -D_XBMC -I/home/eddie/Documents/kodi-build/build/libdvd/include -DHAVE_DVDCSS_DVDCSS_H  conftest.c >&5
configure:7596: $? = 0
configure:7596: result: yes
configure:7596: checking for string.h
configure:7596: /usr/bin/cc -c -DPLATFORM_SETTINGS_FILE=x11.xml -Wall -D_XBMC -I/home/eddie/Documents/kodi-build/build/libdvd/include -DHAVE_DVDCSS_DVDCSS_H  conftest.c >&5
configure:7596: $? = 0
configure:7596: result: yes
configure:7596: checking for memory.h
configure:7596: /usr/bin/cc -c -DPLATFORM_SETTINGS_FILE=x11.xml -Wall -D_XBMC -I/home/eddie/Documents/kodi-build/build/libdvd/include -DHAVE_DVDCSS_DVDCSS_H  conftest.c >&5
configure:7596: $? = 0
configure:7596: result: yes
configure:7596: checking for strings.h
configure:7596: /usr/bin/cc -c -DPLATFORM_SETTINGS_FILE=x11.xml -Wall -D_XBMC -I/home/eddie/Documents/kodi-build/build/libdvd/include -DHAVE_DVDCSS_DVDCSS_H  conftest.c >&5
configure:7596: $? = 0
configure:7596: result: yes
configure:7596: checking for inttypes.h
configure:7596: /usr/bin/cc -c -DPLATFORM_SETTINGS_FILE=x11.xml -Wall -D_XBMC -I/home/eddie/Documents/kodi-build/build/libdvd/include -DHAVE_DVDCSS_DVDCSS_H  conftest.c >&5
configure:7596: $? = 0
configure:7596: result: yes
configure:7596: checking for stdint.h
configure:7596: /usr/bin/cc -c -DPLATFORM_SETTINGS_FILE=x11.xml -Wall -D_XBMC -I/home/eddie/Documents/kodi-build/build/libdvd/include -DHAVE_DVDCSS_DVDCSS_H  conftest.c >&5
configure:7596: $? = 0
configure:7596: result: yes
configure:7596: checking for unistd.h
configure:7596: /usr/bin/cc -c -DPLATFORM_SETTINGS_FILE=x11.xml -Wall -D_XBMC -I/home/eddie/Documents/kodi-build/build/libdvd/include -DHAVE_DVDCSS_DVDCSS_H  conftest.c >&5
configure:7596: $? = 0
configure:7596: result: yes
configure:7610: checking for dlfcn.h
configure:7610: /usr/bin/cc -c -DPLATFORM_SETTINGS_FILE=x11.xml -Wall -D_XBMC -I/home/eddie/Documents/kodi-build/build/libdvd/include -DHAVE_DVDCSS_DVDCSS_H  conftest.c >&5
configure:7610: $? = 0
configure:7610: result: yes
configure:7866: checking for objdir
configure:7881: result: .libs
configure:8145: checking if /usr/bin/cc supports -fno-rtti -fno-exceptions
configure:8163: /usr/bin/cc -c -DPLATFORM_SETTINGS_FILE=x11.xml -Wall -D_XBMC -I/home/eddie/Documents/kodi-build/build/libdvd/include -DHAVE_DVDCSS_DVDCSS_H  -fno-rtti -fno-exceptions conftest.c >&5
cc1: warning: command line option '-fno-rtti' is valid for C++/ObjC++ but not for C
configure:8167: $? = 0
configure:8180: result: no
configure:8538: checking for /usr/bin/cc option to produce PIC
configure:8545: result: -fPIC -DPIC
configure:8553: checking if /usr/bin/cc PIC flag -fPIC -DPIC works
configure:8571: /usr/bin/cc -c -DPLATFORM_SETTINGS_FILE=x11.xml -Wall -D_XBMC -I/home/eddie/Documents/kodi-build/build/libdvd/include -DHAVE_DVDCSS_DVDCSS_H  -fPIC -DPIC -DPIC conftest.c >&5
configure:8575: $? = 0
configure:8588: result: yes
configure:8617: checking if /usr/bin/cc static flag -static works
configure:8645: result: yes
configure:8660: checking if /usr/bin/cc supports -c -o file.o
configure:8681: /usr/bin/cc -c -DPLATFORM_SETTINGS_FILE=x11.xml -Wall -D_XBMC -I/home/eddie/Documents/kodi-build/build/libdvd/include -DHAVE_DVDCSS_DVDCSS_H  -o out/conftest2.o conftest.c >&5
configure:8685: $? = 0
configure:8707: result: yes
configure:8715: checking if /usr/bin/cc supports -c -o file.o
configure:8762: result: yes
configure:8795: checking whether the /usr/bin/cc linker (/usr/bin/ld -m elf_x86_64) supports shared libraries
configure:10058: result: yes
configure:10298: checking dynamic linker characteristics
configure:10879: /usr/bin/cc -o conftest -DPLATFORM_SETTINGS_FILE=x11.xml -Wall -D_XBMC -I/home/eddie/Documents/kodi-build/build/libdvd/include -DHAVE_DVDCSS_DVDCSS_H   -L/home/eddie/Documents/kodi-build/build/libdvd/lib -Wl,-rpath -Wl,/foo conftest.c -ldvdcss >&5
configure:10879: $? = 0
configure:11128: result: GNU/Linux ld.so
configure:11250: checking how to hardcode library paths into programs
configure:11275: result: immediate
configure:11823: checking whether stripping libraries is possible
configure:11828: result: yes
configure:11863: checking if libtool supports shared libraries
configure:11865: result: yes
configure:11868: checking whether to build shared libraries
configure:11893: result: no
configure:11896: checking whether to build static libraries
configure:11900: result: yes
configure:11968: checking for x86_64-linux-gcc
configure:11995: result: /usr/bin/cc
configure:12264: checking for C compiler version
configure:12273: /usr/bin/cc --version >&5
cc (Ubuntu 7.3.0-27ubuntu1~18.04) 7.3.0
Copyright (C) 2017 Free Software Foundation, Inc.
This is free software; see the source for copying conditions.  There is NO
warranty; not even for MERCHANTABILITY or FITNESS FOR A PARTICULAR PURPOSE.

configure:12284: $? = 0
configure:12273: /usr/bin/cc -v >&5
Using built-in specs.
COLLECT_GCC=/usr/bin/cc
COLLECT_LTO_WRAPPER=/usr/lib/gcc/x86_64-linux-gnu/7/lto-wrapper
OFFLOAD_TARGET_NAMES=nvptx-none
OFFLOAD_TARGET_DEFAULT=1
Target: x86_64-linux-gnu
Configured with: ../src/configure -v --with-pkgversion='Ubuntu 7.3.0-27ubuntu1~18.04' --with-bugurl=file:///usr/share/doc/gcc-7/README.Bugs --enable-languages=c,ada,c++,go,brig,d,fortran,objc,obj-c++ --prefix=/usr --with-gcc-major-version-only --program-suffix=-7 --program-prefix=x86_64-linux-gnu- --enable-shared --enable-linker-build-id --libexecdir=/usr/lib --without-included-gettext --enable-threads=posix --libdir=/usr/lib --enable-nls --with-sysroot=/ --enable-clocale=gnu --enable-libstdcxx-debug --enable-libstdcxx-time=yes --with-default-libstdcxx-abi=new --enable-gnu-unique-object --disable-vtable-verify --enable-libmpx --enable-plugin --enable-default-pie --with-system-zlib --with-target-system-zlib --enable-objc-gc=auto --enable-multiarch --disable-werror --with-arch-32=i686 --with-abi=m64 --with-multilib-list=m32,m64,mx32 --enable-multilib --with-tune=generic --enable-offload-targets=nvptx-none --without-cuda-driver --enable-checking=release --build=x86_64-linux-gnu --host=x86_64-linux-gnu --target=x86_64-linux-gnu
Thread model: posix
gcc version 7.3.0 (Ubuntu 7.3.0-27ubuntu1~18.04) 
configure:12284: $? = 0
configure:12273: /usr/bin/cc -V >&5
cc: error: unrecognized command line option '-V'
cc: fatal error: no input files
compilation terminated.
configure:12284: $? = 1
configure:12273: /usr/bin/cc -qversion >&5
cc: error: unrecognized command line option '-qversion'; did you mean '--version'?
cc: fatal error: no input files
compilation terminated.
configure:12284: $? = 1
configure:12288: checking whether we are using the GNU C compiler
configure:12316: result: yes
configure:12325: checking whether /usr/bin/cc accepts -g
configure:12386: result: yes
configure:12403: checking for /usr/bin/cc option to accept ISO C89
configure:12479: result: none needed
configure:12504: checking whether /usr/bin/cc understands -c and -o together
configure:12541: result: yes
configure:12560: checking dependency style of /usr/bin/cc
configure:12671: result: gcc3
configure:12694: checking for special C compiler options needed for large files
configure:12739: result: no
configure:12745: checking for _FILE_OFFSET_BITS value needed for large files
configure:12770: /usr/bin/cc -c -DPLATFORM_SETTINGS_FILE=x11.xml -Wall -D_XBMC -I/home/eddie/Documents/kodi-build/build/libdvd/include -DHAVE_DVDCSS_DVDCSS_H  conftest.c >&5
configure:12770: $? = 0
configure:12802: result: no
configure:12887: checking whether byte ordering is bigendian
configure:12902: /usr/bin/cc -c -DPLATFORM_SETTINGS_FILE=x11.xml -Wall -D_XBMC -I/home/eddie/Documents/kodi-build/build/libdvd/include -DHAVE_DVDCSS_DVDCSS_H  conftest.c >&5
conftest.c:24:9: error: unknown type name 'not'
         not a universal capable compiler
         ^~~
conftest.c:24:15: error: expected '=', ',', ';', 'asm' or '__attribute__' before 'universal'
         not a universal capable compiler
               ^~~~~~~~~
conftest.c:24:15: error: unknown type name 'universal'
configure:12902: $? = 1
configure: failed program was:
| /* confdefs.h */
| #define PACKAGE_NAME "libdvdnav"
| #define PACKAGE_TARNAME "libdvdnav"
| #define PACKAGE_VERSION "6.0.0"
| #define PACKAGE_STRING "libdvdnav 6.0.0"
| #define PACKAGE_BUGREPORT ""
| #define PACKAGE_URL ""
| #define PACKAGE "libdvdnav"
| #define VERSION "6.0.0"
| #define STDC_HEADERS 1
| #define HAVE_SYS_TYPES_H 1
| #define HAVE_SYS_STAT_H 1
| #define HAVE_STDLIB_H 1
| #define HAVE_STRING_H 1
| #define HAVE_MEMORY_H 1
| #define HAVE_STRINGS_H 1
| #define HAVE_INTTYPES_H 1
| #define HAVE_STDINT_H 1
| #define HAVE_UNISTD_H 1
| #define HAVE_DLFCN_H 1
| #define LT_OBJDIR ".libs/"
| /* end confdefs.h.  */
| #ifndef __APPLE_CC__
| 	       not a universal capable compiler
| 	     #endif
| 	     typedef int dummy;
| 
configure:12947: /usr/bin/cc -c -DPLATFORM_SETTINGS_FILE=x11.xml -Wall -D_XBMC -I/home/eddie/Documents/kodi-build/build/libdvd/include -DHAVE_DVDCSS_DVDCSS_H  conftest.c >&5
configure:12947: $? = 0
configure:12965: /usr/bin/cc -c -DPLATFORM_SETTINGS_FILE=x11.xml -Wall -D_XBMC -I/home/eddie/Documents/kodi-build/build/libdvd/include -DHAVE_DVDCSS_DVDCSS_H  conftest.c >&5
conftest.c: In function 'main':
conftest.c:30:4: error: unknown type name 'not'; did you mean 'ino_t'?
    not big endian
    ^~~
    ino_t
conftest.c:30:12: error: expected '=', ',', ';', 'asm' or '__attribute__' before 'endian'
    not big endian
            ^~~~~~
configure:12965: $? = 1
configure: failed program was:
| /* confdefs.h */
| #define PACKAGE_NAME "libdvdnav"
| #define PACKAGE_TARNAME "libdvdnav"
| #define PACKAGE_VERSION "6.0.0"
| #define PACKAGE_STRING "libdvdnav 6.0.0"
| #define PACKAGE_BUGREPORT ""
| #define PACKAGE_URL ""
| #define PACKAGE "libdvdnav"
| #define VERSION "6.0.0"
| #define STDC_HEADERS 1
| #define HAVE_SYS_TYPES_H 1
| #define HAVE_SYS_STAT_H 1
| #define HAVE_STDLIB_H 1
| #define HAVE_STRING_H 1
| #define HAVE_MEMORY_H 1
| #define HAVE_STRINGS_H 1
| #define HAVE_INTTYPES_H 1
| #define HAVE_STDINT_H 1
| #define HAVE_UNISTD_H 1
| #define HAVE_DLFCN_H 1
| #define LT_OBJDIR ".libs/"
| /* end confdefs.h.  */
| #include <sys/types.h>
| 		#include <sys/param.h>
| 
| int
| main ()
| {
| #if BYTE_ORDER != BIG_ENDIAN
| 		 not big endian
| 		#endif
| 
|   ;
|   return 0;
| }
configure:13093: result: no
configure:13147: checking for pthread_create in -lpthread
configure:13172: /usr/bin/cc -o conftest -DPLATFORM_SETTINGS_FILE=x11.xml -Wall -D_XBMC -I/home/eddie/Documents/kodi-build/build/libdvd/include -DHAVE_DVDCSS_DVDCSS_H   -L/home/eddie/Documents/kodi-build/build/libdvd/lib conftest.c -lpthread  -ldvdcss >&5
configure:13172: $? = 0
configure:13181: result: yes
configure:13205: checking for x86_64-linux-pkg-config
configure:13238: result: no
configure:13248: checking for pkg-config
configure:13266: found /usr/bin/pkg-config
configure:13278: result: /usr/bin/pkg-config
configure:13303: checking pkg-config is at least version 0.9.0
configure:13306: result: yes
configure:13316: checking for DVDREAD
configure:13401: result: yes
configure:13407: checking if /usr/bin/cc supports -mno-ms-bitfields flag
configure:13422: /usr/bin/cc -o conftest -DPLATFORM_SETTINGS_FILE=x11.xml -Wall -D_XBMC -I/home/eddie/Documents/kodi-build/build/libdvd/include -DHAVE_DVDCSS_DVDCSS_H -mno-ms-bitfields   -L/home/eddie/Documents/kodi-build/build/libdvd/lib conftest.c -ldvdcss >&5
configure:13422: $? = 0
configure:13439: result: yes
configure:13448: checking if /usr/bin/cc supports -Wall -Wsign-compare -Wextra flag
configure:13463: /usr/bin/cc -o conftest -DPLATFORM_SETTINGS_FILE=x11.xml -Wall -D_XBMC -I/home/eddie/Documents/kodi-build/build/libdvd/include -DHAVE_DVDCSS_DVDCSS_H -mno-ms-bitfields -Wall -Wsign-compare -Wextra   -L/home/eddie/Documents/kodi-build/build/libdvd/lib conftest.c -ldvdcss >&5
configure:13463: $? = 0
configure:13480: result: yes
configure:13490: checking for doxygen
configure:13518: result: no
configure:13638: checking that generated files are newer than configure
configure:13644: result: done
configure:13672: creating ./config.status

## ---------------------- ##
## Running config.status. ##
## ---------------------- ##

This file was extended by libdvdnav config.status 6.0.0, which was
generated by GNU Autoconf 2.69.  Invocation command line was

  CONFIG_FILES    = 
  CONFIG_HEADERS  = 
  CONFIG_LINKS    = 
  CONFIG_COMMANDS = 
  $ ./config.status 

on EVPC

config.status:1101: creating Makefile
config.status:1101: creating misc/dvdnav.pc
config.status:1101: creating misc/libdvdnav.spec
config.status:1101: creating config.h
config.status:1315: executing depfiles commands
config.status:1315: executing libtool commands

## ---------------- ##
## Cache variables. ##
## ---------------- ##

ac_cv_build=x86_64-pc-linux-gnu
ac_cv_c_bigendian=no
ac_cv_c_compiler_gnu=yes
ac_cv_env_CC_set=set
ac_cv_env_CC_value=/usr/bin/cc
ac_cv_env_CFLAGS_set=set
ac_cv_env_CFLAGS_value='-DPLATFORM_SETTINGS_FILE=x11.xml -Wall -D_XBMC -I/home/eddie/Documents/kodi-build/build/libdvd/include -DHAVE_DVDCSS_DVDCSS_H'
ac_cv_env_CPPFLAGS_set=
ac_cv_env_CPPFLAGS_value=
ac_cv_env_CPP_set=
ac_cv_env_CPP_value=
ac_cv_env_DVDREAD_CFLAGS_set=set
ac_cv_env_DVDREAD_CFLAGS_value='-D_XBMC -I/home/eddie/Documents/kodi-build/build/libdvd/include -DHAVE_DVDCSS_DVDCSS_H'
ac_cv_env_DVDREAD_LIBS_set=set
ac_cv_env_DVDREAD_LIBS_value=/home/eddie/Documents/kodi-build/build/libdvd/lib/libdvdread.la
ac_cv_env_LDFLAGS_set=set
ac_cv_env_LDFLAGS_value=' -L/home/eddie/Documents/kodi-build/build/libdvd/lib'
ac_cv_env_LIBS_set=set
ac_cv_env_LIBS_value=-ldvdcss
ac_cv_env_LT_SYS_LIBRARY_PATH_set=
ac_cv_env_LT_SYS_LIBRARY_PATH_value=
ac_cv_env_PKG_CONFIG_LIBDIR_set=
ac_cv_env_PKG_CONFIG_LIBDIR_value=
ac_cv_env_PKG_CONFIG_PATH_set=
ac_cv_env_PKG_CONFIG_PATH_value=
ac_cv_env_PKG_CONFIG_set=
ac_cv_env_PKG_CONFIG_value=
ac_cv_env_build_alias_set=
ac_cv_env_build_alias_value=
ac_cv_env_host_alias_set=set
ac_cv_env_host_alias_value=x86_64-linux
ac_cv_env_target_alias_set=set
ac_cv_env_target_alias_value=x86_64-linux
ac_cv_header_dlfcn_h=yes
ac_cv_header_inttypes_h=yes
ac_cv_header_memory_h=yes
ac_cv_header_stdc=yes
ac_cv_header_stdint_h=yes
ac_cv_header_stdlib_h=yes
ac_cv_header_string_h=yes
ac_cv_header_strings_h=yes
ac_cv_header_sys_stat_h=yes
ac_cv_header_sys_types_h=yes
ac_cv_header_unistd_h=yes
ac_cv_host=x86_64-pc-linux-gnu
ac_cv_lib_pthread_pthread_create=yes
ac_cv_objext=o
ac_cv_path_EGREP='/bin/grep -E'
ac_cv_path_FGREP='/bin/grep -F'
ac_cv_path_GIT=
ac_cv_path_GREP=/bin/grep
ac_cv_path_SED=/bin/sed
ac_cv_path_ac_pt_PKG_CONFIG=/usr/bin/pkg-config
ac_cv_path_install='/usr/bin/install -c'
ac_cv_path_lt_DD=/bin/dd
ac_cv_path_mkdir=/bin/mkdir
ac_cv_prog_AWK=gawk
ac_cv_prog_CC=/usr/bin/cc
ac_cv_prog_CPP='/usr/bin/cc -E'
ac_cv_prog_DOXYGEN=no
ac_cv_prog_STRIP=strip
ac_cv_prog_ac_ct_AR=ar
ac_cv_prog_ac_ct_MANIFEST_TOOL=mt
ac_cv_prog_ac_ct_OBJDUMP=objdump
ac_cv_prog_ac_ct_RANLIB=ranlib
ac_cv_prog_ac_ct_STRIP=strip
ac_cv_prog_cc_c89=
ac_cv_prog_cc_g=yes
ac_cv_prog_make_make_set=yes
ac_cv_sys_file_offset_bits=no
ac_cv_sys_largefile_CC=no
am_cv_CC_dependencies_compiler_type=gcc3
am_cv_make_support_nested_variables=yes
am_cv_prog_cc_c_o=yes
cc_cv_cflags__Wall__Wsign_compare__Wextra=yes
cc_cv_cflags__mno_ms_bitfields=yes
lt_cv_ar_at_file=@
lt_cv_deplibs_check_method=pass_all
lt_cv_file_magic_cmd='$MAGIC_CMD'
lt_cv_file_magic_test_file=
lt_cv_ld_reload_flag=-r
lt_cv_nm_interface='BSD nm'
lt_cv_objdir=.libs
lt_cv_path_LD=/usr/bin/ld
lt_cv_path_NM='/usr/bin/nm -B'
lt_cv_path_mainfest_tool=no
lt_cv_prog_compiler_c_o=yes
lt_cv_prog_compiler_pic='-fPIC -DPIC'
lt_cv_prog_compiler_pic_works=yes
lt_cv_prog_compiler_rtti_exceptions=no
lt_cv_prog_compiler_static_works=yes
lt_cv_prog_gnu_ld=yes
lt_cv_sharedlib_from_linklib_cmd='printf %s\n'
lt_cv_shlibpath_overrides_runpath=yes
lt_cv_sys_global_symbol_pipe='sed -n -e '\''s/^.*[	 ]\([ABCDGIRSTW][ABCDGIRSTW]*\)[	 ][	 ]*\([_A-Za-z][_A-Za-z0-9]*\)$/\1 \2 \2/p'\'' | sed '\''/ __gnu_lto/d'\'''
lt_cv_sys_global_symbol_to_c_name_address='sed -n -e '\''s/^: \(.*\) .*$/  {"\1", (void *) 0},/p'\'' -e '\''s/^[ABCDGIRSTW][ABCDGIRSTW]* .* \(.*\)$/  {"\1", (void *) \&\1},/p'\'''
lt_cv_sys_global_symbol_to_c_name_address_lib_prefix='sed -n -e '\''s/^: \(.*\) .*$/  {"\1", (void *) 0},/p'\'' -e '\''s/^[ABCDGIRSTW][ABCDGIRSTW]* .* \(lib.*\)$/  {"\1", (void *) \&\1},/p'\'' -e '\''s/^[ABCDGIRSTW][ABCDGIRSTW]* .* \(.*\)$/  {"lib\1", (void *) \&\1},/p'\'''
lt_cv_sys_global_symbol_to_cdecl='sed -n -e '\''s/^T .* \(.*\)$/extern int \1();/p'\'' -e '\''s/^[ABCDGIRSTW][ABCDGIRSTW]* .* \(.*\)$/extern char \1;/p'\'''
lt_cv_sys_global_symbol_to_import=
lt_cv_sys_max_cmd_len=1572864
lt_cv_to_host_file_cmd=func_convert_file_noop
lt_cv_to_tool_file_cmd=func_convert_file_noop
lt_cv_truncate_bin='/bin/dd bs=4096 count=1'
pkg_cv_DVDREAD_CFLAGS='-D_XBMC -I/home/eddie/Documents/kodi-build/build/libdvd/include -DHAVE_DVDCSS_DVDCSS_H'
pkg_cv_DVDREAD_LIBS=/home/eddie/Documents/kodi-build/build/libdvd/lib/libdvdread.la

## ----------------- ##
## Output variables. ##
## ----------------- ##

ACLOCAL='${SHELL} /home/eddie/Documents/kodi-build/build/libdvd/src/dvdnav/missing aclocal-1.15'
AMDEPBACKSLASH='\'
AMDEP_FALSE='#'
AMDEP_TRUE=''
AMTAR='$${TAR-tar}'
AM_BACKSLASH='\'
AM_DEFAULT_V='$(AM_DEFAULT_VERBOSITY)'
AM_DEFAULT_VERBOSITY='0'
AM_V='$(V)'
AR='ar'
AUTOCONF='${SHELL} /home/eddie/Documents/kodi-build/build/libdvd/src/dvdnav/missing autoconf'
AUTOHEADER='${SHELL} /home/eddie/Documents/kodi-build/build/libdvd/src/dvdnav/missing autoheader'
AUTOMAKE='${SHELL} /home/eddie/Documents/kodi-build/build/libdvd/src/dvdnav/missing automake-1.15'
AWK='gawk'
CC='/usr/bin/cc'
CCDEPMODE='depmode=gcc3'
CFLAGS='-DPLATFORM_SETTINGS_FILE=x11.xml -Wall -D_XBMC -I/home/eddie/Documents/kodi-build/build/libdvd/include -DHAVE_DVDCSS_DVDCSS_H -mno-ms-bitfields -Wall -Wsign-compare -Wextra'
CPP='/usr/bin/cc -E'
CPPFLAGS=''
CYGPATH_W='echo'
DEFS='-DHAVE_CONFIG_H'
DEPDIR='.deps'
DLLTOOL='false'
DOXYGEN='no'
DSYMUTIL=''
DUMPBIN=''
DVDNAV_LT_AGE='2'
DVDNAV_LT_CURRENT='6'
DVDNAV_LT_REVISION='0'
DVDNAV_MAJOR='6'
DVDNAV_MINOR='0'
DVDNAV_SUB='0'
DVDREAD_CFLAGS='-D_XBMC -I/home/eddie/Documents/kodi-build/build/libdvd/include -DHAVE_DVDCSS_DVDCSS_H'
DVDREAD_LIBS='/home/eddie/Documents/kodi-build/build/libdvd/lib/libdvdread.la'
ECHO_C=''
ECHO_N='-n'
ECHO_T=''
EGREP='/bin/grep -E'
EXEEXT=''
FGREP='/bin/grep -F'
GREP='/bin/grep'
INSTALL_DATA='${INSTALL} -m 644'
INSTALL_PROGRAM='${INSTALL}'
INSTALL_SCRIPT='${INSTALL}'
INSTALL_STRIP_PROGRAM='$(install_sh) -c -s'
LD='/usr/bin/ld -m elf_x86_64'
LDFLAGS=' -L/home/eddie/Documents/kodi-build/build/libdvd/lib'
LIBOBJS=''
LIBS='-ldvdcss'
LIBTOOL='$(SHELL) $(top_builddir)/libtool'
LIPO=''
LN_S='ln -s'
LTLIBOBJS=''
LT_SYS_LIBRARY_PATH=''
MAKEINFO='${SHELL} /home/eddie/Documents/kodi-build/build/libdvd/src/dvdnav/missing makeinfo'
MANIFEST_TOOL=':'
MKDIR_P='/bin/mkdir -p'
NM='/usr/bin/nm -B'
NMEDIT=''
OBJDUMP='objdump'
OBJEXT='o'
OTOOL64=''
OTOOL=''
PACKAGE='libdvdnav'
PACKAGE_BUGREPORT=''
PACKAGE_NAME='libdvdnav'
PACKAGE_STRING='libdvdnav 6.0.0'
PACKAGE_TARNAME='libdvdnav'
PACKAGE_URL=''
PACKAGE_VERSION='6.0.0'
PATH_SEPARATOR=':'
PKG_CONFIG='/usr/bin/pkg-config'
PKG_CONFIG_LIBDIR=''
PKG_CONFIG_PATH=''
RANLIB='ranlib'
SED='/bin/sed'
SET_MAKE=''
SHELL='/bin/bash'
STRIP='strip'
THREAD_CFLAGS=''
THREAD_LIBS='-lpthread'
VERSION='6.0.0'
ac_ct_AR='ar'
ac_ct_CC=''
ac_ct_DUMPBIN=''
am__EXEEXT_FALSE=''
am__EXEEXT_TRUE='#'
am__fastdepCC_FALSE='#'
am__fastdepCC_TRUE=''
am__include='include'
am__isrc=' -I$(srcdir)'
am__leading_dot='.'
am__nodep='_no'
am__quote=''
am__tar='$${TAR-tar} chof - "$$tardir"'
am__untar='$${TAR-tar} xf -'
bindir='${exec_prefix}/bin'
build='x86_64-pc-linux-gnu'
build_alias=''
build_cpu='x86_64'
build_os='linux-gnu'
build_vendor='pc'
datadir='${datarootdir}'
datarootdir='${prefix}/share'
docdir='${datarootdir}/doc/${PACKAGE_TARNAME}'
dvidir='${docdir}'
exec_prefix='${prefix}'
host='x86_64-pc-linux-gnu'
host_alias='x86_64-linux'
host_cpu='x86_64'
host_os='linux-gnu'
host_vendor='pc'
htmldir='${docdir}'
includedir='${prefix}/include'
infodir='${datarootdir}/info'
install_sh='${SHELL} /home/eddie/Documents/kodi-build/build/libdvd/src/dvdnav/install-sh'
libdir='/home/eddie/Documents/kodi-build/build/libdvd/lib'
libexecdir='${exec_prefix}/libexec'
localedir='${datarootdir}/locale'
localstatedir='${prefix}/var'
mandir='${datarootdir}/man'
mkdir_p='$(MKDIR_P)'
oldincludedir='/usr/include'
pdfdir='${docdir}'
prefix='/home/eddie/Documents/kodi-build/build/libdvd'
program_transform_name='s,x,x,'
psdir='${docdir}'
runstatedir='${localstatedir}/run'
sbindir='${exec_prefix}/sbin'
sharedstatedir='${prefix}/com'
sysconfdir='${prefix}/etc'
target_alias='x86_64-linux'

## ----------- ##
## confdefs.h. ##
## ----------- ##

/* confdefs.h */
#define PACKAGE_NAME "libdvdnav"
#define PACKAGE_TARNAME "libdvdnav"
#define PACKAGE_VERSION "6.0.0"
#define PACKAGE_STRING "libdvdnav 6.0.0"
#define PACKAGE_BUGREPORT ""
#define PACKAGE_URL ""
#define PACKAGE "libdvdnav"
#define VERSION "6.0.0"
#define STDC_HEADERS 1
#define HAVE_SYS_TYPES_H 1
#define HAVE_SYS_STAT_H 1
#define HAVE_STDLIB_H 1
#define HAVE_STRING_H 1
#define HAVE_MEMORY_H 1
#define HAVE_STRINGS_H 1
#define HAVE_INTTYPES_H 1
#define HAVE_STDINT_H 1
#define HAVE_UNISTD_H 1
#define HAVE_DLFCN_H 1
#define LT_OBJDIR ".libs/"

configure: exit 0
