This file contains any messages produced by compilers while
running configure, to aid debugging if configure makes a mistake.

It was created by libdvdcss configure 1.4.2, which was
generated by GNU Autoconf 2.69.  Invocation command line was

  $ /home/eddie/Documents/kodi-build/build/libdvd/src/dvdcss/configure --target=x86_64-linux --host=x86_64-linux --disable-doc --enable-static --disable-shared --with-pic --prefix=/home/eddie/Documents/kodi-build/build/libdvd --libdir=/home/eddie/Documents/kodi-build/build/libdvd/lib CC=/usr/bin/cc CFLAGS=-DPLATFORM_SETTINGS_FILE=x11.xml -Wall  -I/home/eddie/Documents/kodi-build/build/libdvd/include LDFLAGS=

## --------- ##
## Platform. ##
## --------- ##

hostname = EVPC
uname -m = x86_64
uname -r = 4.15.0-42-generic
uname -s = Linux
uname -v = #45-Ubuntu SMP Thu Nov 15 19:32:57 UTC 2018

/usr/bin/uname -p = unknown
/bin/uname -X     = unknown

/bin/arch              = unknown
/usr/bin/arch -k       = unknown
/usr/convex/getsysinfo = unknown
/usr/bin/hostinfo      = unknown
/bin/machine           = unknown
/usr/bin/oslevel       = unknown
/bin/universe          = unknown

PATH: /home/eddie/bin
PATH: /home/eddie/.local/bin
PATH: /usr/local/sbin
PATH: /usr/local/bin
PATH: /usr/sbin
PATH: /usr/bin
PATH: /sbin
PATH: /bin
PATH: /usr/games
PATH: /usr/local/games
PATH: /snap/bin


## ----------- ##
## Core tests. ##
## ----------- ##

configure:2381: checking build system type
configure:2395: result: x86_64-pc-linux-gnu
configure:2415: checking host system type
configure:2428: result: x86_64-pc-linux-gnu
configure:2465: checking for a BSD-compatible install
configure:2533: result: /usr/bin/install -c
configure:2544: checking whether build environment is sane
configure:2599: result: yes
configure:2658: checking for x86_64-linux-strip
configure:2688: result: no
configure:2698: checking for strip
configure:2714: found /usr/bin/strip
configure:2725: result: strip
configure:2750: checking for a thread-safe mkdir -p
configure:2789: result: /bin/mkdir -p
configure:2796: checking for gawk
configure:2812: found /usr/bin/gawk
configure:2823: result: gawk
configure:2834: checking whether make sets $(MAKE)
configure:2856: result: yes
configure:2885: checking whether make supports nested variables
configure:2902: result: yes
configure:3029: checking whether to enable maintainer-specific portions of Makefiles
configure:3038: result: yes
configure:3062: checking whether make supports nested variables
configure:3079: result: yes
configure:3137: checking how to print strings
configure:3164: result: printf
configure:3197: checking for style of include used by make
configure:3225: result: GNU
configure:3256: checking for x86_64-linux-gcc
configure:3283: result: /usr/bin/cc
configure:3552: checking for C compiler version
configure:3561: /usr/bin/cc --version >&5
cc (Ubuntu 7.3.0-27ubuntu1~18.04) 7.3.0
Copyright (C) 2017 Free Software Foundation, Inc.
This is free software; see the source for copying conditions.  There is NO
warranty; not even for MERCHANTABILITY or FITNESS FOR A PARTICULAR PURPOSE.

configure:3572: $? = 0
configure:3561: /usr/bin/cc -v >&5
Using built-in specs.
COLLECT_GCC=/usr/bin/cc
COLLECT_LTO_WRAPPER=/usr/lib/gcc/x86_64-linux-gnu/7/lto-wrapper
OFFLOAD_TARGET_NAMES=nvptx-none
OFFLOAD_TARGET_DEFAULT=1
Target: x86_64-linux-gnu
Configured with: ../src/configure -v --with-pkgversion='Ubuntu 7.3.0-27ubuntu1~18.04' --with-bugurl=file:///usr/share/doc/gcc-7/README.Bugs --enable-languages=c,ada,c++,go,brig,d,fortran,objc,obj-c++ --prefix=/usr --with-gcc-major-version-only --program-suffix=-7 --program-prefix=x86_64-linux-gnu- --enable-shared --enable-linker-build-id --libexecdir=/usr/lib --without-included-gettext --enable-threads=posix --libdir=/usr/lib --enable-nls --with-sysroot=/ --enable-clocale=gnu --enable-libstdcxx-debug --enable-libstdcxx-time=yes --with-default-libstdcxx-abi=new --enable-gnu-unique-object --disable-vtable-verify --enable-libmpx --enable-plugin --enable-default-pie --with-system-zlib --with-target-system-zlib --enable-objc-gc=auto --enable-multiarch --disable-werror --with-arch-32=i686 --with-abi=m64 --with-multilib-list=m32,m64,mx32 --enable-multilib --with-tune=generic --enable-offload-targets=nvptx-none --without-cuda-driver --enable-checking=release --build=x86_64-linux-gnu --host=x86_64-linux-gnu --target=x86_64-linux-gnu
Thread model: posix
gcc version 7.3.0 (Ubuntu 7.3.0-27ubuntu1~18.04) 
configure:3572: $? = 0
configure:3561: /usr/bin/cc -V >&5
cc: error: unrecognized command line option '-V'
cc: fatal error: no input files
compilation terminated.
configure:3572: $? = 1
configure:3561: /usr/bin/cc -qversion >&5
cc: error: unrecognized command line option '-qversion'; did you mean '--version'?
cc: fatal error: no input files
compilation terminated.
configure:3572: $? = 1
configure:3592: checking whether the C compiler works
configure:3614: /usr/bin/cc -DPLATFORM_SETTINGS_FILE=x11.xml -Wall  -I/home/eddie/Documents/kodi-build/build/libdvd/include   conftest.c  >&5
configure:3618: $? = 0
configure:3666: result: yes
configure:3669: checking for C compiler default output file name
configure:3671: result: a.out
configure:3677: checking for suffix of executables
configure:3684: /usr/bin/cc -o conftest -DPLATFORM_SETTINGS_FILE=x11.xml -Wall  -I/home/eddie/Documents/kodi-build/build/libdvd/include   conftest.c  >&5
configure:3688: $? = 0
configure:3710: result: 
configure:3732: checking whether we are cross compiling
configure:3740: /usr/bin/cc -o conftest -DPLATFORM_SETTINGS_FILE=x11.xml -Wall  -I/home/eddie/Documents/kodi-build/build/libdvd/include   conftest.c  >&5
configure:3744: $? = 0
configure:3751: ./conftest
configure:3755: $? = 0
configure:3770: result: no
configure:3775: checking for suffix of object files
configure:3797: /usr/bin/cc -c -DPLATFORM_SETTINGS_FILE=x11.xml -Wall  -I/home/eddie/Documents/kodi-build/build/libdvd/include  conftest.c >&5
configure:3801: $? = 0
configure:3822: result: o
configure:3826: checking whether we are using the GNU C compiler
configure:3845: /usr/bin/cc -c -DPLATFORM_SETTINGS_FILE=x11.xml -Wall  -I/home/eddie/Documents/kodi-build/build/libdvd/include  conftest.c >&5
configure:3845: $? = 0
configure:3854: result: yes
configure:3863: checking whether /usr/bin/cc accepts -g
configure:3883: /usr/bin/cc -c -g  conftest.c >&5
configure:3883: $? = 0
configure:3924: result: yes
configure:3941: checking for /usr/bin/cc option to accept ISO C89
configure:4004: /usr/bin/cc  -c -DPLATFORM_SETTINGS_FILE=x11.xml -Wall  -I/home/eddie/Documents/kodi-build/build/libdvd/include  conftest.c >&5
configure:4004: $? = 0
configure:4017: result: none needed
configure:4042: checking whether /usr/bin/cc understands -c and -o together
configure:4064: /usr/bin/cc -c conftest.c -o conftest2.o
configure:4067: $? = 0
configure:4064: /usr/bin/cc -c conftest.c -o conftest2.o
configure:4067: $? = 0
configure:4079: result: yes
configure:4098: checking dependency style of /usr/bin/cc
configure:4209: result: gcc3
configure:4224: checking for a sed that does not truncate output
configure:4288: result: /bin/sed
configure:4306: checking for grep that handles long lines and -e
configure:4364: result: /bin/grep
configure:4369: checking for egrep
configure:4431: result: /bin/grep -E
configure:4436: checking for fgrep
configure:4498: result: /bin/grep -F
configure:4533: checking for ld used by /usr/bin/cc
configure:4600: result: /usr/bin/ld
configure:4607: checking if the linker (/usr/bin/ld) is GNU ld
configure:4622: result: yes
configure:4634: checking for BSD- or MS-compatible name lister (nm)
configure:4688: result: /usr/bin/nm -B
configure:4818: checking the name lister (/usr/bin/nm -B) interface
configure:4825: /usr/bin/cc -c -DPLATFORM_SETTINGS_FILE=x11.xml -Wall  -I/home/eddie/Documents/kodi-build/build/libdvd/include  conftest.c >&5
configure:4828: /usr/bin/nm -B "conftest.o"
configure:4831: output
0000000000000000 B some_variable
configure:4838: result: BSD nm
configure:4841: checking whether ln -s works
configure:4845: result: yes
configure:4853: checking the maximum length of command line arguments
configure:4984: result: 1572864
configure:5032: checking how to convert x86_64-pc-linux-gnu file names to x86_64-pc-linux-gnu format
configure:5072: result: func_convert_file_noop
configure:5079: checking how to convert x86_64-pc-linux-gnu file names to toolchain format
configure:5099: result: func_convert_file_noop
configure:5106: checking for /usr/bin/ld option to reload object files
configure:5113: result: -r
configure:5147: checking for x86_64-linux-objdump
configure:5177: result: no
configure:5187: checking for objdump
configure:5203: found /usr/bin/objdump
configure:5214: result: objdump
configure:5243: checking how to recognize dependent libraries
configure:5443: result: pass_all
configure:5488: checking for x86_64-linux-dlltool
configure:5518: result: no
configure:5528: checking for dlltool
configure:5558: result: no
configure:5585: checking how to associate runtime and link libraries
configure:5612: result: printf %s\n
configure:5629: checking for x86_64-linux-ar
configure:5659: result: no
configure:5673: checking for ar
configure:5689: found /usr/bin/ar
configure:5700: result: ar
configure:5737: checking for archiver @FILE support
configure:5754: /usr/bin/cc -c -DPLATFORM_SETTINGS_FILE=x11.xml -Wall  -I/home/eddie/Documents/kodi-build/build/libdvd/include  conftest.c >&5
configure:5754: $? = 0
configure:5757: ar cru libconftest.a @conftest.lst >&5
ar: `u' modifier ignored since `D' is the default (see `U')
configure:5760: $? = 0
configure:5765: ar cru libconftest.a @conftest.lst >&5
ar: `u' modifier ignored since `D' is the default (see `U')
ar: conftest.o: No such file or directory
configure:5768: $? = 1
configure:5780: result: @
configure:5798: checking for x86_64-linux-strip
configure:5825: result: strip
configure:5897: checking for x86_64-linux-ranlib
configure:5927: result: no
configure:5937: checking for ranlib
configure:5953: found /usr/bin/ranlib
configure:5964: result: ranlib
configure:6066: checking command to parse /usr/bin/nm -B output from /usr/bin/cc object
configure:6219: /usr/bin/cc -c -DPLATFORM_SETTINGS_FILE=x11.xml -Wall  -I/home/eddie/Documents/kodi-build/build/libdvd/include  conftest.c >&5
configure:6222: $? = 0
configure:6226: /usr/bin/nm -B conftest.o \| sed -n -e 's/^.*[ ]\([ABCDGIRSTW][ABCDGIRSTW]*\)[ ][ ]*\([_A-Za-z][_A-Za-z0-9]*\)$/\1 \2 \2/p' | sed '/ __gnu_lto/d' \> conftest.nm
configure:6229: $? = 0
configure:6295: /usr/bin/cc -o conftest -DPLATFORM_SETTINGS_FILE=x11.xml -Wall  -I/home/eddie/Documents/kodi-build/build/libdvd/include   conftest.c conftstm.o >&5
configure:6298: $? = 0
configure:6336: result: ok
configure:6383: checking for sysroot
configure:6413: result: no
configure:6420: checking for a working dd
configure:6458: result: /bin/dd
configure:6462: checking how to truncate binary pipes
configure:6477: result: /bin/dd bs=4096 count=1
configure:6613: /usr/bin/cc -c -DPLATFORM_SETTINGS_FILE=x11.xml -Wall  -I/home/eddie/Documents/kodi-build/build/libdvd/include  conftest.c >&5
configure:6616: $? = 0
configure:6766: checking for x86_64-linux-mt
configure:6796: result: no
configure:6806: checking for mt
configure:6822: found /bin/mt
configure:6833: result: mt
configure:6856: checking if mt is a manifest tool
configure:6862: mt '-?'
configure:6870: result: no
configure:7547: checking how to run the C preprocessor
configure:7578: /usr/bin/cc -E  conftest.c
configure:7578: $? = 0
configure:7592: /usr/bin/cc -E  conftest.c
conftest.c:11:10: fatal error: ac_nonexistent.h: No such file or directory
 #include <ac_nonexistent.h>
          ^~~~~~~~~~~~~~~~~~
compilation terminated.
configure:7592: $? = 1
configure: failed program was:
| /* confdefs.h */
| #define PACKAGE_NAME "libdvdcss"
| #define PACKAGE_TARNAME "libdvdcss"
| #define PACKAGE_VERSION "1.4.2"
| #define PACKAGE_STRING "libdvdcss 1.4.2"
| #define PACKAGE_BUGREPORT ""
| #define PACKAGE_URL "https://www.videolan.org/developers/libdvdcss.html"
| #define PACKAGE "libdvdcss"
| #define VERSION "1.4.2"
| /* end confdefs.h.  */
| #include <ac_nonexistent.h>
configure:7617: result: /usr/bin/cc -E
configure:7637: /usr/bin/cc -E  conftest.c
configure:7637: $? = 0
configure:7651: /usr/bin/cc -E  conftest.c
conftest.c:11:10: fatal error: ac_nonexistent.h: No such file or directory
 #include <ac_nonexistent.h>
          ^~~~~~~~~~~~~~~~~~
compilation terminated.
configure:7651: $? = 1
configure: failed program was:
| /* confdefs.h */
| #define PACKAGE_NAME "libdvdcss"
| #define PACKAGE_TARNAME "libdvdcss"
| #define PACKAGE_VERSION "1.4.2"
| #define PACKAGE_STRING "libdvdcss 1.4.2"
| #define PACKAGE_BUGREPORT ""
| #define PACKAGE_URL "https://www.videolan.org/developers/libdvdcss.html"
| #define PACKAGE "libdvdcss"
| #define VERSION "1.4.2"
| /* end confdefs.h.  */
| #include <ac_nonexistent.h>
configure:7680: checking for ANSI C header files
configure:7700: /usr/bin/cc -c -DPLATFORM_SETTINGS_FILE=x11.xml -Wall  -I/home/eddie/Documents/kodi-build/build/libdvd/include  conftest.c >&5
configure:7700: $? = 0
configure:7773: /usr/bin/cc -o conftest -DPLATFORM_SETTINGS_FILE=x11.xml -Wall  -I/home/eddie/Documents/kodi-build/build/libdvd/include   conftest.c  >&5
configure:7773: $? = 0
configure:7773: ./conftest
configure:7773: $? = 0
configure:7784: result: yes
configure:7797: checking for sys/types.h
configure:7797: /usr/bin/cc -c -DPLATFORM_SETTINGS_FILE=x11.xml -Wall  -I/home/eddie/Documents/kodi-build/build/libdvd/include  conftest.c >&5
configure:7797: $? = 0
configure:7797: result: yes
configure:7797: checking for sys/stat.h
configure:7797: /usr/bin/cc -c -DPLATFORM_SETTINGS_FILE=x11.xml -Wall  -I/home/eddie/Documents/kodi-build/build/libdvd/include  conftest.c >&5
configure:7797: $? = 0
configure:7797: result: yes
configure:7797: checking for stdlib.h
configure:7797: /usr/bin/cc -c -DPLATFORM_SETTINGS_FILE=x11.xml -Wall  -I/home/eddie/Documents/kodi-build/build/libdvd/include  conftest.c >&5
configure:7797: $? = 0
configure:7797: result: yes
configure:7797: checking for string.h
configure:7797: /usr/bin/cc -c -DPLATFORM_SETTINGS_FILE=x11.xml -Wall  -I/home/eddie/Documents/kodi-build/build/libdvd/include  conftest.c >&5
configure:7797: $? = 0
configure:7797: result: yes
configure:7797: checking for memory.h
configure:7797: /usr/bin/cc -c -DPLATFORM_SETTINGS_FILE=x11.xml -Wall  -I/home/eddie/Documents/kodi-build/build/libdvd/include  conftest.c >&5
configure:7797: $? = 0
configure:7797: result: yes
configure:7797: checking for strings.h
configure:7797: /usr/bin/cc -c -DPLATFORM_SETTINGS_FILE=x11.xml -Wall  -I/home/eddie/Documents/kodi-build/build/libdvd/include  conftest.c >&5
configure:7797: $? = 0
configure:7797: result: yes
configure:7797: checking for inttypes.h
configure:7797: /usr/bin/cc -c -DPLATFORM_SETTINGS_FILE=x11.xml -Wall  -I/home/eddie/Documents/kodi-build/build/libdvd/include  conftest.c >&5
configure:7797: $? = 0
configure:7797: result: yes
configure:7797: checking for stdint.h
configure:7797: /usr/bin/cc -c -DPLATFORM_SETTINGS_FILE=x11.xml -Wall  -I/home/eddie/Documents/kodi-build/build/libdvd/include  conftest.c >&5
configure:7797: $? = 0
configure:7797: result: yes
configure:7797: checking for unistd.h
configure:7797: /usr/bin/cc -c -DPLATFORM_SETTINGS_FILE=x11.xml -Wall  -I/home/eddie/Documents/kodi-build/build/libdvd/include  conftest.c >&5
configure:7797: $? = 0
configure:7797: result: yes
configure:7811: checking for dlfcn.h
configure:7811: /usr/bin/cc -c -DPLATFORM_SETTINGS_FILE=x11.xml -Wall  -I/home/eddie/Documents/kodi-build/build/libdvd/include  conftest.c >&5
configure:7811: $? = 0
configure:7811: result: yes
configure:8365: checking for objdir
configure:8380: result: .libs
configure:8644: checking if /usr/bin/cc supports -fno-rtti -fno-exceptions
configure:8662: /usr/bin/cc -c -DPLATFORM_SETTINGS_FILE=x11.xml -Wall  -I/home/eddie/Documents/kodi-build/build/libdvd/include  -fno-rtti -fno-exceptions conftest.c >&5
cc1: warning: command line option '-fno-rtti' is valid for C++/ObjC++ but not for C
configure:8666: $? = 0
configure:8679: result: no
configure:9037: checking for /usr/bin/cc option to produce PIC
configure:9044: result: -fPIC -DPIC
configure:9052: checking if /usr/bin/cc PIC flag -fPIC -DPIC works
configure:9070: /usr/bin/cc -c -DPLATFORM_SETTINGS_FILE=x11.xml -Wall  -I/home/eddie/Documents/kodi-build/build/libdvd/include  -fPIC -DPIC -DPIC conftest.c >&5
configure:9074: $? = 0
configure:9087: result: yes
configure:9116: checking if /usr/bin/cc static flag -static works
configure:9144: result: yes
configure:9159: checking if /usr/bin/cc supports -c -o file.o
configure:9180: /usr/bin/cc -c -DPLATFORM_SETTINGS_FILE=x11.xml -Wall  -I/home/eddie/Documents/kodi-build/build/libdvd/include  -o out/conftest2.o conftest.c >&5
configure:9184: $? = 0
configure:9206: result: yes
configure:9214: checking if /usr/bin/cc supports -c -o file.o
configure:9261: result: yes
configure:9294: checking whether the /usr/bin/cc linker (/usr/bin/ld -m elf_x86_64) supports shared libraries
configure:10557: result: yes
configure:10797: checking dynamic linker characteristics
configure:11378: /usr/bin/cc -o conftest -DPLATFORM_SETTINGS_FILE=x11.xml -Wall  -I/home/eddie/Documents/kodi-build/build/libdvd/include   -Wl,-rpath -Wl,/foo conftest.c  >&5
configure:11378: $? = 0
configure:11627: result: GNU/Linux ld.so
configure:11749: checking how to hardcode library paths into programs
configure:11774: result: immediate
configure:12322: checking whether stripping libraries is possible
configure:12327: result: yes
configure:12362: checking if libtool supports shared libraries
configure:12364: result: yes
configure:12367: checking whether to build shared libraries
configure:12392: result: no
configure:12395: checking whether to build static libraries
configure:12399: result: yes
configure:12457: checking for x86_64-linux-gcc
configure:12484: result: /usr/bin/cc
configure:12753: checking for C compiler version
configure:12762: /usr/bin/cc --version >&5
cc (Ubuntu 7.3.0-27ubuntu1~18.04) 7.3.0
Copyright (C) 2017 Free Software Foundation, Inc.
This is free software; see the source for copying conditions.  There is NO
warranty; not even for MERCHANTABILITY or FITNESS FOR A PARTICULAR PURPOSE.

configure:12773: $? = 0
configure:12762: /usr/bin/cc -v >&5
Using built-in specs.
COLLECT_GCC=/usr/bin/cc
COLLECT_LTO_WRAPPER=/usr/lib/gcc/x86_64-linux-gnu/7/lto-wrapper
OFFLOAD_TARGET_NAMES=nvptx-none
OFFLOAD_TARGET_DEFAULT=1
Target: x86_64-linux-gnu
Configured with: ../src/configure -v --with-pkgversion='Ubuntu 7.3.0-27ubuntu1~18.04' --with-bugurl=file:///usr/share/doc/gcc-7/README.Bugs --enable-languages=c,ada,c++,go,brig,d,fortran,objc,obj-c++ --prefix=/usr --with-gcc-major-version-only --program-suffix=-7 --program-prefix=x86_64-linux-gnu- --enable-shared --enable-linker-build-id --libexecdir=/usr/lib --without-included-gettext --enable-threads=posix --libdir=/usr/lib --enable-nls --with-sysroot=/ --enable-clocale=gnu --enable-libstdcxx-debug --enable-libstdcxx-time=yes --with-default-libstdcxx-abi=new --enable-gnu-unique-object --disable-vtable-verify --enable-libmpx --enable-plugin --enable-default-pie --with-system-zlib --with-target-system-zlib --enable-objc-gc=auto --enable-multiarch --disable-werror --with-arch-32=i686 --with-abi=m64 --with-multilib-list=m32,m64,mx32 --enable-multilib --with-tune=generic --enable-offload-targets=nvptx-none --without-cuda-driver --enable-checking=release --build=x86_64-linux-gnu --host=x86_64-linux-gnu --target=x86_64-linux-gnu
Thread model: posix
gcc version 7.3.0 (Ubuntu 7.3.0-27ubuntu1~18.04) 
configure:12773: $? = 0
configure:12762: /usr/bin/cc -V >&5
cc: error: unrecognized command line option '-V'
cc: fatal error: no input files
compilation terminated.
configure:12773: $? = 1
configure:12762: /usr/bin/cc -qversion >&5
cc: error: unrecognized command line option '-qversion'; did you mean '--version'?
cc: fatal error: no input files
compilation terminated.
configure:12773: $? = 1
configure:12777: checking whether we are using the GNU C compiler
configure:12805: result: yes
configure:12814: checking whether /usr/bin/cc accepts -g
configure:12875: result: yes
configure:12892: checking for /usr/bin/cc option to accept ISO C89
configure:12968: result: none needed
configure:12993: checking whether /usr/bin/cc understands -c and -o together
configure:13030: result: yes
configure:13049: checking dependency style of /usr/bin/cc
configure:13160: result: gcc3
configure:13175: checking for ANSI C header files
configure:13279: result: yes
configure:13288: checking for an ANSI C-conforming const
configure:13354: /usr/bin/cc -c -DPLATFORM_SETTINGS_FILE=x11.xml -Wall  -I/home/eddie/Documents/kodi-build/build/libdvd/include  conftest.c >&5
configure:13354: $? = 0
configure:13361: result: yes
configure:13369: checking for inline
configure:13385: /usr/bin/cc -c -DPLATFORM_SETTINGS_FILE=x11.xml -Wall  -I/home/eddie/Documents/kodi-build/build/libdvd/include  conftest.c >&5
configure:13385: $? = 0
configure:13393: result: inline
configure:13411: checking for size_t
configure:13411: /usr/bin/cc -c -DPLATFORM_SETTINGS_FILE=x11.xml -Wall  -I/home/eddie/Documents/kodi-build/build/libdvd/include  conftest.c >&5
configure:13411: $? = 0
configure:13411: /usr/bin/cc -c -DPLATFORM_SETTINGS_FILE=x11.xml -Wall  -I/home/eddie/Documents/kodi-build/build/libdvd/include  conftest.c >&5
conftest.c: In function 'main':
conftest.c:60:21: error: expected expression before ')' token
 if (sizeof ((size_t)))
                     ^
configure:13411: $? = 1
configure: failed program was:
| /* confdefs.h */
| #define PACKAGE_NAME "libdvdcss"
| #define PACKAGE_TARNAME "libdvdcss"
| #define PACKAGE_VERSION "1.4.2"
| #define PACKAGE_STRING "libdvdcss 1.4.2"
| #define PACKAGE_BUGREPORT ""
| #define PACKAGE_URL "https://www.videolan.org/developers/libdvdcss.html"
| #define PACKAGE "libdvdcss"
| #define VERSION "1.4.2"
| #define STDC_HEADERS 1
| #define HAVE_SYS_TYPES_H 1
| #define HAVE_SYS_STAT_H 1
| #define HAVE_STDLIB_H 1
| #define HAVE_STRING_H 1
| #define HAVE_MEMORY_H 1
| #define HAVE_STRINGS_H 1
| #define HAVE_INTTYPES_H 1
| #define HAVE_STDINT_H 1
| #define HAVE_UNISTD_H 1
| #define HAVE_DLFCN_H 1
| #define LT_OBJDIR ".libs/"
| #define STDC_HEADERS 1
| /* end confdefs.h.  */
| #include <stdio.h>
| #ifdef HAVE_SYS_TYPES_H
| # include <sys/types.h>
| #endif
| #ifdef HAVE_SYS_STAT_H
| # include <sys/stat.h>
| #endif
| #ifdef STDC_HEADERS
| # include <stdlib.h>
| # include <stddef.h>
| #else
| # ifdef HAVE_STDLIB_H
| #  include <stdlib.h>
| # endif
| #endif
| #ifdef HAVE_STRING_H
| # if !defined STDC_HEADERS && defined HAVE_MEMORY_H
| #  include <memory.h>
| # endif
| # include <string.h>
| #endif
| #ifdef HAVE_STRINGS_H
| # include <strings.h>
| #endif
| #ifdef HAVE_INTTYPES_H
| # include <inttypes.h>
| #endif
| #ifdef HAVE_STDINT_H
| # include <stdint.h>
| #endif
| #ifdef HAVE_UNISTD_H
| # include <unistd.h>
| #endif
| int
| main ()
| {
| if (sizeof ((size_t)))
| 	    return 0;
|   ;
|   return 0;
| }
configure:13411: result: yes
configure:13426: checking for unistd.h
configure:13426: result: yes
configure:13426: checking sys/param.h usability
configure:13426: /usr/bin/cc -c -DPLATFORM_SETTINGS_FILE=x11.xml -Wall  -I/home/eddie/Documents/kodi-build/build/libdvd/include  conftest.c >&5
configure:13426: $? = 0
configure:13426: result: yes
configure:13426: checking sys/param.h presence
configure:13426: /usr/bin/cc -E  conftest.c
configure:13426: $? = 0
configure:13426: result: yes
configure:13426: checking for sys/param.h
configure:13426: result: yes
configure:13426: checking sys/uio.h usability
configure:13426: /usr/bin/cc -c -DPLATFORM_SETTINGS_FILE=x11.xml -Wall  -I/home/eddie/Documents/kodi-build/build/libdvd/include  conftest.c >&5
configure:13426: $? = 0
configure:13426: result: yes
configure:13426: checking sys/uio.h presence
configure:13426: /usr/bin/cc -E  conftest.c
configure:13426: $? = 0
configure:13426: result: yes
configure:13426: checking for sys/uio.h
configure:13426: result: yes
configure:13426: checking pwd.h usability
configure:13426: /usr/bin/cc -c -DPLATFORM_SETTINGS_FILE=x11.xml -Wall  -I/home/eddie/Documents/kodi-build/build/libdvd/include  conftest.c >&5
configure:13426: $? = 0
configure:13426: result: yes
configure:13426: checking pwd.h presence
configure:13426: /usr/bin/cc -E  conftest.c
configure:13426: $? = 0
configure:13426: result: yes
configure:13426: checking for pwd.h
configure:13426: result: yes
configure:13426: checking errno.h usability
configure:13426: /usr/bin/cc -c -DPLATFORM_SETTINGS_FILE=x11.xml -Wall  -I/home/eddie/Documents/kodi-build/build/libdvd/include  conftest.c >&5
configure:13426: $? = 0
configure:13426: result: yes
configure:13426: checking errno.h presence
configure:13426: /usr/bin/cc -E  conftest.c
configure:13426: $? = 0
configure:13426: result: yes
configure:13426: checking for errno.h
configure:13426: result: yes
configure:13426: checking for sys/types.h
configure:13426: result: yes
configure:13426: checking for sys/stat.h
configure:13426: result: yes
configure:13426: checking fcntl.h usability
configure:13426: /usr/bin/cc -c -DPLATFORM_SETTINGS_FILE=x11.xml -Wall  -I/home/eddie/Documents/kodi-build/build/libdvd/include  conftest.c >&5
configure:13426: $? = 0
configure:13426: result: yes
configure:13426: checking fcntl.h presence
configure:13426: /usr/bin/cc -E  conftest.c
configure:13426: $? = 0
configure:13426: result: yes
configure:13426: checking for fcntl.h
configure:13426: result: yes
configure:13426: checking io.h usability
configure:13426: /usr/bin/cc -c -DPLATFORM_SETTINGS_FILE=x11.xml -Wall  -I/home/eddie/Documents/kodi-build/build/libdvd/include  conftest.c >&5
conftest.c:65:10: fatal error: io.h: No such file or directory
 #include <io.h>
          ^~~~~~
compilation terminated.
configure:13426: $? = 1
configure: failed program was:
| /* confdefs.h */
| #define PACKAGE_NAME "libdvdcss"
| #define PACKAGE_TARNAME "libdvdcss"
| #define PACKAGE_VERSION "1.4.2"
| #define PACKAGE_STRING "libdvdcss 1.4.2"
| #define PACKAGE_BUGREPORT ""
| #define PACKAGE_URL "https://www.videolan.org/developers/libdvdcss.html"
| #define PACKAGE "libdvdcss"
| #define VERSION "1.4.2"
| #define STDC_HEADERS 1
| #define HAVE_SYS_TYPES_H 1
| #define HAVE_SYS_STAT_H 1
| #define HAVE_STDLIB_H 1
| #define HAVE_STRING_H 1
| #define HAVE_MEMORY_H 1
| #define HAVE_STRINGS_H 1
| #define HAVE_INTTYPES_H 1
| #define HAVE_STDINT_H 1
| #define HAVE_UNISTD_H 1
| #define HAVE_DLFCN_H 1
| #define LT_OBJDIR ".libs/"
| #define STDC_HEADERS 1
| #define HAVE_UNISTD_H 1
| #define HAVE_SYS_PARAM_H 1
| #define HAVE_SYS_UIO_H 1
| #define HAVE_PWD_H 1
| #define HAVE_ERRNO_H 1
| #define HAVE_SYS_TYPES_H 1
| #define HAVE_SYS_STAT_H 1
| #define HAVE_FCNTL_H 1
| /* end confdefs.h.  */
| #include <stdio.h>
| #ifdef HAVE_SYS_TYPES_H
| # include <sys/types.h>
| #endif
| #ifdef HAVE_SYS_STAT_H
| # include <sys/stat.h>
| #endif
| #ifdef STDC_HEADERS
| # include <stdlib.h>
| # include <stddef.h>
| #else
| # ifdef HAVE_STDLIB_H
| #  include <stdlib.h>
| # endif
| #endif
| #ifdef HAVE_STRING_H
| # if !defined STDC_HEADERS && defined HAVE_MEMORY_H
| #  include <memory.h>
| # endif
| # include <string.h>
| #endif
| #ifdef HAVE_STRINGS_H
| # include <strings.h>
| #endif
| #ifdef HAVE_INTTYPES_H
| # include <inttypes.h>
| #endif
| #ifdef HAVE_STDINT_H
| # include <stdint.h>
| #endif
| #ifdef HAVE_UNISTD_H
| # include <unistd.h>
| #endif
| #include <io.h>
configure:13426: result: no
configure:13426: checking io.h presence
configure:13426: /usr/bin/cc -E  conftest.c
conftest.c:32:10: fatal error: io.h: No such file or directory
 #include <io.h>
          ^~~~~~
compilation terminated.
configure:13426: $? = 1
configure: failed program was:
| /* confdefs.h */
| #define PACKAGE_NAME "libdvdcss"
| #define PACKAGE_TARNAME "libdvdcss"
| #define PACKAGE_VERSION "1.4.2"
| #define PACKAGE_STRING "libdvdcss 1.4.2"
| #define PACKAGE_BUGREPORT ""
| #define PACKAGE_URL "https://www.videolan.org/developers/libdvdcss.html"
| #define PACKAGE "libdvdcss"
| #define VERSION "1.4.2"
| #define STDC_HEADERS 1
| #define HAVE_SYS_TYPES_H 1
| #define HAVE_SYS_STAT_H 1
| #define HAVE_STDLIB_H 1
| #define HAVE_STRING_H 1
| #define HAVE_MEMORY_H 1
| #define HAVE_STRINGS_H 1
| #define HAVE_INTTYPES_H 1
| #define HAVE_STDINT_H 1
| #define HAVE_UNISTD_H 1
| #define HAVE_DLFCN_H 1
| #define LT_OBJDIR ".libs/"
| #define STDC_HEADERS 1
| #define HAVE_UNISTD_H 1
| #define HAVE_SYS_PARAM_H 1
| #define HAVE_SYS_UIO_H 1
| #define HAVE_PWD_H 1
| #define HAVE_ERRNO_H 1
| #define HAVE_SYS_TYPES_H 1
| #define HAVE_SYS_STAT_H 1
| #define HAVE_FCNTL_H 1
| /* end confdefs.h.  */
| #include <io.h>
configure:13426: result: no
configure:13426: checking for io.h
configure:13426: result: no
configure:13437: checking whether O_BINARY is declared
configure:13437: /usr/bin/cc -c -DPLATFORM_SETTINGS_FILE=x11.xml -Wall  -I/home/eddie/Documents/kodi-build/build/libdvd/include  conftest.c >&5
conftest.c: In function 'main':
conftest.c:51:10: error: 'O_BINARY' undeclared (first use in this function)
   (void) O_BINARY;
          ^~~~~~~~
conftest.c:51:10: note: each undeclared identifier is reported only once for each function it appears in
configure:13437: $? = 1
configure: failed program was:
| /* confdefs.h */
| #define PACKAGE_NAME "libdvdcss"
| #define PACKAGE_TARNAME "libdvdcss"
| #define PACKAGE_VERSION "1.4.2"
| #define PACKAGE_STRING "libdvdcss 1.4.2"
| #define PACKAGE_BUGREPORT ""
| #define PACKAGE_URL "https://www.videolan.org/developers/libdvdcss.html"
| #define PACKAGE "libdvdcss"
| #define VERSION "1.4.2"
| #define STDC_HEADERS 1
| #define HAVE_SYS_TYPES_H 1
| #define HAVE_SYS_STAT_H 1
| #define HAVE_STDLIB_H 1
| #define HAVE_STRING_H 1
| #define HAVE_MEMORY_H 1
| #define HAVE_STRINGS_H 1
| #define HAVE_INTTYPES_H 1
| #define HAVE_STDINT_H 1
| #define HAVE_UNISTD_H 1
| #define HAVE_DLFCN_H 1
| #define LT_OBJDIR ".libs/"
| #define STDC_HEADERS 1
| #define HAVE_UNISTD_H 1
| #define HAVE_SYS_PARAM_H 1
| #define HAVE_SYS_UIO_H 1
| #define HAVE_PWD_H 1
| #define HAVE_ERRNO_H 1
| #define HAVE_SYS_TYPES_H 1
| #define HAVE_SYS_STAT_H 1
| #define HAVE_FCNTL_H 1
| /* end confdefs.h.  */
| 
|     #if HAVE_SYS_TYPES_H
|     # include <sys/types.h>
|     #endif
|     #if HAVE_SYS_STAT_H
|     # include <sys/stat.h>
|     #endif
|     #if HAVE_FCNTL_H
|     # include <fcntl.h>
|     #endif
| 
| 
| int
| main ()
| {
| #ifndef O_BINARY
| #ifdef __cplusplus
|   (void) O_BINARY;
| #else
|   (void) O_BINARY;
| #endif
| #endif
| 
|   ;
|   return 0;
| }
configure:13437: result: no
configure:13465: checking for special C compiler options needed for large files
configure:13510: result: no
configure:13516: checking for _FILE_OFFSET_BITS value needed for large files
configure:13541: /usr/bin/cc -c -DPLATFORM_SETTINGS_FILE=x11.xml -Wall  -I/home/eddie/Documents/kodi-build/build/libdvd/include  conftest.c >&5
configure:13541: $? = 0
configure:13573: result: no
configure:13659: checking for posix mkdir()
configure:13682: /usr/bin/cc -c -DPLATFORM_SETTINGS_FILE=x11.xml -Wall  -I/home/eddie/Documents/kodi-build/build/libdvd/include  conftest.c >&5
configure:13682: $? = 0
configure:13690: result: yes
configure:13735: checking windows.h usability
configure:13735: /usr/bin/cc -c -DPLATFORM_SETTINGS_FILE=x11.xml -Wall  -I/home/eddie/Documents/kodi-build/build/libdvd/include  conftest.c >&5
conftest.c:66:10: fatal error: windows.h: No such file or directory
 #include <windows.h>
          ^~~~~~~~~~~
compilation terminated.
configure:13735: $? = 1
configure: failed program was:
| /* confdefs.h */
| #define PACKAGE_NAME "libdvdcss"
| #define PACKAGE_TARNAME "libdvdcss"
| #define PACKAGE_VERSION "1.4.2"
| #define PACKAGE_STRING "libdvdcss 1.4.2"
| #define PACKAGE_BUGREPORT ""
| #define PACKAGE_URL "https://www.videolan.org/developers/libdvdcss.html"
| #define PACKAGE "libdvdcss"
| #define VERSION "1.4.2"
| #define STDC_HEADERS 1
| #define HAVE_SYS_TYPES_H 1
| #define HAVE_SYS_STAT_H 1
| #define HAVE_STDLIB_H 1
| #define HAVE_STRING_H 1
| #define HAVE_MEMORY_H 1
| #define HAVE_STRINGS_H 1
| #define HAVE_INTTYPES_H 1
| #define HAVE_STDINT_H 1
| #define HAVE_UNISTD_H 1
| #define HAVE_DLFCN_H 1
| #define LT_OBJDIR ".libs/"
| #define STDC_HEADERS 1
| #define HAVE_UNISTD_H 1
| #define HAVE_SYS_PARAM_H 1
| #define HAVE_SYS_UIO_H 1
| #define HAVE_PWD_H 1
| #define HAVE_ERRNO_H 1
| #define HAVE_SYS_TYPES_H 1
| #define HAVE_SYS_STAT_H 1
| #define HAVE_FCNTL_H 1
| #define O_BINARY 0
| /* end confdefs.h.  */
| #include <stdio.h>
| #ifdef HAVE_SYS_TYPES_H
| # include <sys/types.h>
| #endif
| #ifdef HAVE_SYS_STAT_H
| # include <sys/stat.h>
| #endif
| #ifdef STDC_HEADERS
| # include <stdlib.h>
| # include <stddef.h>
| #else
| # ifdef HAVE_STDLIB_H
| #  include <stdlib.h>
| # endif
| #endif
| #ifdef HAVE_STRING_H
| # if !defined STDC_HEADERS && defined HAVE_MEMORY_H
| #  include <memory.h>
| # endif
| # include <string.h>
| #endif
| #ifdef HAVE_STRINGS_H
| # include <strings.h>
| #endif
| #ifdef HAVE_INTTYPES_H
| # include <inttypes.h>
| #endif
| #ifdef HAVE_STDINT_H
| # include <stdint.h>
| #endif
| #ifdef HAVE_UNISTD_H
| # include <unistd.h>
| #endif
| #include <windows.h>
configure:13735: result: no
configure:13735: checking windows.h presence
configure:13735: /usr/bin/cc -E  conftest.c
conftest.c:33:10: fatal error: windows.h: No such file or directory
 #include <windows.h>
          ^~~~~~~~~~~
compilation terminated.
configure:13735: $? = 1
configure: failed program was:
| /* confdefs.h */
| #define PACKAGE_NAME "libdvdcss"
| #define PACKAGE_TARNAME "libdvdcss"
| #define PACKAGE_VERSION "1.4.2"
| #define PACKAGE_STRING "libdvdcss 1.4.2"
| #define PACKAGE_BUGREPORT ""
| #define PACKAGE_URL "https://www.videolan.org/developers/libdvdcss.html"
| #define PACKAGE "libdvdcss"
| #define VERSION "1.4.2"
| #define STDC_HEADERS 1
| #define HAVE_SYS_TYPES_H 1
| #define HAVE_SYS_STAT_H 1
| #define HAVE_STDLIB_H 1
| #define HAVE_STRING_H 1
| #define HAVE_MEMORY_H 1
| #define HAVE_STRINGS_H 1
| #define HAVE_INTTYPES_H 1
| #define HAVE_STDINT_H 1
| #define HAVE_UNISTD_H 1
| #define HAVE_DLFCN_H 1
| #define LT_OBJDIR ".libs/"
| #define STDC_HEADERS 1
| #define HAVE_UNISTD_H 1
| #define HAVE_SYS_PARAM_H 1
| #define HAVE_SYS_UIO_H 1
| #define HAVE_PWD_H 1
| #define HAVE_ERRNO_H 1
| #define HAVE_SYS_TYPES_H 1
| #define HAVE_SYS_STAT_H 1
| #define HAVE_FCNTL_H 1
| #define O_BINARY 0
| /* end confdefs.h.  */
| #include <windows.h>
configure:13735: result: no
configure:13735: checking for windows.h
configure:13735: result: no
configure:13766: checking sys/ioctl.h usability
configure:13766: /usr/bin/cc -c -DPLATFORM_SETTINGS_FILE=x11.xml -Wall  -I/home/eddie/Documents/kodi-build/build/libdvd/include  conftest.c >&5
configure:13766: $? = 0
configure:13766: result: yes
configure:13766: checking sys/ioctl.h presence
configure:13766: /usr/bin/cc -E  conftest.c
configure:13766: $? = 0
configure:13766: result: yes
configure:13766: checking for sys/ioctl.h
configure:13766: result: yes
configure:13776: checking sys/cdio.h usability
configure:13776: /usr/bin/cc -c -DPLATFORM_SETTINGS_FILE=x11.xml -Wall  -I/home/eddie/Documents/kodi-build/build/libdvd/include  conftest.c >&5
conftest.c:67:10: fatal error: sys/cdio.h: No such file or directory
 #include <sys/cdio.h>
          ^~~~~~~~~~~~
compilation terminated.
configure:13776: $? = 1
configure: failed program was:
| /* confdefs.h */
| #define PACKAGE_NAME "libdvdcss"
| #define PACKAGE_TARNAME "libdvdcss"
| #define PACKAGE_VERSION "1.4.2"
| #define PACKAGE_STRING "libdvdcss 1.4.2"
| #define PACKAGE_BUGREPORT ""
| #define PACKAGE_URL "https://www.videolan.org/developers/libdvdcss.html"
| #define PACKAGE "libdvdcss"
| #define VERSION "1.4.2"
| #define STDC_HEADERS 1
| #define HAVE_SYS_TYPES_H 1
| #define HAVE_SYS_STAT_H 1
| #define HAVE_STDLIB_H 1
| #define HAVE_STRING_H 1
| #define HAVE_MEMORY_H 1
| #define HAVE_STRINGS_H 1
| #define HAVE_INTTYPES_H 1
| #define HAVE_STDINT_H 1
| #define HAVE_UNISTD_H 1
| #define HAVE_DLFCN_H 1
| #define LT_OBJDIR ".libs/"
| #define STDC_HEADERS 1
| #define HAVE_UNISTD_H 1
| #define HAVE_SYS_PARAM_H 1
| #define HAVE_SYS_UIO_H 1
| #define HAVE_PWD_H 1
| #define HAVE_ERRNO_H 1
| #define HAVE_SYS_TYPES_H 1
| #define HAVE_SYS_STAT_H 1
| #define HAVE_FCNTL_H 1
| #define O_BINARY 0
| #define HAVE_SYS_IOCTL_H 1
| /* end confdefs.h.  */
| #include <stdio.h>
| #ifdef HAVE_SYS_TYPES_H
| # include <sys/types.h>
| #endif
| #ifdef HAVE_SYS_STAT_H
| # include <sys/stat.h>
| #endif
| #ifdef STDC_HEADERS
| # include <stdlib.h>
| # include <stddef.h>
| #else
| # ifdef HAVE_STDLIB_H
| #  include <stdlib.h>
| # endif
| #endif
| #ifdef HAVE_STRING_H
| # if !defined STDC_HEADERS && defined HAVE_MEMORY_H
| #  include <memory.h>
| # endif
| # include <string.h>
| #endif
| #ifdef HAVE_STRINGS_H
| # include <strings.h>
| #endif
| #ifdef HAVE_INTTYPES_H
| # include <inttypes.h>
| #endif
| #ifdef HAVE_STDINT_H
| # include <stdint.h>
| #endif
| #ifdef HAVE_UNISTD_H
| # include <unistd.h>
| #endif
| #include <sys/cdio.h>
configure:13776: result: no
configure:13776: checking sys/cdio.h presence
configure:13776: /usr/bin/cc -E  conftest.c
conftest.c:34:10: fatal error: sys/cdio.h: No such file or directory
 #include <sys/cdio.h>
          ^~~~~~~~~~~~
compilation terminated.
configure:13776: $? = 1
configure: failed program was:
| /* confdefs.h */
| #define PACKAGE_NAME "libdvdcss"
| #define PACKAGE_TARNAME "libdvdcss"
| #define PACKAGE_VERSION "1.4.2"
| #define PACKAGE_STRING "libdvdcss 1.4.2"
| #define PACKAGE_BUGREPORT ""
| #define PACKAGE_URL "https://www.videolan.org/developers/libdvdcss.html"
| #define PACKAGE "libdvdcss"
| #define VERSION "1.4.2"
| #define STDC_HEADERS 1
| #define HAVE_SYS_TYPES_H 1
| #define HAVE_SYS_STAT_H 1
| #define HAVE_STDLIB_H 1
| #define HAVE_STRING_H 1
| #define HAVE_MEMORY_H 1
| #define HAVE_STRINGS_H 1
| #define HAVE_INTTYPES_H 1
| #define HAVE_STDINT_H 1
| #define HAVE_UNISTD_H 1
| #define HAVE_DLFCN_H 1
| #define LT_OBJDIR ".libs/"
| #define STDC_HEADERS 1
| #define HAVE_UNISTD_H 1
| #define HAVE_SYS_PARAM_H 1
| #define HAVE_SYS_UIO_H 1
| #define HAVE_PWD_H 1
| #define HAVE_ERRNO_H 1
| #define HAVE_SYS_TYPES_H 1
| #define HAVE_SYS_STAT_H 1
| #define HAVE_FCNTL_H 1
| #define O_BINARY 0
| #define HAVE_SYS_IOCTL_H 1
| /* end confdefs.h.  */
| #include <sys/cdio.h>
configure:13776: result: no
configure:13776: checking for sys/cdio.h
configure:13776: result: no
configure:13776: checking sys/dvdio.h usability
configure:13776: /usr/bin/cc -c -DPLATFORM_SETTINGS_FILE=x11.xml -Wall  -I/home/eddie/Documents/kodi-build/build/libdvd/include  conftest.c >&5
conftest.c:67:10: fatal error: sys/dvdio.h: No such file or directory
 #include <sys/dvdio.h>
          ^~~~~~~~~~~~~
compilation terminated.
configure:13776: $? = 1
configure: failed program was:
| /* confdefs.h */
| #define PACKAGE_NAME "libdvdcss"
| #define PACKAGE_TARNAME "libdvdcss"
| #define PACKAGE_VERSION "1.4.2"
| #define PACKAGE_STRING "libdvdcss 1.4.2"
| #define PACKAGE_BUGREPORT ""
| #define PACKAGE_URL "https://www.videolan.org/developers/libdvdcss.html"
| #define PACKAGE "libdvdcss"
| #define VERSION "1.4.2"
| #define STDC_HEADERS 1
| #define HAVE_SYS_TYPES_H 1
| #define HAVE_SYS_STAT_H 1
| #define HAVE_STDLIB_H 1
| #define HAVE_STRING_H 1
| #define HAVE_MEMORY_H 1
| #define HAVE_STRINGS_H 1
| #define HAVE_INTTYPES_H 1
| #define HAVE_STDINT_H 1
| #define HAVE_UNISTD_H 1
| #define HAVE_DLFCN_H 1
| #define LT_OBJDIR ".libs/"
| #define STDC_HEADERS 1
| #define HAVE_UNISTD_H 1
| #define HAVE_SYS_PARAM_H 1
| #define HAVE_SYS_UIO_H 1
| #define HAVE_PWD_H 1
| #define HAVE_ERRNO_H 1
| #define HAVE_SYS_TYPES_H 1
| #define HAVE_SYS_STAT_H 1
| #define HAVE_FCNTL_H 1
| #define O_BINARY 0
| #define HAVE_SYS_IOCTL_H 1
| /* end confdefs.h.  */
| #include <stdio.h>
| #ifdef HAVE_SYS_TYPES_H
| # include <sys/types.h>
| #endif
| #ifdef HAVE_SYS_STAT_H
| # include <sys/stat.h>
| #endif
| #ifdef STDC_HEADERS
| # include <stdlib.h>
| # include <stddef.h>
| #else
| # ifdef HAVE_STDLIB_H
| #  include <stdlib.h>
| # endif
| #endif
| #ifdef HAVE_STRING_H
| # if !defined STDC_HEADERS && defined HAVE_MEMORY_H
| #  include <memory.h>
| # endif
| # include <string.h>
| #endif
| #ifdef HAVE_STRINGS_H
| # include <strings.h>
| #endif
| #ifdef HAVE_INTTYPES_H
| # include <inttypes.h>
| #endif
| #ifdef HAVE_STDINT_H
| # include <stdint.h>
| #endif
| #ifdef HAVE_UNISTD_H
| # include <unistd.h>
| #endif
| #include <sys/dvdio.h>
configure:13776: result: no
configure:13776: checking sys/dvdio.h presence
configure:13776: /usr/bin/cc -E  conftest.c
conftest.c:34:10: fatal error: sys/dvdio.h: No such file or directory
 #include <sys/dvdio.h>
          ^~~~~~~~~~~~~
compilation terminated.
configure:13776: $? = 1
configure: failed program was:
| /* confdefs.h */
| #define PACKAGE_NAME "libdvdcss"
| #define PACKAGE_TARNAME "libdvdcss"
| #define PACKAGE_VERSION "1.4.2"
| #define PACKAGE_STRING "libdvdcss 1.4.2"
| #define PACKAGE_BUGREPORT ""
| #define PACKAGE_URL "https://www.videolan.org/developers/libdvdcss.html"
| #define PACKAGE "libdvdcss"
| #define VERSION "1.4.2"
| #define STDC_HEADERS 1
| #define HAVE_SYS_TYPES_H 1
| #define HAVE_SYS_STAT_H 1
| #define HAVE_STDLIB_H 1
| #define HAVE_STRING_H 1
| #define HAVE_MEMORY_H 1
| #define HAVE_STRINGS_H 1
| #define HAVE_INTTYPES_H 1
| #define HAVE_STDINT_H 1
| #define HAVE_UNISTD_H 1
| #define HAVE_DLFCN_H 1
| #define LT_OBJDIR ".libs/"
| #define STDC_HEADERS 1
| #define HAVE_UNISTD_H 1
| #define HAVE_SYS_PARAM_H 1
| #define HAVE_SYS_UIO_H 1
| #define HAVE_PWD_H 1
| #define HAVE_ERRNO_H 1
| #define HAVE_SYS_TYPES_H 1
| #define HAVE_SYS_STAT_H 1
| #define HAVE_FCNTL_H 1
| #define O_BINARY 0
| #define HAVE_SYS_IOCTL_H 1
| /* end confdefs.h.  */
| #include <sys/dvdio.h>
configure:13776: result: no
configure:13776: checking for sys/dvdio.h
configure:13776: result: no
configure:13776: checking linux/cdrom.h usability
configure:13776: /usr/bin/cc -c -DPLATFORM_SETTINGS_FILE=x11.xml -Wall  -I/home/eddie/Documents/kodi-build/build/libdvd/include  conftest.c >&5
configure:13776: $? = 0
configure:13776: result: yes
configure:13776: checking linux/cdrom.h presence
configure:13776: /usr/bin/cc -E  conftest.c
configure:13776: $? = 0
configure:13776: result: yes
configure:13776: checking for linux/cdrom.h
configure:13776: result: yes
configure:13776: checking dvd.h usability
configure:13776: /usr/bin/cc -c -DPLATFORM_SETTINGS_FILE=x11.xml -Wall  -I/home/eddie/Documents/kodi-build/build/libdvd/include  conftest.c >&5
conftest.c:68:10: fatal error: dvd.h: No such file or directory
 #include <dvd.h>
          ^~~~~~~
compilation terminated.
configure:13776: $? = 1
configure: failed program was:
| /* confdefs.h */
| #define PACKAGE_NAME "libdvdcss"
| #define PACKAGE_TARNAME "libdvdcss"
| #define PACKAGE_VERSION "1.4.2"
| #define PACKAGE_STRING "libdvdcss 1.4.2"
| #define PACKAGE_BUGREPORT ""
| #define PACKAGE_URL "https://www.videolan.org/developers/libdvdcss.html"
| #define PACKAGE "libdvdcss"
| #define VERSION "1.4.2"
| #define STDC_HEADERS 1
| #define HAVE_SYS_TYPES_H 1
| #define HAVE_SYS_STAT_H 1
| #define HAVE_STDLIB_H 1
| #define HAVE_STRING_H 1
| #define HAVE_MEMORY_H 1
| #define HAVE_STRINGS_H 1
| #define HAVE_INTTYPES_H 1
| #define HAVE_STDINT_H 1
| #define HAVE_UNISTD_H 1
| #define HAVE_DLFCN_H 1
| #define LT_OBJDIR ".libs/"
| #define STDC_HEADERS 1
| #define HAVE_UNISTD_H 1
| #define HAVE_SYS_PARAM_H 1
| #define HAVE_SYS_UIO_H 1
| #define HAVE_PWD_H 1
| #define HAVE_ERRNO_H 1
| #define HAVE_SYS_TYPES_H 1
| #define HAVE_SYS_STAT_H 1
| #define HAVE_FCNTL_H 1
| #define O_BINARY 0
| #define HAVE_SYS_IOCTL_H 1
| #define HAVE_LINUX_CDROM_H 1
| /* end confdefs.h.  */
| #include <stdio.h>
| #ifdef HAVE_SYS_TYPES_H
| # include <sys/types.h>
| #endif
| #ifdef HAVE_SYS_STAT_H
| # include <sys/stat.h>
| #endif
| #ifdef STDC_HEADERS
| # include <stdlib.h>
| # include <stddef.h>
| #else
| # ifdef HAVE_STDLIB_H
| #  include <stdlib.h>
| # endif
| #endif
| #ifdef HAVE_STRING_H
| # if !defined STDC_HEADERS && defined HAVE_MEMORY_H
| #  include <memory.h>
| # endif
| # include <string.h>
| #endif
| #ifdef HAVE_STRINGS_H
| # include <strings.h>
| #endif
| #ifdef HAVE_INTTYPES_H
| # include <inttypes.h>
| #endif
| #ifdef HAVE_STDINT_H
| # include <stdint.h>
| #endif
| #ifdef HAVE_UNISTD_H
| # include <unistd.h>
| #endif
| #include <dvd.h>
configure:13776: result: no
configure:13776: checking dvd.h presence
configure:13776: /usr/bin/cc -E  conftest.c
conftest.c:35:10: fatal error: dvd.h: No such file or directory
 #include <dvd.h>
          ^~~~~~~
compilation terminated.
configure:13776: $? = 1
configure: failed program was:
| /* confdefs.h */
| #define PACKAGE_NAME "libdvdcss"
| #define PACKAGE_TARNAME "libdvdcss"
| #define PACKAGE_VERSION "1.4.2"
| #define PACKAGE_STRING "libdvdcss 1.4.2"
| #define PACKAGE_BUGREPORT ""
| #define PACKAGE_URL "https://www.videolan.org/developers/libdvdcss.html"
| #define PACKAGE "libdvdcss"
| #define VERSION "1.4.2"
| #define STDC_HEADERS 1
| #define HAVE_SYS_TYPES_H 1
| #define HAVE_SYS_STAT_H 1
| #define HAVE_STDLIB_H 1
| #define HAVE_STRING_H 1
| #define HAVE_MEMORY_H 1
| #define HAVE_STRINGS_H 1
| #define HAVE_INTTYPES_H 1
| #define HAVE_STDINT_H 1
| #define HAVE_UNISTD_H 1
| #define HAVE_DLFCN_H 1
| #define LT_OBJDIR ".libs/"
| #define STDC_HEADERS 1
| #define HAVE_UNISTD_H 1
| #define HAVE_SYS_PARAM_H 1
| #define HAVE_SYS_UIO_H 1
| #define HAVE_PWD_H 1
| #define HAVE_ERRNO_H 1
| #define HAVE_SYS_TYPES_H 1
| #define HAVE_SYS_STAT_H 1
| #define HAVE_FCNTL_H 1
| #define O_BINARY 0
| #define HAVE_SYS_IOCTL_H 1
| #define HAVE_LINUX_CDROM_H 1
| /* end confdefs.h.  */
| #include <dvd.h>
configure:13776: result: no
configure:13776: checking for dvd.h
configure:13776: result: no
conftest.c:35:10: fatal error: sys/cdio.h: No such file or directory
 #include <sys/cdio.h>
          ^~~~~~~~~~~~
compilation terminated.
conftest.c:35:10: fatal error: sys/dvdio.h: No such file or directory
 #include <sys/dvdio.h>
          ^~~~~~~~~~~~~
compilation terminated.
configure:13867: checking sys/scsi/scsi_types.h usability
configure:13867: /usr/bin/cc -c -DPLATFORM_SETTINGS_FILE=x11.xml -Wall  -I/home/eddie/Documents/kodi-build/build/libdvd/include  conftest.c >&5
conftest.c:69:10: fatal error: sys/scsi/scsi_types.h: No such file or directory
 #include <sys/scsi/scsi_types.h>
          ^~~~~~~~~~~~~~~~~~~~~~~
compilation terminated.
configure:13867: $? = 1
configure: failed program was:
| /* confdefs.h */
| #define PACKAGE_NAME "libdvdcss"
| #define PACKAGE_TARNAME "libdvdcss"
| #define PACKAGE_VERSION "1.4.2"
| #define PACKAGE_STRING "libdvdcss 1.4.2"
| #define PACKAGE_BUGREPORT ""
| #define PACKAGE_URL "https://www.videolan.org/developers/libdvdcss.html"
| #define PACKAGE "libdvdcss"
| #define VERSION "1.4.2"
| #define STDC_HEADERS 1
| #define HAVE_SYS_TYPES_H 1
| #define HAVE_SYS_STAT_H 1
| #define HAVE_STDLIB_H 1
| #define HAVE_STRING_H 1
| #define HAVE_MEMORY_H 1
| #define HAVE_STRINGS_H 1
| #define HAVE_INTTYPES_H 1
| #define HAVE_STDINT_H 1
| #define HAVE_UNISTD_H 1
| #define HAVE_DLFCN_H 1
| #define LT_OBJDIR ".libs/"
| #define STDC_HEADERS 1
| #define HAVE_UNISTD_H 1
| #define HAVE_SYS_PARAM_H 1
| #define HAVE_SYS_UIO_H 1
| #define HAVE_PWD_H 1
| #define HAVE_ERRNO_H 1
| #define HAVE_SYS_TYPES_H 1
| #define HAVE_SYS_STAT_H 1
| #define HAVE_FCNTL_H 1
| #define O_BINARY 0
| #define HAVE_SYS_IOCTL_H 1
| #define HAVE_LINUX_CDROM_H 1
| #define DVD_STRUCT_IN_LINUX_CDROM_H 1
| /* end confdefs.h.  */
| #include <stdio.h>
| #ifdef HAVE_SYS_TYPES_H
| # include <sys/types.h>
| #endif
| #ifdef HAVE_SYS_STAT_H
| # include <sys/stat.h>
| #endif
| #ifdef STDC_HEADERS
| # include <stdlib.h>
| # include <stddef.h>
| #else
| # ifdef HAVE_STDLIB_H
| #  include <stdlib.h>
| # endif
| #endif
| #ifdef HAVE_STRING_H
| # if !defined STDC_HEADERS && defined HAVE_MEMORY_H
| #  include <memory.h>
| # endif
| # include <string.h>
| #endif
| #ifdef HAVE_STRINGS_H
| # include <strings.h>
| #endif
| #ifdef HAVE_INTTYPES_H
| # include <inttypes.h>
| #endif
| #ifdef HAVE_STDINT_H
| # include <stdint.h>
| #endif
| #ifdef HAVE_UNISTD_H
| # include <unistd.h>
| #endif
| #include <sys/scsi/scsi_types.h>
configure:13867: result: no
configure:13867: checking sys/scsi/scsi_types.h presence
configure:13867: /usr/bin/cc -E  conftest.c
conftest.c:36:10: fatal error: sys/scsi/scsi_types.h: No such file or directory
 #include <sys/scsi/scsi_types.h>
          ^~~~~~~~~~~~~~~~~~~~~~~
compilation terminated.
configure:13867: $? = 1
configure: failed program was:
| /* confdefs.h */
| #define PACKAGE_NAME "libdvdcss"
| #define PACKAGE_TARNAME "libdvdcss"
| #define PACKAGE_VERSION "1.4.2"
| #define PACKAGE_STRING "libdvdcss 1.4.2"
| #define PACKAGE_BUGREPORT ""
| #define PACKAGE_URL "https://www.videolan.org/developers/libdvdcss.html"
| #define PACKAGE "libdvdcss"
| #define VERSION "1.4.2"
| #define STDC_HEADERS 1
| #define HAVE_SYS_TYPES_H 1
| #define HAVE_SYS_STAT_H 1
| #define HAVE_STDLIB_H 1
| #define HAVE_STRING_H 1
| #define HAVE_MEMORY_H 1
| #define HAVE_STRINGS_H 1
| #define HAVE_INTTYPES_H 1
| #define HAVE_STDINT_H 1
| #define HAVE_UNISTD_H 1
| #define HAVE_DLFCN_H 1
| #define LT_OBJDIR ".libs/"
| #define STDC_HEADERS 1
| #define HAVE_UNISTD_H 1
| #define HAVE_SYS_PARAM_H 1
| #define HAVE_SYS_UIO_H 1
| #define HAVE_PWD_H 1
| #define HAVE_ERRNO_H 1
| #define HAVE_SYS_TYPES_H 1
| #define HAVE_SYS_STAT_H 1
| #define HAVE_FCNTL_H 1
| #define O_BINARY 0
| #define HAVE_SYS_IOCTL_H 1
| #define HAVE_LINUX_CDROM_H 1
| #define DVD_STRUCT_IN_LINUX_CDROM_H 1
| /* end confdefs.h.  */
| #include <sys/scsi/scsi_types.h>
configure:13867: result: no
configure:13867: checking for sys/scsi/scsi_types.h
configure:13867: result: no
configure:13886: checking IOKit/storage/IODVDMediaBSDClient.h usability
configure:13886: /usr/bin/cc -c -DPLATFORM_SETTINGS_FILE=x11.xml -Wall  -I/home/eddie/Documents/kodi-build/build/libdvd/include  conftest.c >&5
conftest.c:69:10: fatal error: IOKit/storage/IODVDMediaBSDClient.h: No such file or directory
 #include <IOKit/storage/IODVDMediaBSDClient.h>
          ^~~~~~~~~~~~~~~~~~~~~~~~~~~~~~~~~~~~~
compilation terminated.
configure:13886: $? = 1
configure: failed program was:
| /* confdefs.h */
| #define PACKAGE_NAME "libdvdcss"
| #define PACKAGE_TARNAME "libdvdcss"
| #define PACKAGE_VERSION "1.4.2"
| #define PACKAGE_STRING "libdvdcss 1.4.2"
| #define PACKAGE_BUGREPORT ""
| #define PACKAGE_URL "https://www.videolan.org/developers/libdvdcss.html"
| #define PACKAGE "libdvdcss"
| #define VERSION "1.4.2"
| #define STDC_HEADERS 1
| #define HAVE_SYS_TYPES_H 1
| #define HAVE_SYS_STAT_H 1
| #define HAVE_STDLIB_H 1
| #define HAVE_STRING_H 1
| #define HAVE_MEMORY_H 1
| #define HAVE_STRINGS_H 1
| #define HAVE_INTTYPES_H 1
| #define HAVE_STDINT_H 1
| #define HAVE_UNISTD_H 1
| #define HAVE_DLFCN_H 1
| #define LT_OBJDIR ".libs/"
| #define STDC_HEADERS 1
| #define HAVE_UNISTD_H 1
| #define HAVE_SYS_PARAM_H 1
| #define HAVE_SYS_UIO_H 1
| #define HAVE_PWD_H 1
| #define HAVE_ERRNO_H 1
| #define HAVE_SYS_TYPES_H 1
| #define HAVE_SYS_STAT_H 1
| #define HAVE_FCNTL_H 1
| #define O_BINARY 0
| #define HAVE_SYS_IOCTL_H 1
| #define HAVE_LINUX_CDROM_H 1
| #define DVD_STRUCT_IN_LINUX_CDROM_H 1
| /* end confdefs.h.  */
| #include <stdio.h>
| #ifdef HAVE_SYS_TYPES_H
| # include <sys/types.h>
| #endif
| #ifdef HAVE_SYS_STAT_H
| # include <sys/stat.h>
| #endif
| #ifdef STDC_HEADERS
| # include <stdlib.h>
| # include <stddef.h>
| #else
| # ifdef HAVE_STDLIB_H
| #  include <stdlib.h>
| # endif
| #endif
| #ifdef HAVE_STRING_H
| # if !defined STDC_HEADERS && defined HAVE_MEMORY_H
| #  include <memory.h>
| # endif
| # include <string.h>
| #endif
| #ifdef HAVE_STRINGS_H
| # include <strings.h>
| #endif
| #ifdef HAVE_INTTYPES_H
| # include <inttypes.h>
| #endif
| #ifdef HAVE_STDINT_H
| # include <stdint.h>
| #endif
| #ifdef HAVE_UNISTD_H
| # include <unistd.h>
| #endif
| #include <IOKit/storage/IODVDMediaBSDClient.h>
configure:13886: result: no
configure:13886: checking IOKit/storage/IODVDMediaBSDClient.h presence
configure:13886: /usr/bin/cc -E  conftest.c
conftest.c:36:10: fatal error: IOKit/storage/IODVDMediaBSDClient.h: No such file or directory
 #include <IOKit/storage/IODVDMediaBSDClient.h>
          ^~~~~~~~~~~~~~~~~~~~~~~~~~~~~~~~~~~~~
compilation terminated.
configure:13886: $? = 1
configure: failed program was:
| /* confdefs.h */
| #define PACKAGE_NAME "libdvdcss"
| #define PACKAGE_TARNAME "libdvdcss"
| #define PACKAGE_VERSION "1.4.2"
| #define PACKAGE_STRING "libdvdcss 1.4.2"
| #define PACKAGE_BUGREPORT ""
| #define PACKAGE_URL "https://www.videolan.org/developers/libdvdcss.html"
| #define PACKAGE "libdvdcss"
| #define VERSION "1.4.2"
| #define STDC_HEADERS 1
| #define HAVE_SYS_TYPES_H 1
| #define HAVE_SYS_STAT_H 1
| #define HAVE_STDLIB_H 1
| #define HAVE_STRING_H 1
| #define HAVE_MEMORY_H 1
| #define HAVE_STRINGS_H 1
| #define HAVE_INTTYPES_H 1
| #define HAVE_STDINT_H 1
| #define HAVE_UNISTD_H 1
| #define HAVE_DLFCN_H 1
| #define LT_OBJDIR ".libs/"
| #define STDC_HEADERS 1
| #define HAVE_UNISTD_H 1
| #define HAVE_SYS_PARAM_H 1
| #define HAVE_SYS_UIO_H 1
| #define HAVE_PWD_H 1
| #define HAVE_ERRNO_H 1
| #define HAVE_SYS_TYPES_H 1
| #define HAVE_SYS_STAT_H 1
| #define HAVE_FCNTL_H 1
| #define O_BINARY 0
| #define HAVE_SYS_IOCTL_H 1
| #define HAVE_LINUX_CDROM_H 1
| #define DVD_STRUCT_IN_LINUX_CDROM_H 1
| /* end confdefs.h.  */
| #include <IOKit/storage/IODVDMediaBSDClient.h>
configure:13886: result: no
configure:13886: checking for IOKit/storage/IODVDMediaBSDClient.h
configure:13886: result: no
configure:13922: checking if /usr/bin/cc supports -Wall flag
configure:13937: /usr/bin/cc -o conftest -DPLATFORM_SETTINGS_FILE=x11.xml -Wall  -I/home/eddie/Documents/kodi-build/build/libdvd/include -Wall   conftest.c  >&5
configure:13937: $? = 0
configure:13955: result: yes
configure:13922: checking if /usr/bin/cc supports -Wextra flag
configure:13937: /usr/bin/cc -o conftest -DPLATFORM_SETTINGS_FILE=x11.xml -Wall  -I/home/eddie/Documents/kodi-build/build/libdvd/include -Wall -Wextra   conftest.c  >&5
configure:13937: $? = 0
configure:13955: result: yes
configure:13965: checking for /usr/bin/cc way to treat warnings as errors
configure:13980: /usr/bin/cc -o conftest -DPLATFORM_SETTINGS_FILE=x11.xml -Wall  -I/home/eddie/Documents/kodi-build/build/libdvd/include -Wall -Wextra -Werror   conftest.c  >&5
configure:13980: $? = 0
configure:14025: result: -Werror
configure:14030: checking if /usr/bin/cc supports -fvisibility=hidden
configure:14047: /usr/bin/cc -o conftest -DPLATFORM_SETTINGS_FILE=x11.xml -Wall  -I/home/eddie/Documents/kodi-build/build/libdvd/include -Wall -Wextra -Werror -fvisibility=hidden   conftest.c  >&5
configure:14047: $? = 0
configure:14067: result: yes
configure:14078: checking if /usr/bin/cc supports __attribute__(( visibility("default") ))
configure:14089: /usr/bin/cc -c -DPLATFORM_SETTINGS_FILE=x11.xml -Wall  -I/home/eddie/Documents/kodi-build/build/libdvd/include -Wall -Wextra -Werror  conftest.c >&5
configure:14089: $? = 0
configure:14098: result: yes
configure:14195: checking for git
configure:14228: result: no
configure:14361: checking that generated files are newer than configure
configure:14367: result: done
configure:14410: creating ./config.status

## ---------------------- ##
## Running config.status. ##
## ---------------------- ##

This file was extended by libdvdcss config.status 1.4.2, which was
generated by GNU Autoconf 2.69.  Invocation command line was

  CONFIG_FILES    = 
  CONFIG_HEADERS  = 
  CONFIG_LINKS    = 
  CONFIG_COMMANDS = 
  $ ./config.status 

on EVPC

config.status:1123: creating Makefile
config.status:1123: creating libdvdcss.spec
config.status:1123: creating doc/doxygen.cfg
config.status:1123: creating src/libdvdcss.pc
config.status:1123: creating src/dvdcss/version.h
config.status:1123: creating config.h
config.status:1337: executing depfiles commands
config.status:1337: executing libtool commands

## ---------------- ##
## Cache variables. ##
## ---------------- ##

ac_cv_build=x86_64-pc-linux-gnu
ac_cv_c_compiler_gnu=yes
ac_cv_c_const=yes
ac_cv_c_inline=inline
ac_cv_env_CC_set=set
ac_cv_env_CC_value=/usr/bin/cc
ac_cv_env_CFLAGS_set=set
ac_cv_env_CFLAGS_value='-DPLATFORM_SETTINGS_FILE=x11.xml -Wall  -I/home/eddie/Documents/kodi-build/build/libdvd/include'
ac_cv_env_CPPFLAGS_set=
ac_cv_env_CPPFLAGS_value=
ac_cv_env_CPP_set=
ac_cv_env_CPP_value=
ac_cv_env_LDFLAGS_set=set
ac_cv_env_LDFLAGS_value=
ac_cv_env_LIBS_set=
ac_cv_env_LIBS_value=
ac_cv_env_LT_SYS_LIBRARY_PATH_set=
ac_cv_env_LT_SYS_LIBRARY_PATH_value=
ac_cv_env_build_alias_set=
ac_cv_env_build_alias_value=
ac_cv_env_host_alias_set=set
ac_cv_env_host_alias_value=x86_64-linux
ac_cv_env_target_alias_set=set
ac_cv_env_target_alias_value=x86_64-linux
ac_cv_have_decl_O_BINARY=no
ac_cv_header_IOKit_storage_IODVDMediaBSDClient_h=no
ac_cv_header_dlfcn_h=yes
ac_cv_header_dvd_h=no
ac_cv_header_errno_h=yes
ac_cv_header_fcntl_h=yes
ac_cv_header_inttypes_h=yes
ac_cv_header_io_h=no
ac_cv_header_linux_cdrom_h=yes
ac_cv_header_memory_h=yes
ac_cv_header_pwd_h=yes
ac_cv_header_stdc=yes
ac_cv_header_stdint_h=yes
ac_cv_header_stdlib_h=yes
ac_cv_header_string_h=yes
ac_cv_header_strings_h=yes
ac_cv_header_sys_cdio_h=no
ac_cv_header_sys_dvdio_h=no
ac_cv_header_sys_ioctl_h=yes
ac_cv_header_sys_param_h=yes
ac_cv_header_sys_scsi_scsi_types_h=no
ac_cv_header_sys_stat_h=yes
ac_cv_header_sys_types_h=yes
ac_cv_header_sys_uio_h=yes
ac_cv_header_unistd_h=yes
ac_cv_header_windows_h=no
ac_cv_host=x86_64-pc-linux-gnu
ac_cv_objext=o
ac_cv_path_EGREP='/bin/grep -E'
ac_cv_path_FGREP='/bin/grep -F'
ac_cv_path_GIT=
ac_cv_path_GREP=/bin/grep
ac_cv_path_SED=/bin/sed
ac_cv_path_install='/usr/bin/install -c'
ac_cv_path_lt_DD=/bin/dd
ac_cv_path_mkdir=/bin/mkdir
ac_cv_prog_AWK=gawk
ac_cv_prog_CC=/usr/bin/cc
ac_cv_prog_CPP='/usr/bin/cc -E'
ac_cv_prog_STRIP=strip
ac_cv_prog_ac_ct_AR=ar
ac_cv_prog_ac_ct_MANIFEST_TOOL=mt
ac_cv_prog_ac_ct_OBJDUMP=objdump
ac_cv_prog_ac_ct_RANLIB=ranlib
ac_cv_prog_ac_ct_STRIP=strip
ac_cv_prog_cc_c89=
ac_cv_prog_cc_g=yes
ac_cv_prog_make_make_set=yes
ac_cv_sys_file_offset_bits=no
ac_cv_sys_largefile_CC=no
ac_cv_type_size_t=yes
am_cv_CC_dependencies_compiler_type=gcc3
am_cv_make_support_nested_variables=yes
am_cv_prog_cc_c_o=yes
cc_cv_attribute_visibility_default=yes
cc_cv_cflags__Wall=yes
cc_cv_cflags__Werror=yes
cc_cv_cflags__Wextra=yes
cc_cv_cflags__fvisibility_hidden=yes
cc_cv_flag_visibility=yes
cc_cv_werror=-Werror
css_cv_mkdir_posix=yes
lt_cv_ar_at_file=@
lt_cv_deplibs_check_method=pass_all
lt_cv_file_magic_cmd='$MAGIC_CMD'
lt_cv_file_magic_test_file=
lt_cv_ld_reload_flag=-r
lt_cv_nm_interface='BSD nm'
lt_cv_objdir=.libs
lt_cv_path_LD=/usr/bin/ld
lt_cv_path_NM='/usr/bin/nm -B'
lt_cv_path_mainfest_tool=no
lt_cv_prog_compiler_c_o=yes
lt_cv_prog_compiler_pic='-fPIC -DPIC'
lt_cv_prog_compiler_pic_works=yes
lt_cv_prog_compiler_rtti_exceptions=no
lt_cv_prog_compiler_static_works=yes
lt_cv_prog_gnu_ld=yes
lt_cv_sharedlib_from_linklib_cmd='printf %s\n'
lt_cv_shlibpath_overrides_runpath=yes
lt_cv_sys_global_symbol_pipe='sed -n -e '\''s/^.*[	 ]\([ABCDGIRSTW][ABCDGIRSTW]*\)[	 ][	 ]*\([_A-Za-z][_A-Za-z0-9]*\)$/\1 \2 \2/p'\'' | sed '\''/ __gnu_lto/d'\'''
lt_cv_sys_global_symbol_to_c_name_address='sed -n -e '\''s/^: \(.*\) .*$/  {"\1", (void *) 0},/p'\'' -e '\''s/^[ABCDGIRSTW][ABCDGIRSTW]* .* \(.*\)$/  {"\1", (void *) \&\1},/p'\'''
lt_cv_sys_global_symbol_to_c_name_address_lib_prefix='sed -n -e '\''s/^: \(.*\) .*$/  {"\1", (void *) 0},/p'\'' -e '\''s/^[ABCDGIRSTW][ABCDGIRSTW]* .* \(lib.*\)$/  {"\1", (void *) \&\1},/p'\'' -e '\''s/^[ABCDGIRSTW][ABCDGIRSTW]* .* \(.*\)$/  {"lib\1", (void *) \&\1},/p'\'''
lt_cv_sys_global_symbol_to_cdecl='sed -n -e '\''s/^T .* \(.*\)$/extern int \1();/p'\'' -e '\''s/^[ABCDGIRSTW][ABCDGIRSTW]* .* \(.*\)$/extern char \1;/p'\'''
lt_cv_sys_global_symbol_to_import=
lt_cv_sys_max_cmd_len=1572864
lt_cv_to_host_file_cmd=func_convert_file_noop
lt_cv_to_tool_file_cmd=func_convert_file_noop
lt_cv_truncate_bin='/bin/dd bs=4096 count=1'

## ----------------- ##
## Output variables. ##
## ----------------- ##

ACLOCAL='${SHELL} /home/eddie/Documents/kodi-build/build/libdvd/src/dvdcss/missing aclocal-1.15'
AMDEPBACKSLASH='\'
AMDEP_FALSE='#'
AMDEP_TRUE=''
AMTAR='$${TAR-tar}'
AM_BACKSLASH='\'
AM_DEFAULT_V='$(AM_DEFAULT_VERBOSITY)'
AM_DEFAULT_VERBOSITY='0'
AM_V='$(V)'
APIDOC_FALSE=''
APIDOC_TRUE='#'
AR='ar'
AS='as'
AUTOCONF='${SHELL} /home/eddie/Documents/kodi-build/build/libdvd/src/dvdcss/missing autoconf'
AUTOHEADER='${SHELL} /home/eddie/Documents/kodi-build/build/libdvd/src/dvdcss/missing autoheader'
AUTOMAKE='${SHELL} /home/eddie/Documents/kodi-build/build/libdvd/src/dvdcss/missing automake-1.15'
AWK='gawk'
CC='/usr/bin/cc'
CCDEPMODE='depmode=gcc3'
CFLAGS='-DPLATFORM_SETTINGS_FILE=x11.xml -Wall  -I/home/eddie/Documents/kodi-build/build/libdvd/include -Wall -Wextra -fvisibility=hidden'
CPP='/usr/bin/cc -E'
CPPFLAGS=''
CYGPATH_W='echo'
DEFS='-DHAVE_CONFIG_H'
DEPDIR='.deps'
DLLTOOL='false'
DOXYGEN=''
DSYMUTIL=''
DUMPBIN=''
DVDCSS_LDFLAGS=''
DVDCSS_LTVERSION='4:0:2'
DVDCSS_VERSION_MAJOR='1'
DVDCSS_VERSION_MICRO='2'
DVDCSS_VERSION_MINOR='4'
ECHO_C=''
ECHO_N='-n'
ECHO_T=''
EGREP='/bin/grep -E'
EXEEXT=''
FGREP='/bin/grep -F'
GIT=''
GIT_FALSE=''
GIT_TRUE='#'
GREP='/bin/grep'
INSTALL_DATA='${INSTALL} -m 644'
INSTALL_PROGRAM='${INSTALL}'
INSTALL_SCRIPT='${INSTALL}'
INSTALL_STRIP_PROGRAM='$(install_sh) -c -s'
LD='/usr/bin/ld -m elf_x86_64'
LDFLAGS=''
LIBOBJS=''
LIBS=''
LIBTOOL='$(SHELL) $(top_builddir)/libtool'
LIPO=''
LN_S='ln -s'
LTLIBOBJS=''
LT_SYS_LIBRARY_PATH=''
MAINT=''
MAINTAINER_MODE_FALSE='#'
MAINTAINER_MODE_TRUE=''
MAKEINFO='${SHELL} /home/eddie/Documents/kodi-build/build/libdvd/src/dvdcss/missing makeinfo'
MANIFEST_TOOL=':'
MKDIR_P='/bin/mkdir -p'
NM='/usr/bin/nm -B'
NMEDIT=''
OBJDUMP='objdump'
OBJEXT='o'
OTOOL64=''
OTOOL=''
PACKAGE='libdvdcss'
PACKAGE_BUGREPORT=''
PACKAGE_NAME='libdvdcss'
PACKAGE_STRING='libdvdcss 1.4.2'
PACKAGE_TARNAME='libdvdcss'
PACKAGE_URL='https://www.videolan.org/developers/libdvdcss.html'
PACKAGE_VERSION='1.4.2'
PATH_SEPARATOR=':'
RANLIB='ranlib'
SED='/bin/sed'
SET_MAKE=''
SHELL='/bin/bash'
STRIP='strip'
SYS_MSVC_FALSE=''
SYS_MSVC_TRUE='#'
VERSION='1.4.2'
ac_ct_AR='ar'
ac_ct_CC=''
ac_ct_DUMPBIN=''
am__EXEEXT_FALSE=''
am__EXEEXT_TRUE='#'
am__fastdepCC_FALSE='#'
am__fastdepCC_TRUE=''
am__include='include'
am__isrc=' -I$(srcdir)'
am__leading_dot='.'
am__nodep='_no'
am__quote=''
am__tar='$${TAR-tar} chof - "$$tardir"'
am__untar='$${TAR-tar} xf -'
bindir='${exec_prefix}/bin'
build='x86_64-pc-linux-gnu'
build_alias=''
build_cpu='x86_64'
build_os='linux-gnu'
build_vendor='pc'
datadir='${datarootdir}'
datarootdir='${prefix}/share'
docdir='${datarootdir}/doc/${PACKAGE_TARNAME}'
dvidir='${docdir}'
exec_prefix='${prefix}'
host='x86_64-pc-linux-gnu'
host_alias='x86_64-linux'
host_cpu='x86_64'
host_os='linux-gnu'
host_vendor='pc'
htmldir='${docdir}'
includedir='${prefix}/include'
infodir='${datarootdir}/info'
install_sh='${SHELL} /home/eddie/Documents/kodi-build/build/libdvd/src/dvdcss/install-sh'
libdir='/home/eddie/Documents/kodi-build/build/libdvd/lib'
libexecdir='${exec_prefix}/libexec'
localedir='${datarootdir}/locale'
localstatedir='${prefix}/var'
mandir='${datarootdir}/man'
mkdir_p='$(MKDIR_P)'
oldincludedir='/usr/include'
pdfdir='${docdir}'
prefix='/home/eddie/Documents/kodi-build/build/libdvd'
program_transform_name='s,x,x,'
psdir='${docdir}'
runstatedir='${localstatedir}/run'
sbindir='${exec_prefix}/sbin'
sharedstatedir='${prefix}/com'
sysconfdir='${prefix}/etc'
target_alias='x86_64-linux'

## ----------- ##
## confdefs.h. ##
## ----------- ##

/* confdefs.h */
#define PACKAGE_NAME "libdvdcss"
#define PACKAGE_TARNAME "libdvdcss"
#define PACKAGE_VERSION "1.4.2"
#define PACKAGE_STRING "libdvdcss 1.4.2"
#define PACKAGE_BUGREPORT ""
#define PACKAGE_URL "https://www.videolan.org/developers/libdvdcss.html"
#define PACKAGE "libdvdcss"
#define VERSION "1.4.2"
#define STDC_HEADERS 1
#define HAVE_SYS_TYPES_H 1
#define HAVE_SYS_STAT_H 1
#define HAVE_STDLIB_H 1
#define HAVE_STRING_H 1
#define HAVE_MEMORY_H 1
#define HAVE_STRINGS_H 1
#define HAVE_INTTYPES_H 1
#define HAVE_STDINT_H 1
#define HAVE_UNISTD_H 1
#define HAVE_DLFCN_H 1
#define LT_OBJDIR ".libs/"
#define STDC_HEADERS 1
#define HAVE_UNISTD_H 1
#define HAVE_SYS_PARAM_H 1
#define HAVE_SYS_UIO_H 1
#define HAVE_PWD_H 1
#define HAVE_ERRNO_H 1
#define HAVE_SYS_TYPES_H 1
#define HAVE_SYS_STAT_H 1
#define HAVE_FCNTL_H 1
#define O_BINARY 0
#define HAVE_SYS_IOCTL_H 1
#define HAVE_LINUX_CDROM_H 1
#define DVD_STRUCT_IN_LINUX_CDROM_H 1
#define HAVE_LINUX_DVD_STRUCT 1
#define SUPPORT_FLAG_VISIBILITY 1
#define SUPPORT_ATTRIBUTE_VISIBILITY_DEFAULT 1

configure: exit 0
